2007.12.20 18:37 B C:\GMMD\Apache\htdocs\radio\js\tiny_mce\themes\advanced\jscripts\about.js --> www.radiospsp.com /js/tiny_mce/themes/advanced/jscripts about.js
2007.12.20 18:37 B C:\GMMD\Apache\htdocs\radio\js\tiny_mce\themes\advanced\jscripts\anchor.js --> www.radiospsp.com /js/tiny_mce/themes/advanced/jscripts anchor.js
2007.12.20 18:37 B C:\GMMD\Apache\htdocs\radio\js\tiny_mce\themes\advanced\jscripts\charmap.js --> www.radiospsp.com /js/tiny_mce/themes/advanced/jscripts charmap.js
2007.12.20 18:37 B C:\GMMD\Apache\htdocs\radio\js\tiny_mce\themes\advanced\jscripts\color_picker.js --> www.radiospsp.com /js/tiny_mce/themes/advanced/jscripts color_picker.js
2007.12.20 18:37 B C:\GMMD\Apache\htdocs\radio\js\tiny_mce\themes\advanced\jscripts\image.js --> www.radiospsp.com /js/tiny_mce/themes/advanced/jscripts image.js
2007.12.20 18:37 B C:\GMMD\Apache\htdocs\radio\js\tiny_mce\themes\advanced\jscripts\link.js --> www.radiospsp.com /js/tiny_mce/themes/advanced/jscripts link.js
2007.12.20 18:37 B C:\GMMD\Apache\htdocs\radio\js\tiny_mce\themes\advanced\jscripts\source_editor.js --> www.radiospsp.com /js/tiny_mce/themes/advanced/jscripts source_editor.js
2008.01.03 12:04 B C:\GMMD\Apache\htdocs\circuitmora\js\tiny_mce\themes\advanced\jscripts\about.js --> www.ribsys.com /circuit/js/tiny_mce/themes/advanced/jscripts about.js
2008.01.03 12:04 B C:\GMMD\Apache\htdocs\circuitmora\js\tiny_mce\themes\advanced\jscripts\anchor.js --> www.ribsys.com /circuit/js/tiny_mce/themes/advanced/jscripts anchor.js
2008.01.03 12:04 B C:\GMMD\Apache\htdocs\circuitmora\js\tiny_mce\themes\advanced\jscripts\charmap.js --> www.ribsys.com /circuit/js/tiny_mce/themes/advanced/jscripts charmap.js
2008.01.03 12:04 B C:\GMMD\Apache\htdocs\circuitmora\js\tiny_mce\themes\advanced\jscripts\color_picker.js --> www.ribsys.com /circuit/js/tiny_mce/themes/advanced/jscripts color_picker.js
2008.01.03 12:04 B C:\GMMD\Apache\htdocs\circuitmora\js\tiny_mce\themes\advanced\jscripts\image.js --> www.ribsys.com /circuit/js/tiny_mce/themes/advanced/jscripts image.js
2008.01.03 12:04 B C:\GMMD\Apache\htdocs\circuitmora\js\tiny_mce\themes\advanced\jscripts\link.js --> www.ribsys.com /circuit/js/tiny_mce/themes/advanced/jscripts link.js
2008.01.03 12:04 B C:\GMMD\Apache\htdocs\circuitmora\js\tiny_mce\themes\advanced\jscripts\source_editor.js --> www.ribsys.com /circuit/js/tiny_mce/themes/advanced/jscripts source_editor.js
2008.01.03 12:04 B C:\GMMD\Apache\htdocs\circuitmora\js\tiny_mce\themes\advanced\jscripts\WS_FTP.LOG --> www.ribsys.com /circuit/js/tiny_mce/themes/advanced/jscripts WS_FTP.LOG
2008.01.24 10:24 B C:\GMMD\Apache\htdocs\circuitmora\js\tiny_mce\themes\advanced\jscripts\about.js --> www.circuitmoradebre.com /public_html/web/js/tiny_mce/themes/advanced/jscripts about.js
2008.01.24 10:24 B C:\GMMD\Apache\htdocs\circuitmora\js\tiny_mce\themes\advanced\jscripts\anchor.js --> www.circuitmoradebre.com /public_html/web/js/tiny_mce/themes/advanced/jscripts anchor.js
2008.01.24 10:24 B C:\GMMD\Apache\htdocs\circuitmora\js\tiny_mce\themes\advanced\jscripts\charmap.js --> www.circuitmoradebre.com /public_html/web/js/tiny_mce/themes/advanced/jscripts charmap.js
2008.01.24 10:24 B C:\GMMD\Apache\htdocs\circuitmora\js\tiny_mce\themes\advanced\jscripts\color_picker.js --> www.circuitmoradebre.com /public_html/web/js/tiny_mce/themes/advanced/jscripts color_picker.js
2008.01.24 10:24 B C:\GMMD\Apache\htdocs\circuitmora\js\tiny_mce\themes\advanced\jscripts\image.js --> www.circuitmoradebre.com /public_html/web/js/tiny_mce/themes/advanced/jscripts image.js
2008.01.24 10:24 B C:\GMMD\Apache\htdocs\circuitmora\js\tiny_mce\themes\advanced\jscripts\link.js --> www.circuitmoradebre.com /public_html/web/js/tiny_mce/themes/advanced/jscripts link.js
2008.01.24 10:24 B C:\GMMD\Apache\htdocs\circuitmora\js\tiny_mce\themes\advanced\jscripts\source_editor.js --> www.circuitmoradebre.com /public_html/web/js/tiny_mce/themes/advanced/jscripts source_editor.js
2008.01.24 10:24 B C:\GMMD\Apache\htdocs\circuitmora\js\tiny_mce\themes\advanced\jscripts\WS_FTP.LOG --> www.circuitmoradebre.com /public_html/web/js/tiny_mce/themes/advanced/jscripts WS_FTP.LOG
2008.08.07 16:34 B C:\GMMD\Apache\htdocs\rs\js\tiny_mce\themes\advanced\jscripts\about.js --> www.ribsys.com /web/js/tiny_mce/themes/advanced/jscripts about.js
2008.08.07 16:34 B C:\GMMD\Apache\htdocs\rs\js\tiny_mce\themes\advanced\jscripts\anchor.js --> www.ribsys.com /web/js/tiny_mce/themes/advanced/jscripts anchor.js
2008.08.07 16:34 B C:\GMMD\Apache\htdocs\rs\js\tiny_mce\themes\advanced\jscripts\charmap.js --> www.ribsys.com /web/js/tiny_mce/themes/advanced/jscripts charmap.js
2008.08.07 16:34 B C:\GMMD\Apache\htdocs\rs\js\tiny_mce\themes\advanced\jscripts\color_picker.js --> www.ribsys.com /web/js/tiny_mce/themes/advanced/jscripts color_picker.js
2008.08.07 16:34 B C:\GMMD\Apache\htdocs\rs\js\tiny_mce\themes\advanced\jscripts\image.js --> www.ribsys.com /web/js/tiny_mce/themes/advanced/jscripts image.js
2008.08.07 16:34 B C:\GMMD\Apache\htdocs\rs\js\tiny_mce\themes\advanced\jscripts\link.js --> www.ribsys.com /web/js/tiny_mce/themes/advanced/jscripts link.js
2008.08.07 16:34 B C:\GMMD\Apache\htdocs\rs\js\tiny_mce\themes\advanced\jscripts\source_editor.js --> www.ribsys.com /web/js/tiny_mce/themes/advanced/jscripts source_editor.js
2008.08.07 16:34 B C:\GMMD\Apache\htdocs\rs\js\tiny_mce\themes\advanced\jscripts\WS_FTP.LOG --> www.ribsys.com /web/js/tiny_mce/themes/advanced/jscripts WS_FTP.LOG
