2007.12.20 18:35 B C:\GMMD\Apache\htdocs\radio\js\tiny_mce\plugins\table\cell.htm --> www.radiospsp.com /js/tiny_mce/plugins/table cell.htm
2007.12.20 18:35 B C:\GMMD\Apache\htdocs\radio\js\tiny_mce\plugins\table\editor_plugin.js --> www.radiospsp.com /js/tiny_mce/plugins/table editor_plugin.js
2007.12.20 18:35 B C:\GMMD\Apache\htdocs\radio\js\tiny_mce\plugins\table\editor_plugin_src.js --> www.radiospsp.com /js/tiny_mce/plugins/table editor_plugin_src.js
2007.12.20 18:35 B C:\GMMD\Apache\htdocs\radio\js\tiny_mce\plugins\table\merge_cells.htm --> www.radiospsp.com /js/tiny_mce/plugins/table merge_cells.htm
2007.12.20 18:35 B C:\GMMD\Apache\htdocs\radio\js\tiny_mce\plugins\table\readme.txt --> www.radiospsp.com /js/tiny_mce/plugins/table readme.txt
2007.12.20 18:35 B C:\GMMD\Apache\htdocs\radio\js\tiny_mce\plugins\table\row.htm --> www.radiospsp.com /js/tiny_mce/plugins/table row.htm
2007.12.20 18:35 B C:\GMMD\Apache\htdocs\radio\js\tiny_mce\plugins\table\table.htm --> www.radiospsp.com /js/tiny_mce/plugins/table table.htm
2008.01.03 12:02 B C:\GMMD\Apache\htdocs\circuitmora\js\tiny_mce\plugins\table\cell.htm --> www.ribsys.com /circuit/js/tiny_mce/plugins/table cell.htm
2008.01.03 12:02 B C:\GMMD\Apache\htdocs\circuitmora\js\tiny_mce\plugins\table\editor_plugin.js --> www.ribsys.com /circuit/js/tiny_mce/plugins/table editor_plugin.js
2008.01.03 12:02 B C:\GMMD\Apache\htdocs\circuitmora\js\tiny_mce\plugins\table\editor_plugin_src.js --> www.ribsys.com /circuit/js/tiny_mce/plugins/table editor_plugin_src.js
2008.01.03 12:02 B C:\GMMD\Apache\htdocs\circuitmora\js\tiny_mce\plugins\table\merge_cells.htm --> www.ribsys.com /circuit/js/tiny_mce/plugins/table merge_cells.htm
2008.01.03 12:02 B C:\GMMD\Apache\htdocs\circuitmora\js\tiny_mce\plugins\table\readme.txt --> www.ribsys.com /circuit/js/tiny_mce/plugins/table readme.txt
2008.01.03 12:02 B C:\GMMD\Apache\htdocs\circuitmora\js\tiny_mce\plugins\table\row.htm --> www.ribsys.com /circuit/js/tiny_mce/plugins/table row.htm
2008.01.03 12:02 B C:\GMMD\Apache\htdocs\circuitmora\js\tiny_mce\plugins\table\table.htm --> www.ribsys.com /circuit/js/tiny_mce/plugins/table table.htm
2008.01.03 12:02 B C:\GMMD\Apache\htdocs\circuitmora\js\tiny_mce\plugins\table\WS_FTP.LOG --> www.ribsys.com /circuit/js/tiny_mce/plugins/table WS_FTP.LOG
2008.01.24 10:19 B C:\GMMD\Apache\htdocs\circuitmora\js\tiny_mce\plugins\table\cell.htm --> www.circuitmoradebre.com /public_html/web/js/tiny_mce/plugins/table cell.htm
2008.01.24 10:19 B C:\GMMD\Apache\htdocs\circuitmora\js\tiny_mce\plugins\table\editor_plugin.js --> www.circuitmoradebre.com /public_html/web/js/tiny_mce/plugins/table editor_plugin.js
2008.01.24 10:20 B C:\GMMD\Apache\htdocs\circuitmora\js\tiny_mce\plugins\table\editor_plugin_src.js --> www.circuitmoradebre.com /public_html/web/js/tiny_mce/plugins/table editor_plugin_src.js
2008.01.24 10:20 B C:\GMMD\Apache\htdocs\circuitmora\js\tiny_mce\plugins\table\merge_cells.htm --> www.circuitmoradebre.com /public_html/web/js/tiny_mce/plugins/table merge_cells.htm
2008.01.24 10:20 B C:\GMMD\Apache\htdocs\circuitmora\js\tiny_mce\plugins\table\readme.txt --> www.circuitmoradebre.com /public_html/web/js/tiny_mce/plugins/table readme.txt
2008.01.24 10:20 B C:\GMMD\Apache\htdocs\circuitmora\js\tiny_mce\plugins\table\row.htm --> www.circuitmoradebre.com /public_html/web/js/tiny_mce/plugins/table row.htm
2008.01.24 10:20 B C:\GMMD\Apache\htdocs\circuitmora\js\tiny_mce\plugins\table\table.htm --> www.circuitmoradebre.com /public_html/web/js/tiny_mce/plugins/table table.htm
2008.01.24 10:20 B C:\GMMD\Apache\htdocs\circuitmora\js\tiny_mce\plugins\table\WS_FTP.LOG --> www.circuitmoradebre.com /public_html/web/js/tiny_mce/plugins/table WS_FTP.LOG
2008.08.07 16:32 B C:\GMMD\Apache\htdocs\rs\js\tiny_mce\plugins\table\cell.htm --> www.ribsys.com /web/js/tiny_mce/plugins/table cell.htm
2008.08.07 16:32 B C:\GMMD\Apache\htdocs\rs\js\tiny_mce\plugins\table\editor_plugin.js --> www.ribsys.com /web/js/tiny_mce/plugins/table editor_plugin.js
2008.08.07 16:32 B C:\GMMD\Apache\htdocs\rs\js\tiny_mce\plugins\table\editor_plugin_src.js --> www.ribsys.com /web/js/tiny_mce/plugins/table editor_plugin_src.js
2008.08.07 16:32 B C:\GMMD\Apache\htdocs\rs\js\tiny_mce\plugins\table\merge_cells.htm --> www.ribsys.com /web/js/tiny_mce/plugins/table merge_cells.htm
2008.08.07 16:32 B C:\GMMD\Apache\htdocs\rs\js\tiny_mce\plugins\table\readme.txt --> www.ribsys.com /web/js/tiny_mce/plugins/table readme.txt
2008.08.07 16:32 B C:\GMMD\Apache\htdocs\rs\js\tiny_mce\plugins\table\row.htm --> www.ribsys.com /web/js/tiny_mce/plugins/table row.htm
2008.08.07 16:32 B C:\GMMD\Apache\htdocs\rs\js\tiny_mce\plugins\table\table.htm --> www.ribsys.com /web/js/tiny_mce/plugins/table table.htm
2008.08.07 16:32 B C:\GMMD\Apache\htdocs\rs\js\tiny_mce\plugins\table\WS_FTP.LOG --> www.ribsys.com /web/js/tiny_mce/plugins/table WS_FTP.LOG
