2007.12.20 18:36 B C:\GMMD\Apache\htdocs\radio\js\tiny_mce\plugins\xhtmlxtras\jscripts\abbr.js --> www.radiospsp.com /js/tiny_mce/plugins/xhtmlxtras/jscripts abbr.js
2007.12.20 18:36 B C:\GMMD\Apache\htdocs\radio\js\tiny_mce\plugins\xhtmlxtras\jscripts\acronym.js --> www.radiospsp.com /js/tiny_mce/plugins/xhtmlxtras/jscripts acronym.js
2007.12.20 18:36 B C:\GMMD\Apache\htdocs\radio\js\tiny_mce\plugins\xhtmlxtras\jscripts\attributes.js --> www.radiospsp.com /js/tiny_mce/plugins/xhtmlxtras/jscripts attributes.js
2007.12.20 18:36 B C:\GMMD\Apache\htdocs\radio\js\tiny_mce\plugins\xhtmlxtras\jscripts\cite.js --> www.radiospsp.com /js/tiny_mce/plugins/xhtmlxtras/jscripts cite.js
2007.12.20 18:36 B C:\GMMD\Apache\htdocs\radio\js\tiny_mce\plugins\xhtmlxtras\jscripts\del.js --> www.radiospsp.com /js/tiny_mce/plugins/xhtmlxtras/jscripts del.js
2007.12.20 18:36 B C:\GMMD\Apache\htdocs\radio\js\tiny_mce\plugins\xhtmlxtras\jscripts\element_common.js --> www.radiospsp.com /js/tiny_mce/plugins/xhtmlxtras/jscripts element_common.js
2007.12.20 18:36 B C:\GMMD\Apache\htdocs\radio\js\tiny_mce\plugins\xhtmlxtras\jscripts\ins.js --> www.radiospsp.com /js/tiny_mce/plugins/xhtmlxtras/jscripts ins.js
2008.01.03 12:03 B C:\GMMD\Apache\htdocs\circuitmora\js\tiny_mce\plugins\xhtmlxtras\jscripts\abbr.js --> www.ribsys.com /circuit/js/tiny_mce/plugins/xhtmlxtras/jscripts abbr.js
2008.01.03 12:03 B C:\GMMD\Apache\htdocs\circuitmora\js\tiny_mce\plugins\xhtmlxtras\jscripts\acronym.js --> www.ribsys.com /circuit/js/tiny_mce/plugins/xhtmlxtras/jscripts acronym.js
2008.01.03 12:03 B C:\GMMD\Apache\htdocs\circuitmora\js\tiny_mce\plugins\xhtmlxtras\jscripts\attributes.js --> www.ribsys.com /circuit/js/tiny_mce/plugins/xhtmlxtras/jscripts attributes.js
2008.01.03 12:03 B C:\GMMD\Apache\htdocs\circuitmora\js\tiny_mce\plugins\xhtmlxtras\jscripts\cite.js --> www.ribsys.com /circuit/js/tiny_mce/plugins/xhtmlxtras/jscripts cite.js
2008.01.03 12:03 B C:\GMMD\Apache\htdocs\circuitmora\js\tiny_mce\plugins\xhtmlxtras\jscripts\del.js --> www.ribsys.com /circuit/js/tiny_mce/plugins/xhtmlxtras/jscripts del.js
2008.01.03 12:03 B C:\GMMD\Apache\htdocs\circuitmora\js\tiny_mce\plugins\xhtmlxtras\jscripts\element_common.js --> www.ribsys.com /circuit/js/tiny_mce/plugins/xhtmlxtras/jscripts element_common.js
2008.01.03 12:03 B C:\GMMD\Apache\htdocs\circuitmora\js\tiny_mce\plugins\xhtmlxtras\jscripts\ins.js --> www.ribsys.com /circuit/js/tiny_mce/plugins/xhtmlxtras/jscripts ins.js
2008.01.03 12:03 B C:\GMMD\Apache\htdocs\circuitmora\js\tiny_mce\plugins\xhtmlxtras\jscripts\WS_FTP.LOG --> www.ribsys.com /circuit/js/tiny_mce/plugins/xhtmlxtras/jscripts WS_FTP.LOG
2008.01.24 10:21 B C:\GMMD\Apache\htdocs\circuitmora\js\tiny_mce\plugins\xhtmlxtras\jscripts\abbr.js --> www.circuitmoradebre.com /public_html/web/js/tiny_mce/plugins/xhtmlxtras/jscripts abbr.js
2008.01.24 10:21 B C:\GMMD\Apache\htdocs\circuitmora\js\tiny_mce\plugins\xhtmlxtras\jscripts\acronym.js --> www.circuitmoradebre.com /public_html/web/js/tiny_mce/plugins/xhtmlxtras/jscripts acronym.js
2008.01.24 10:21 B C:\GMMD\Apache\htdocs\circuitmora\js\tiny_mce\plugins\xhtmlxtras\jscripts\attributes.js --> www.circuitmoradebre.com /public_html/web/js/tiny_mce/plugins/xhtmlxtras/jscripts attributes.js
2008.01.24 10:21 B C:\GMMD\Apache\htdocs\circuitmora\js\tiny_mce\plugins\xhtmlxtras\jscripts\cite.js --> www.circuitmoradebre.com /public_html/web/js/tiny_mce/plugins/xhtmlxtras/jscripts cite.js
2008.01.24 10:21 B C:\GMMD\Apache\htdocs\circuitmora\js\tiny_mce\plugins\xhtmlxtras\jscripts\del.js --> www.circuitmoradebre.com /public_html/web/js/tiny_mce/plugins/xhtmlxtras/jscripts del.js
2008.01.24 10:21 B C:\GMMD\Apache\htdocs\circuitmora\js\tiny_mce\plugins\xhtmlxtras\jscripts\element_common.js --> www.circuitmoradebre.com /public_html/web/js/tiny_mce/plugins/xhtmlxtras/jscripts element_common.js
2008.01.24 10:21 B C:\GMMD\Apache\htdocs\circuitmora\js\tiny_mce\plugins\xhtmlxtras\jscripts\ins.js --> www.circuitmoradebre.com /public_html/web/js/tiny_mce/plugins/xhtmlxtras/jscripts ins.js
2008.01.24 10:21 B C:\GMMD\Apache\htdocs\circuitmora\js\tiny_mce\plugins\xhtmlxtras\jscripts\WS_FTP.LOG --> www.circuitmoradebre.com /public_html/web/js/tiny_mce/plugins/xhtmlxtras/jscripts WS_FTP.LOG
2008.08.07 16:33 B C:\GMMD\Apache\htdocs\rs\js\tiny_mce\plugins\xhtmlxtras\jscripts\abbr.js --> www.ribsys.com /web/js/tiny_mce/plugins/xhtmlxtras/jscripts abbr.js
2008.08.07 16:33 B C:\GMMD\Apache\htdocs\rs\js\tiny_mce\plugins\xhtmlxtras\jscripts\acronym.js --> www.ribsys.com /web/js/tiny_mce/plugins/xhtmlxtras/jscripts acronym.js
2008.08.07 16:33 B C:\GMMD\Apache\htdocs\rs\js\tiny_mce\plugins\xhtmlxtras\jscripts\attributes.js --> www.ribsys.com /web/js/tiny_mce/plugins/xhtmlxtras/jscripts attributes.js
2008.08.07 16:33 B C:\GMMD\Apache\htdocs\rs\js\tiny_mce\plugins\xhtmlxtras\jscripts\cite.js --> www.ribsys.com /web/js/tiny_mce/plugins/xhtmlxtras/jscripts cite.js
2008.08.07 16:33 B C:\GMMD\Apache\htdocs\rs\js\tiny_mce\plugins\xhtmlxtras\jscripts\del.js --> www.ribsys.com /web/js/tiny_mce/plugins/xhtmlxtras/jscripts del.js
2008.08.07 16:33 B C:\GMMD\Apache\htdocs\rs\js\tiny_mce\plugins\xhtmlxtras\jscripts\element_common.js --> www.ribsys.com /web/js/tiny_mce/plugins/xhtmlxtras/jscripts element_common.js
2008.08.07 16:33 B C:\GMMD\Apache\htdocs\rs\js\tiny_mce\plugins\xhtmlxtras\jscripts\ins.js --> www.ribsys.com /web/js/tiny_mce/plugins/xhtmlxtras/jscripts ins.js
2008.08.07 16:33 B C:\GMMD\Apache\htdocs\rs\js\tiny_mce\plugins\xhtmlxtras\jscripts\WS_FTP.LOG --> www.ribsys.com /web/js/tiny_mce/plugins/xhtmlxtras/jscripts WS_FTP.LOG
