2007.12.20 18:37 B C:\GMMD\Apache\htdocs\radio\js\tiny_mce\themes\simple\images\bold.gif --> www.radiospsp.com /js/tiny_mce/themes/simple/images bold.gif
2007.12.20 18:37 B C:\GMMD\Apache\htdocs\radio\js\tiny_mce\themes\simple\images\bold_de_se.gif --> www.radiospsp.com /js/tiny_mce/themes/simple/images bold_de_se.gif
2007.12.20 18:37 B C:\GMMD\Apache\htdocs\radio\js\tiny_mce\themes\simple\images\bold_fr.gif --> www.radiospsp.com /js/tiny_mce/themes/simple/images bold_fr.gif
2007.12.20 18:38 B C:\GMMD\Apache\htdocs\radio\js\tiny_mce\themes\simple\images\bold_ru.gif --> www.radiospsp.com /js/tiny_mce/themes/simple/images bold_ru.gif
2007.12.20 18:38 B C:\GMMD\Apache\htdocs\radio\js\tiny_mce\themes\simple\images\bold_tw.gif --> www.radiospsp.com /js/tiny_mce/themes/simple/images bold_tw.gif
2007.12.20 18:38 B C:\GMMD\Apache\htdocs\radio\js\tiny_mce\themes\simple\images\bullist.gif --> www.radiospsp.com /js/tiny_mce/themes/simple/images bullist.gif
2007.12.20 18:38 B C:\GMMD\Apache\htdocs\radio\js\tiny_mce\themes\simple\images\buttons.gif --> www.radiospsp.com /js/tiny_mce/themes/simple/images buttons.gif
2007.12.20 18:38 B C:\GMMD\Apache\htdocs\radio\js\tiny_mce\themes\simple\images\cleanup.gif --> www.radiospsp.com /js/tiny_mce/themes/simple/images cleanup.gif
2007.12.20 18:38 B C:\GMMD\Apache\htdocs\radio\js\tiny_mce\themes\simple\images\italic.gif --> www.radiospsp.com /js/tiny_mce/themes/simple/images italic.gif
2007.12.20 18:38 B C:\GMMD\Apache\htdocs\radio\js\tiny_mce\themes\simple\images\italic_de_se.gif --> www.radiospsp.com /js/tiny_mce/themes/simple/images italic_de_se.gif
2007.12.20 18:38 B C:\GMMD\Apache\htdocs\radio\js\tiny_mce\themes\simple\images\italic_ru.gif --> www.radiospsp.com /js/tiny_mce/themes/simple/images italic_ru.gif
2007.12.20 18:38 B C:\GMMD\Apache\htdocs\radio\js\tiny_mce\themes\simple\images\italic_tw.gif --> www.radiospsp.com /js/tiny_mce/themes/simple/images italic_tw.gif
2007.12.20 18:38 B C:\GMMD\Apache\htdocs\radio\js\tiny_mce\themes\simple\images\numlist.gif --> www.radiospsp.com /js/tiny_mce/themes/simple/images numlist.gif
2007.12.20 18:38 B C:\GMMD\Apache\htdocs\radio\js\tiny_mce\themes\simple\images\redo.gif --> www.radiospsp.com /js/tiny_mce/themes/simple/images redo.gif
2007.12.20 18:38 B C:\GMMD\Apache\htdocs\radio\js\tiny_mce\themes\simple\images\separator.gif --> www.radiospsp.com /js/tiny_mce/themes/simple/images separator.gif
2007.12.20 18:38 B C:\GMMD\Apache\htdocs\radio\js\tiny_mce\themes\simple\images\spacer.gif --> www.radiospsp.com /js/tiny_mce/themes/simple/images spacer.gif
2007.12.20 18:38 B C:\GMMD\Apache\htdocs\radio\js\tiny_mce\themes\simple\images\strikethrough.gif --> www.radiospsp.com /js/tiny_mce/themes/simple/images strikethrough.gif
2007.12.20 18:38 B C:\GMMD\Apache\htdocs\radio\js\tiny_mce\themes\simple\images\underline.gif --> www.radiospsp.com /js/tiny_mce/themes/simple/images underline.gif
2007.12.20 18:38 B C:\GMMD\Apache\htdocs\radio\js\tiny_mce\themes\simple\images\underline_fr.gif --> www.radiospsp.com /js/tiny_mce/themes/simple/images underline_fr.gif
2007.12.20 18:38 B C:\GMMD\Apache\htdocs\radio\js\tiny_mce\themes\simple\images\underline_ru.gif --> www.radiospsp.com /js/tiny_mce/themes/simple/images underline_ru.gif
2007.12.20 18:38 B C:\GMMD\Apache\htdocs\radio\js\tiny_mce\themes\simple\images\underline_tw.gif --> www.radiospsp.com /js/tiny_mce/themes/simple/images underline_tw.gif
2007.12.20 18:38 B C:\GMMD\Apache\htdocs\radio\js\tiny_mce\themes\simple\images\undo.gif --> www.radiospsp.com /js/tiny_mce/themes/simple/images undo.gif
2008.01.03 12:05 B C:\GMMD\Apache\htdocs\circuitmora\js\tiny_mce\themes\simple\images\bold.gif --> www.ribsys.com /circuit/js/tiny_mce/themes/simple/images bold.gif
2008.01.03 12:05 B C:\GMMD\Apache\htdocs\circuitmora\js\tiny_mce\themes\simple\images\bold_de_se.gif --> www.ribsys.com /circuit/js/tiny_mce/themes/simple/images bold_de_se.gif
2008.01.03 12:05 B C:\GMMD\Apache\htdocs\circuitmora\js\tiny_mce\themes\simple\images\bold_fr.gif --> www.ribsys.com /circuit/js/tiny_mce/themes/simple/images bold_fr.gif
2008.01.03 12:05 B C:\GMMD\Apache\htdocs\circuitmora\js\tiny_mce\themes\simple\images\bold_ru.gif --> www.ribsys.com /circuit/js/tiny_mce/themes/simple/images bold_ru.gif
2008.01.03 12:05 B C:\GMMD\Apache\htdocs\circuitmora\js\tiny_mce\themes\simple\images\bold_tw.gif --> www.ribsys.com /circuit/js/tiny_mce/themes/simple/images bold_tw.gif
2008.01.03 12:05 B C:\GMMD\Apache\htdocs\circuitmora\js\tiny_mce\themes\simple\images\bullist.gif --> www.ribsys.com /circuit/js/tiny_mce/themes/simple/images bullist.gif
2008.01.03 12:05 B C:\GMMD\Apache\htdocs\circuitmora\js\tiny_mce\themes\simple\images\buttons.gif --> www.ribsys.com /circuit/js/tiny_mce/themes/simple/images buttons.gif
2008.01.03 12:05 B C:\GMMD\Apache\htdocs\circuitmora\js\tiny_mce\themes\simple\images\cleanup.gif --> www.ribsys.com /circuit/js/tiny_mce/themes/simple/images cleanup.gif
2008.01.03 12:05 B C:\GMMD\Apache\htdocs\circuitmora\js\tiny_mce\themes\simple\images\italic.gif --> www.ribsys.com /circuit/js/tiny_mce/themes/simple/images italic.gif
2008.01.03 12:05 B C:\GMMD\Apache\htdocs\circuitmora\js\tiny_mce\themes\simple\images\italic_de_se.gif --> www.ribsys.com /circuit/js/tiny_mce/themes/simple/images italic_de_se.gif
2008.01.03 12:05 B C:\GMMD\Apache\htdocs\circuitmora\js\tiny_mce\themes\simple\images\italic_ru.gif --> www.ribsys.com /circuit/js/tiny_mce/themes/simple/images italic_ru.gif
2008.01.03 12:05 B C:\GMMD\Apache\htdocs\circuitmora\js\tiny_mce\themes\simple\images\italic_tw.gif --> www.ribsys.com /circuit/js/tiny_mce/themes/simple/images italic_tw.gif
2008.01.03 12:05 B C:\GMMD\Apache\htdocs\circuitmora\js\tiny_mce\themes\simple\images\numlist.gif --> www.ribsys.com /circuit/js/tiny_mce/themes/simple/images numlist.gif
2008.01.03 12:05 B C:\GMMD\Apache\htdocs\circuitmora\js\tiny_mce\themes\simple\images\redo.gif --> www.ribsys.com /circuit/js/tiny_mce/themes/simple/images redo.gif
2008.01.03 12:05 B C:\GMMD\Apache\htdocs\circuitmora\js\tiny_mce\themes\simple\images\separator.gif --> www.ribsys.com /circuit/js/tiny_mce/themes/simple/images separator.gif
2008.01.03 12:05 B C:\GMMD\Apache\htdocs\circuitmora\js\tiny_mce\themes\simple\images\spacer.gif --> www.ribsys.com /circuit/js/tiny_mce/themes/simple/images spacer.gif
2008.01.03 12:05 B C:\GMMD\Apache\htdocs\circuitmora\js\tiny_mce\themes\simple\images\strikethrough.gif --> www.ribsys.com /circuit/js/tiny_mce/themes/simple/images strikethrough.gif
2008.01.03 12:05 B C:\GMMD\Apache\htdocs\circuitmora\js\tiny_mce\themes\simple\images\underline.gif --> www.ribsys.com /circuit/js/tiny_mce/themes/simple/images underline.gif
2008.01.03 12:05 B C:\GMMD\Apache\htdocs\circuitmora\js\tiny_mce\themes\simple\images\underline_fr.gif --> www.ribsys.com /circuit/js/tiny_mce/themes/simple/images underline_fr.gif
2008.01.03 12:05 B C:\GMMD\Apache\htdocs\circuitmora\js\tiny_mce\themes\simple\images\underline_ru.gif --> www.ribsys.com /circuit/js/tiny_mce/themes/simple/images underline_ru.gif
2008.01.03 12:05 B C:\GMMD\Apache\htdocs\circuitmora\js\tiny_mce\themes\simple\images\underline_tw.gif --> www.ribsys.com /circuit/js/tiny_mce/themes/simple/images underline_tw.gif
2008.01.03 12:05 B C:\GMMD\Apache\htdocs\circuitmora\js\tiny_mce\themes\simple\images\undo.gif --> www.ribsys.com /circuit/js/tiny_mce/themes/simple/images undo.gif
2008.01.03 12:05 B C:\GMMD\Apache\htdocs\circuitmora\js\tiny_mce\themes\simple\images\WS_FTP.LOG --> www.ribsys.com /circuit/js/tiny_mce/themes/simple/images WS_FTP.LOG
2008.01.24 10:25 B C:\GMMD\Apache\htdocs\circuitmora\js\tiny_mce\themes\simple\images\bold.gif --> www.circuitmoradebre.com /public_html/web/js/tiny_mce/themes/simple/images bold.gif
2008.01.24 10:25 B C:\GMMD\Apache\htdocs\circuitmora\js\tiny_mce\themes\simple\images\bold_de_se.gif --> www.circuitmoradebre.com /public_html/web/js/tiny_mce/themes/simple/images bold_de_se.gif
2008.01.24 10:25 B C:\GMMD\Apache\htdocs\circuitmora\js\tiny_mce\themes\simple\images\bold_fr.gif --> www.circuitmoradebre.com /public_html/web/js/tiny_mce/themes/simple/images bold_fr.gif
2008.01.24 10:25 B C:\GMMD\Apache\htdocs\circuitmora\js\tiny_mce\themes\simple\images\bold_ru.gif --> www.circuitmoradebre.com /public_html/web/js/tiny_mce/themes/simple/images bold_ru.gif
2008.01.24 10:25 B C:\GMMD\Apache\htdocs\circuitmora\js\tiny_mce\themes\simple\images\bold_tw.gif --> www.circuitmoradebre.com /public_html/web/js/tiny_mce/themes/simple/images bold_tw.gif
2008.01.24 10:25 B C:\GMMD\Apache\htdocs\circuitmora\js\tiny_mce\themes\simple\images\bullist.gif --> www.circuitmoradebre.com /public_html/web/js/tiny_mce/themes/simple/images bullist.gif
2008.01.24 10:25 B C:\GMMD\Apache\htdocs\circuitmora\js\tiny_mce\themes\simple\images\buttons.gif --> www.circuitmoradebre.com /public_html/web/js/tiny_mce/themes/simple/images buttons.gif
2008.01.24 10:25 B C:\GMMD\Apache\htdocs\circuitmora\js\tiny_mce\themes\simple\images\cleanup.gif --> www.circuitmoradebre.com /public_html/web/js/tiny_mce/themes/simple/images cleanup.gif
2008.01.24 10:25 B C:\GMMD\Apache\htdocs\circuitmora\js\tiny_mce\themes\simple\images\italic.gif --> www.circuitmoradebre.com /public_html/web/js/tiny_mce/themes/simple/images italic.gif
2008.01.24 10:25 B C:\GMMD\Apache\htdocs\circuitmora\js\tiny_mce\themes\simple\images\italic_de_se.gif --> www.circuitmoradebre.com /public_html/web/js/tiny_mce/themes/simple/images italic_de_se.gif
2008.01.24 10:25 B C:\GMMD\Apache\htdocs\circuitmora\js\tiny_mce\themes\simple\images\italic_ru.gif --> www.circuitmoradebre.com /public_html/web/js/tiny_mce/themes/simple/images italic_ru.gif
2008.01.24 10:25 B C:\GMMD\Apache\htdocs\circuitmora\js\tiny_mce\themes\simple\images\italic_tw.gif --> www.circuitmoradebre.com /public_html/web/js/tiny_mce/themes/simple/images italic_tw.gif
2008.01.24 10:25 B C:\GMMD\Apache\htdocs\circuitmora\js\tiny_mce\themes\simple\images\numlist.gif --> www.circuitmoradebre.com /public_html/web/js/tiny_mce/themes/simple/images numlist.gif
2008.01.24 10:25 B C:\GMMD\Apache\htdocs\circuitmora\js\tiny_mce\themes\simple\images\redo.gif --> www.circuitmoradebre.com /public_html/web/js/tiny_mce/themes/simple/images redo.gif
2008.01.24 10:25 B C:\GMMD\Apache\htdocs\circuitmora\js\tiny_mce\themes\simple\images\separator.gif --> www.circuitmoradebre.com /public_html/web/js/tiny_mce/themes/simple/images separator.gif
2008.01.24 10:25 B C:\GMMD\Apache\htdocs\circuitmora\js\tiny_mce\themes\simple\images\spacer.gif --> www.circuitmoradebre.com /public_html/web/js/tiny_mce/themes/simple/images spacer.gif
2008.01.24 10:25 B C:\GMMD\Apache\htdocs\circuitmora\js\tiny_mce\themes\simple\images\strikethrough.gif --> www.circuitmoradebre.com /public_html/web/js/tiny_mce/themes/simple/images strikethrough.gif
2008.01.24 10:25 B C:\GMMD\Apache\htdocs\circuitmora\js\tiny_mce\themes\simple\images\underline.gif --> www.circuitmoradebre.com /public_html/web/js/tiny_mce/themes/simple/images underline.gif
2008.01.24 10:25 B C:\GMMD\Apache\htdocs\circuitmora\js\tiny_mce\themes\simple\images\underline_fr.gif --> www.circuitmoradebre.com /public_html/web/js/tiny_mce/themes/simple/images underline_fr.gif
2008.01.24 10:25 B C:\GMMD\Apache\htdocs\circuitmora\js\tiny_mce\themes\simple\images\underline_ru.gif --> www.circuitmoradebre.com /public_html/web/js/tiny_mce/themes/simple/images underline_ru.gif
2008.01.24 10:25 B C:\GMMD\Apache\htdocs\circuitmora\js\tiny_mce\themes\simple\images\underline_tw.gif --> www.circuitmoradebre.com /public_html/web/js/tiny_mce/themes/simple/images underline_tw.gif
2008.01.24 10:25 B C:\GMMD\Apache\htdocs\circuitmora\js\tiny_mce\themes\simple\images\undo.gif --> www.circuitmoradebre.com /public_html/web/js/tiny_mce/themes/simple/images undo.gif
2008.01.24 10:25 B C:\GMMD\Apache\htdocs\circuitmora\js\tiny_mce\themes\simple\images\WS_FTP.LOG --> www.circuitmoradebre.com /public_html/web/js/tiny_mce/themes/simple/images WS_FTP.LOG
2008.08.07 16:35 B C:\GMMD\Apache\htdocs\rs\js\tiny_mce\themes\simple\images\bold.gif --> www.ribsys.com /web/js/tiny_mce/themes/simple/images bold.gif
2008.08.07 16:35 B C:\GMMD\Apache\htdocs\rs\js\tiny_mce\themes\simple\images\bold_de_se.gif --> www.ribsys.com /web/js/tiny_mce/themes/simple/images bold_de_se.gif
2008.08.07 16:35 B C:\GMMD\Apache\htdocs\rs\js\tiny_mce\themes\simple\images\bold_fr.gif --> www.ribsys.com /web/js/tiny_mce/themes/simple/images bold_fr.gif
2008.08.07 16:35 B C:\GMMD\Apache\htdocs\rs\js\tiny_mce\themes\simple\images\bold_ru.gif --> www.ribsys.com /web/js/tiny_mce/themes/simple/images bold_ru.gif
2008.08.07 16:35 B C:\GMMD\Apache\htdocs\rs\js\tiny_mce\themes\simple\images\bold_tw.gif --> www.ribsys.com /web/js/tiny_mce/themes/simple/images bold_tw.gif
2008.08.07 16:35 B C:\GMMD\Apache\htdocs\rs\js\tiny_mce\themes\simple\images\bullist.gif --> www.ribsys.com /web/js/tiny_mce/themes/simple/images bullist.gif
2008.08.07 16:35 B C:\GMMD\Apache\htdocs\rs\js\tiny_mce\themes\simple\images\buttons.gif --> www.ribsys.com /web/js/tiny_mce/themes/simple/images buttons.gif
2008.08.07 16:35 B C:\GMMD\Apache\htdocs\rs\js\tiny_mce\themes\simple\images\cleanup.gif --> www.ribsys.com /web/js/tiny_mce/themes/simple/images cleanup.gif
2008.08.07 16:35 B C:\GMMD\Apache\htdocs\rs\js\tiny_mce\themes\simple\images\italic.gif --> www.ribsys.com /web/js/tiny_mce/themes/simple/images italic.gif
2008.08.07 16:35 B C:\GMMD\Apache\htdocs\rs\js\tiny_mce\themes\simple\images\italic_de_se.gif --> www.ribsys.com /web/js/tiny_mce/themes/simple/images italic_de_se.gif
2008.08.07 16:35 B C:\GMMD\Apache\htdocs\rs\js\tiny_mce\themes\simple\images\italic_ru.gif --> www.ribsys.com /web/js/tiny_mce/themes/simple/images italic_ru.gif
2008.08.07 16:35 B C:\GMMD\Apache\htdocs\rs\js\tiny_mce\themes\simple\images\italic_tw.gif --> www.ribsys.com /web/js/tiny_mce/themes/simple/images italic_tw.gif
2008.08.07 16:35 B C:\GMMD\Apache\htdocs\rs\js\tiny_mce\themes\simple\images\numlist.gif --> www.ribsys.com /web/js/tiny_mce/themes/simple/images numlist.gif
2008.08.07 16:35 B C:\GMMD\Apache\htdocs\rs\js\tiny_mce\themes\simple\images\redo.gif --> www.ribsys.com /web/js/tiny_mce/themes/simple/images redo.gif
2008.08.07 16:35 B C:\GMMD\Apache\htdocs\rs\js\tiny_mce\themes\simple\images\separator.gif --> www.ribsys.com /web/js/tiny_mce/themes/simple/images separator.gif
2008.08.07 16:35 B C:\GMMD\Apache\htdocs\rs\js\tiny_mce\themes\simple\images\spacer.gif --> www.ribsys.com /web/js/tiny_mce/themes/simple/images spacer.gif
2008.08.07 16:35 B C:\GMMD\Apache\htdocs\rs\js\tiny_mce\themes\simple\images\strikethrough.gif --> www.ribsys.com /web/js/tiny_mce/themes/simple/images strikethrough.gif
2008.08.07 16:35 B C:\GMMD\Apache\htdocs\rs\js\tiny_mce\themes\simple\images\underline.gif --> www.ribsys.com /web/js/tiny_mce/themes/simple/images underline.gif
2008.08.07 16:35 B C:\GMMD\Apache\htdocs\rs\js\tiny_mce\themes\simple\images\underline_fr.gif --> www.ribsys.com /web/js/tiny_mce/themes/simple/images underline_fr.gif
2008.08.07 16:35 B C:\GMMD\Apache\htdocs\rs\js\tiny_mce\themes\simple\images\underline_ru.gif --> www.ribsys.com /web/js/tiny_mce/themes/simple/images underline_ru.gif
2008.08.07 16:35 B C:\GMMD\Apache\htdocs\rs\js\tiny_mce\themes\simple\images\underline_tw.gif --> www.ribsys.com /web/js/tiny_mce/themes/simple/images underline_tw.gif
2008.08.07 16:35 B C:\GMMD\Apache\htdocs\rs\js\tiny_mce\themes\simple\images\undo.gif --> www.ribsys.com /web/js/tiny_mce/themes/simple/images undo.gif
2008.08.07 16:35 B C:\GMMD\Apache\htdocs\rs\js\tiny_mce\themes\simple\images\WS_FTP.LOG --> www.ribsys.com /web/js/tiny_mce/themes/simple/images WS_FTP.LOG
