2007.12.20 18:37 B C:\GMMD\Apache\htdocs\radio\js\tiny_mce\themes\advanced\images\xp\tab_bg.gif --> www.radiospsp.com /js/tiny_mce/themes/advanced/images/xp tab_bg.gif
2007.12.20 18:37 B C:\GMMD\Apache\htdocs\radio\js\tiny_mce\themes\advanced\images\xp\tab_end.gif --> www.radiospsp.com /js/tiny_mce/themes/advanced/images/xp tab_end.gif
2007.12.20 18:37 B C:\GMMD\Apache\htdocs\radio\js\tiny_mce\themes\advanced\images\xp\tab_sel_bg.gif --> www.radiospsp.com /js/tiny_mce/themes/advanced/images/xp tab_sel_bg.gif
2007.12.20 18:37 B C:\GMMD\Apache\htdocs\radio\js\tiny_mce\themes\advanced\images\xp\tab_sel_end.gif --> www.radiospsp.com /js/tiny_mce/themes/advanced/images/xp tab_sel_end.gif
2007.12.20 18:37 B C:\GMMD\Apache\htdocs\radio\js\tiny_mce\themes\advanced\images\xp\tabs_bg.gif --> www.radiospsp.com /js/tiny_mce/themes/advanced/images/xp tabs_bg.gif
2008.01.03 12:04 B C:\GMMD\Apache\htdocs\circuitmora\js\tiny_mce\themes\advanced\images\xp\tab_bg.gif --> www.ribsys.com /circuit/js/tiny_mce/themes/advanced/images/xp tab_bg.gif
2008.01.03 12:04 B C:\GMMD\Apache\htdocs\circuitmora\js\tiny_mce\themes\advanced\images\xp\tab_end.gif --> www.ribsys.com /circuit/js/tiny_mce/themes/advanced/images/xp tab_end.gif
2008.01.03 12:04 B C:\GMMD\Apache\htdocs\circuitmora\js\tiny_mce\themes\advanced\images\xp\tab_sel_bg.gif --> www.ribsys.com /circuit/js/tiny_mce/themes/advanced/images/xp tab_sel_bg.gif
2008.01.03 12:04 B C:\GMMD\Apache\htdocs\circuitmora\js\tiny_mce\themes\advanced\images\xp\tab_sel_end.gif --> www.ribsys.com /circuit/js/tiny_mce/themes/advanced/images/xp tab_sel_end.gif
2008.01.03 12:04 B C:\GMMD\Apache\htdocs\circuitmora\js\tiny_mce\themes\advanced\images\xp\tabs_bg.gif --> www.ribsys.com /circuit/js/tiny_mce/themes/advanced/images/xp tabs_bg.gif
2008.01.03 12:04 B C:\GMMD\Apache\htdocs\circuitmora\js\tiny_mce\themes\advanced\images\xp\WS_FTP.LOG --> www.ribsys.com /circuit/js/tiny_mce/themes/advanced/images/xp WS_FTP.LOG
2008.01.24 10:23 B C:\GMMD\Apache\htdocs\circuitmora\js\tiny_mce\themes\advanced\images\xp\tab_bg.gif --> www.circuitmoradebre.com /public_html/web/js/tiny_mce/themes/advanced/images/xp tab_bg.gif
2008.01.24 10:23 B C:\GMMD\Apache\htdocs\circuitmora\js\tiny_mce\themes\advanced\images\xp\tab_end.gif --> www.circuitmoradebre.com /public_html/web/js/tiny_mce/themes/advanced/images/xp tab_end.gif
2008.01.24 10:23 B C:\GMMD\Apache\htdocs\circuitmora\js\tiny_mce\themes\advanced\images\xp\tab_sel_bg.gif --> www.circuitmoradebre.com /public_html/web/js/tiny_mce/themes/advanced/images/xp tab_sel_bg.gif
2008.01.24 10:23 B C:\GMMD\Apache\htdocs\circuitmora\js\tiny_mce\themes\advanced\images\xp\tab_sel_end.gif --> www.circuitmoradebre.com /public_html/web/js/tiny_mce/themes/advanced/images/xp tab_sel_end.gif
2008.01.24 10:23 B C:\GMMD\Apache\htdocs\circuitmora\js\tiny_mce\themes\advanced\images\xp\tabs_bg.gif --> www.circuitmoradebre.com /public_html/web/js/tiny_mce/themes/advanced/images/xp tabs_bg.gif
2008.01.24 10:23 B C:\GMMD\Apache\htdocs\circuitmora\js\tiny_mce\themes\advanced\images\xp\WS_FTP.LOG --> www.circuitmoradebre.com /public_html/web/js/tiny_mce/themes/advanced/images/xp WS_FTP.LOG
2008.08.07 16:34 B C:\GMMD\Apache\htdocs\rs\js\tiny_mce\themes\advanced\images\xp\tab_bg.gif --> www.ribsys.com /web/js/tiny_mce/themes/advanced/images/xp tab_bg.gif
2008.08.07 16:34 B C:\GMMD\Apache\htdocs\rs\js\tiny_mce\themes\advanced\images\xp\tab_end.gif --> www.ribsys.com /web/js/tiny_mce/themes/advanced/images/xp tab_end.gif
2008.08.07 16:34 B C:\GMMD\Apache\htdocs\rs\js\tiny_mce\themes\advanced\images\xp\tab_sel_bg.gif --> www.ribsys.com /web/js/tiny_mce/themes/advanced/images/xp tab_sel_bg.gif
2008.08.07 16:34 B C:\GMMD\Apache\htdocs\rs\js\tiny_mce\themes\advanced\images\xp\tab_sel_end.gif --> www.ribsys.com /web/js/tiny_mce/themes/advanced/images/xp tab_sel_end.gif
2008.08.07 16:34 B C:\GMMD\Apache\htdocs\rs\js\tiny_mce\themes\advanced\images\xp\tabs_bg.gif --> www.ribsys.com /web/js/tiny_mce/themes/advanced/images/xp tabs_bg.gif
2008.08.07 16:34 B C:\GMMD\Apache\htdocs\rs\js\tiny_mce\themes\advanced\images\xp\WS_FTP.LOG --> www.ribsys.com /web/js/tiny_mce/themes/advanced/images/xp WS_FTP.LOG
