2007.12.20 18:38 B C:\GMMD\Apache\htdocs\radio\js\tiny_mce\utils\editable_selects.js --> www.radiospsp.com /js/tiny_mce/utils editable_selects.js
2007.12.20 18:38 B C:\GMMD\Apache\htdocs\radio\js\tiny_mce\utils\form_utils.js --> www.radiospsp.com /js/tiny_mce/utils form_utils.js
2007.12.20 18:38 B C:\GMMD\Apache\htdocs\radio\js\tiny_mce\utils\mclayer.js --> www.radiospsp.com /js/tiny_mce/utils mclayer.js
2007.12.20 18:38 B C:\GMMD\Apache\htdocs\radio\js\tiny_mce\utils\mctabs.js --> www.radiospsp.com /js/tiny_mce/utils mctabs.js
2007.12.20 18:38 B C:\GMMD\Apache\htdocs\radio\js\tiny_mce\utils\validate.js --> www.radiospsp.com /js/tiny_mce/utils validate.js
2008.01.03 12:05 B C:\GMMD\Apache\htdocs\circuitmora\js\tiny_mce\utils\editable_selects.js --> www.ribsys.com /circuit/js/tiny_mce/utils editable_selects.js
2008.01.03 12:05 B C:\GMMD\Apache\htdocs\circuitmora\js\tiny_mce\utils\form_utils.js --> www.ribsys.com /circuit/js/tiny_mce/utils form_utils.js
2008.01.03 12:05 B C:\GMMD\Apache\htdocs\circuitmora\js\tiny_mce\utils\mclayer.js --> www.ribsys.com /circuit/js/tiny_mce/utils mclayer.js
2008.01.03 12:05 B C:\GMMD\Apache\htdocs\circuitmora\js\tiny_mce\utils\mctabs.js --> www.ribsys.com /circuit/js/tiny_mce/utils mctabs.js
2008.01.03 12:05 B C:\GMMD\Apache\htdocs\circuitmora\js\tiny_mce\utils\validate.js --> www.ribsys.com /circuit/js/tiny_mce/utils validate.js
2008.01.03 12:05 B C:\GMMD\Apache\htdocs\circuitmora\js\tiny_mce\utils\WS_FTP.LOG --> www.ribsys.com /circuit/js/tiny_mce/utils WS_FTP.LOG
2008.01.24 10:25 B C:\GMMD\Apache\htdocs\circuitmora\js\tiny_mce\utils\editable_selects.js --> www.circuitmoradebre.com /public_html/web/js/tiny_mce/utils editable_selects.js
2008.01.24 10:25 B C:\GMMD\Apache\htdocs\circuitmora\js\tiny_mce\utils\form_utils.js --> www.circuitmoradebre.com /public_html/web/js/tiny_mce/utils form_utils.js
2008.01.24 10:25 B C:\GMMD\Apache\htdocs\circuitmora\js\tiny_mce\utils\mclayer.js --> www.circuitmoradebre.com /public_html/web/js/tiny_mce/utils mclayer.js
2008.01.24 10:25 B C:\GMMD\Apache\htdocs\circuitmora\js\tiny_mce\utils\mctabs.js --> www.circuitmoradebre.com /public_html/web/js/tiny_mce/utils mctabs.js
2008.01.24 10:25 B C:\GMMD\Apache\htdocs\circuitmora\js\tiny_mce\utils\validate.js --> www.circuitmoradebre.com /public_html/web/js/tiny_mce/utils validate.js
2008.01.24 10:25 B C:\GMMD\Apache\htdocs\circuitmora\js\tiny_mce\utils\WS_FTP.LOG --> www.circuitmoradebre.com /public_html/web/js/tiny_mce/utils WS_FTP.LOG
2008.08.07 16:35 B C:\GMMD\Apache\htdocs\rs\js\tiny_mce\utils\editable_selects.js --> www.ribsys.com /web/js/tiny_mce/utils editable_selects.js
2008.08.07 16:35 B C:\GMMD\Apache\htdocs\rs\js\tiny_mce\utils\form_utils.js --> www.ribsys.com /web/js/tiny_mce/utils form_utils.js
2008.08.07 16:35 B C:\GMMD\Apache\htdocs\rs\js\tiny_mce\utils\mclayer.js --> www.ribsys.com /web/js/tiny_mce/utils mclayer.js
2008.08.07 16:35 B C:\GMMD\Apache\htdocs\rs\js\tiny_mce\utils\mctabs.js --> www.ribsys.com /web/js/tiny_mce/utils mctabs.js
2008.08.07 16:35 B C:\GMMD\Apache\htdocs\rs\js\tiny_mce\utils\validate.js --> www.ribsys.com /web/js/tiny_mce/utils validate.js
2008.08.07 16:35 B C:\GMMD\Apache\htdocs\rs\js\tiny_mce\utils\WS_FTP.LOG --> www.ribsys.com /web/js/tiny_mce/utils WS_FTP.LOG
