2007.12.20 18:32 B C:\GMMD\Apache\htdocs\radio\js\tiny_mce\plugins\inlinepopups\images\spacer.gif --> www.radiospsp.com /js/tiny_mce/plugins/inlinepopups/images spacer.gif
2007.12.20 18:32 B C:\GMMD\Apache\htdocs\radio\js\tiny_mce\plugins\inlinepopups\images\window_close.gif --> www.radiospsp.com /js/tiny_mce/plugins/inlinepopups/images window_close.gif
2007.12.20 18:32 B C:\GMMD\Apache\htdocs\radio\js\tiny_mce\plugins\inlinepopups\images\window_maximize.gif --> www.radiospsp.com /js/tiny_mce/plugins/inlinepopups/images window_maximize.gif
2007.12.20 18:32 B C:\GMMD\Apache\htdocs\radio\js\tiny_mce\plugins\inlinepopups\images\window_minimize.gif --> www.radiospsp.com /js/tiny_mce/plugins/inlinepopups/images window_minimize.gif
2007.12.20 18:32 B C:\GMMD\Apache\htdocs\radio\js\tiny_mce\plugins\inlinepopups\images\window_resize.gif --> www.radiospsp.com /js/tiny_mce/plugins/inlinepopups/images window_resize.gif
2008.01.03 11:58 B C:\GMMD\Apache\htdocs\circuitmora\js\tiny_mce\plugins\inlinepopups\images\spacer.gif --> www.ribsys.com /circuit/js/tiny_mce/plugins/inlinepopups/images spacer.gif
2008.01.03 11:58 B C:\GMMD\Apache\htdocs\circuitmora\js\tiny_mce\plugins\inlinepopups\images\window_close.gif --> www.ribsys.com /circuit/js/tiny_mce/plugins/inlinepopups/images window_close.gif
2008.01.03 11:58 B C:\GMMD\Apache\htdocs\circuitmora\js\tiny_mce\plugins\inlinepopups\images\window_maximize.gif --> www.ribsys.com /circuit/js/tiny_mce/plugins/inlinepopups/images window_maximize.gif
2008.01.03 11:58 B C:\GMMD\Apache\htdocs\circuitmora\js\tiny_mce\plugins\inlinepopups\images\window_minimize.gif --> www.ribsys.com /circuit/js/tiny_mce/plugins/inlinepopups/images window_minimize.gif
2008.01.03 11:58 B C:\GMMD\Apache\htdocs\circuitmora\js\tiny_mce\plugins\inlinepopups\images\window_resize.gif --> www.ribsys.com /circuit/js/tiny_mce/plugins/inlinepopups/images window_resize.gif
2008.01.03 11:58 B C:\GMMD\Apache\htdocs\circuitmora\js\tiny_mce\plugins\inlinepopups\images\WS_FTP.LOG --> www.ribsys.com /circuit/js/tiny_mce/plugins/inlinepopups/images WS_FTP.LOG
2008.01.24 10:14 B C:\GMMD\Apache\htdocs\circuitmora\js\tiny_mce\plugins\inlinepopups\images\spacer.gif --> www.circuitmoradebre.com /public_html/web/js/tiny_mce/plugins/inlinepopups/images spacer.gif
2008.01.24 10:14 B C:\GMMD\Apache\htdocs\circuitmora\js\tiny_mce\plugins\inlinepopups\images\window_close.gif --> www.circuitmoradebre.com /public_html/web/js/tiny_mce/plugins/inlinepopups/images window_close.gif
2008.01.24 10:14 B C:\GMMD\Apache\htdocs\circuitmora\js\tiny_mce\plugins\inlinepopups\images\window_maximize.gif --> www.circuitmoradebre.com /public_html/web/js/tiny_mce/plugins/inlinepopups/images window_maximize.gif
2008.01.24 10:14 B C:\GMMD\Apache\htdocs\circuitmora\js\tiny_mce\plugins\inlinepopups\images\window_minimize.gif --> www.circuitmoradebre.com /public_html/web/js/tiny_mce/plugins/inlinepopups/images window_minimize.gif
2008.01.24 10:14 B C:\GMMD\Apache\htdocs\circuitmora\js\tiny_mce\plugins\inlinepopups\images\window_resize.gif --> www.circuitmoradebre.com /public_html/web/js/tiny_mce/plugins/inlinepopups/images window_resize.gif
2008.01.24 10:14 B C:\GMMD\Apache\htdocs\circuitmora\js\tiny_mce\plugins\inlinepopups\images\WS_FTP.LOG --> www.circuitmoradebre.com /public_html/web/js/tiny_mce/plugins/inlinepopups/images WS_FTP.LOG
2008.08.07 16:29 B C:\GMMD\Apache\htdocs\rs\js\tiny_mce\plugins\inlinepopups\images\spacer.gif --> www.ribsys.com /web/js/tiny_mce/plugins/inlinepopups/images spacer.gif
2008.08.07 16:29 B C:\GMMD\Apache\htdocs\rs\js\tiny_mce\plugins\inlinepopups\images\window_close.gif --> www.ribsys.com /web/js/tiny_mce/plugins/inlinepopups/images window_close.gif
2008.08.07 16:29 B C:\GMMD\Apache\htdocs\rs\js\tiny_mce\plugins\inlinepopups\images\window_maximize.gif --> www.ribsys.com /web/js/tiny_mce/plugins/inlinepopups/images window_maximize.gif
2008.08.07 16:29 B C:\GMMD\Apache\htdocs\rs\js\tiny_mce\plugins\inlinepopups\images\window_minimize.gif --> www.ribsys.com /web/js/tiny_mce/plugins/inlinepopups/images window_minimize.gif
2008.08.07 16:29 B C:\GMMD\Apache\htdocs\rs\js\tiny_mce\plugins\inlinepopups\images\window_resize.gif --> www.ribsys.com /web/js/tiny_mce/plugins/inlinepopups/images window_resize.gif
2008.08.07 16:29 B C:\GMMD\Apache\htdocs\rs\js\tiny_mce\plugins\inlinepopups\images\WS_FTP.LOG --> www.ribsys.com /web/js/tiny_mce/plugins/inlinepopups/images WS_FTP.LOG
