2007.12.20 18:35 B C:\GMMD\Apache\htdocs\radio\js\tiny_mce\plugins\table\images\buttons.gif --> www.radiospsp.com /js/tiny_mce/plugins/table/images buttons.gif
2007.12.20 18:35 B C:\GMMD\Apache\htdocs\radio\js\tiny_mce\plugins\table\images\table.gif --> www.radiospsp.com /js/tiny_mce/plugins/table/images table.gif
2007.12.20 18:35 B C:\GMMD\Apache\htdocs\radio\js\tiny_mce\plugins\table\images\table_cell_props.gif --> www.radiospsp.com /js/tiny_mce/plugins/table/images table_cell_props.gif
2007.12.20 18:35 B C:\GMMD\Apache\htdocs\radio\js\tiny_mce\plugins\table\images\table_delete.gif --> www.radiospsp.com /js/tiny_mce/plugins/table/images table_delete.gif
2007.12.20 18:35 B C:\GMMD\Apache\htdocs\radio\js\tiny_mce\plugins\table\images\table_delete_col.gif --> www.radiospsp.com /js/tiny_mce/plugins/table/images table_delete_col.gif
2007.12.20 18:35 B C:\GMMD\Apache\htdocs\radio\js\tiny_mce\plugins\table\images\table_delete_row.gif --> www.radiospsp.com /js/tiny_mce/plugins/table/images table_delete_row.gif
2007.12.20 18:35 B C:\GMMD\Apache\htdocs\radio\js\tiny_mce\plugins\table\images\table_insert_col_after.gif --> www.radiospsp.com /js/tiny_mce/plugins/table/images table_insert_col_after.gif
2007.12.20 18:35 B C:\GMMD\Apache\htdocs\radio\js\tiny_mce\plugins\table\images\table_insert_col_before.gif --> www.radiospsp.com /js/tiny_mce/plugins/table/images table_insert_col_before.gif
2007.12.20 18:35 B C:\GMMD\Apache\htdocs\radio\js\tiny_mce\plugins\table\images\table_insert_row_after.gif --> www.radiospsp.com /js/tiny_mce/plugins/table/images table_insert_row_after.gif
2007.12.20 18:35 B C:\GMMD\Apache\htdocs\radio\js\tiny_mce\plugins\table\images\table_insert_row_before.gif --> www.radiospsp.com /js/tiny_mce/plugins/table/images table_insert_row_before.gif
2007.12.20 18:35 B C:\GMMD\Apache\htdocs\radio\js\tiny_mce\plugins\table\images\table_merge_cells.gif --> www.radiospsp.com /js/tiny_mce/plugins/table/images table_merge_cells.gif
2007.12.20 18:35 B C:\GMMD\Apache\htdocs\radio\js\tiny_mce\plugins\table\images\table_row_props.gif --> www.radiospsp.com /js/tiny_mce/plugins/table/images table_row_props.gif
2007.12.20 18:35 B C:\GMMD\Apache\htdocs\radio\js\tiny_mce\plugins\table\images\table_split_cells.gif --> www.radiospsp.com /js/tiny_mce/plugins/table/images table_split_cells.gif
2008.01.03 12:01 B C:\GMMD\Apache\htdocs\circuitmora\js\tiny_mce\plugins\table\images\buttons.gif --> www.ribsys.com /circuit/js/tiny_mce/plugins/table/images buttons.gif
2008.01.03 12:01 B C:\GMMD\Apache\htdocs\circuitmora\js\tiny_mce\plugins\table\images\table.gif --> www.ribsys.com /circuit/js/tiny_mce/plugins/table/images table.gif
2008.01.03 12:01 B C:\GMMD\Apache\htdocs\circuitmora\js\tiny_mce\plugins\table\images\table_cell_props.gif --> www.ribsys.com /circuit/js/tiny_mce/plugins/table/images table_cell_props.gif
2008.01.03 12:01 B C:\GMMD\Apache\htdocs\circuitmora\js\tiny_mce\plugins\table\images\table_delete.gif --> www.ribsys.com /circuit/js/tiny_mce/plugins/table/images table_delete.gif
2008.01.03 12:01 B C:\GMMD\Apache\htdocs\circuitmora\js\tiny_mce\plugins\table\images\table_delete_col.gif --> www.ribsys.com /circuit/js/tiny_mce/plugins/table/images table_delete_col.gif
2008.01.03 12:01 B C:\GMMD\Apache\htdocs\circuitmora\js\tiny_mce\plugins\table\images\table_delete_row.gif --> www.ribsys.com /circuit/js/tiny_mce/plugins/table/images table_delete_row.gif
2008.01.03 12:01 B C:\GMMD\Apache\htdocs\circuitmora\js\tiny_mce\plugins\table\images\table_insert_col_after.gif --> www.ribsys.com /circuit/js/tiny_mce/plugins/table/images table_insert_col_after.gif
2008.01.03 12:01 B C:\GMMD\Apache\htdocs\circuitmora\js\tiny_mce\plugins\table\images\table_insert_col_before.gif --> www.ribsys.com /circuit/js/tiny_mce/plugins/table/images table_insert_col_before.gif
2008.01.03 12:01 B C:\GMMD\Apache\htdocs\circuitmora\js\tiny_mce\plugins\table\images\table_insert_row_after.gif --> www.ribsys.com /circuit/js/tiny_mce/plugins/table/images table_insert_row_after.gif
2008.01.03 12:01 B C:\GMMD\Apache\htdocs\circuitmora\js\tiny_mce\plugins\table\images\table_insert_row_before.gif --> www.ribsys.com /circuit/js/tiny_mce/plugins/table/images table_insert_row_before.gif
2008.01.03 12:01 B C:\GMMD\Apache\htdocs\circuitmora\js\tiny_mce\plugins\table\images\table_merge_cells.gif --> www.ribsys.com /circuit/js/tiny_mce/plugins/table/images table_merge_cells.gif
2008.01.03 12:01 B C:\GMMD\Apache\htdocs\circuitmora\js\tiny_mce\plugins\table\images\table_row_props.gif --> www.ribsys.com /circuit/js/tiny_mce/plugins/table/images table_row_props.gif
2008.01.03 12:01 B C:\GMMD\Apache\htdocs\circuitmora\js\tiny_mce\plugins\table\images\table_split_cells.gif --> www.ribsys.com /circuit/js/tiny_mce/plugins/table/images table_split_cells.gif
2008.01.03 12:01 B C:\GMMD\Apache\htdocs\circuitmora\js\tiny_mce\plugins\table\images\WS_FTP.LOG --> www.ribsys.com /circuit/js/tiny_mce/plugins/table/images WS_FTP.LOG
2008.01.24 10:19 B C:\GMMD\Apache\htdocs\circuitmora\js\tiny_mce\plugins\table\images\buttons.gif --> www.circuitmoradebre.com /public_html/web/js/tiny_mce/plugins/table/images buttons.gif
2008.01.24 10:19 B C:\GMMD\Apache\htdocs\circuitmora\js\tiny_mce\plugins\table\images\table.gif --> www.circuitmoradebre.com /public_html/web/js/tiny_mce/plugins/table/images table.gif
2008.01.24 10:19 B C:\GMMD\Apache\htdocs\circuitmora\js\tiny_mce\plugins\table\images\table_cell_props.gif --> www.circuitmoradebre.com /public_html/web/js/tiny_mce/plugins/table/images table_cell_props.gif
2008.01.24 10:19 B C:\GMMD\Apache\htdocs\circuitmora\js\tiny_mce\plugins\table\images\table_delete.gif --> www.circuitmoradebre.com /public_html/web/js/tiny_mce/plugins/table/images table_delete.gif
2008.01.24 10:19 B C:\GMMD\Apache\htdocs\circuitmora\js\tiny_mce\plugins\table\images\table_delete_col.gif --> www.circuitmoradebre.com /public_html/web/js/tiny_mce/plugins/table/images table_delete_col.gif
2008.01.24 10:19 B C:\GMMD\Apache\htdocs\circuitmora\js\tiny_mce\plugins\table\images\table_delete_row.gif --> www.circuitmoradebre.com /public_html/web/js/tiny_mce/plugins/table/images table_delete_row.gif
2008.01.24 10:19 B C:\GMMD\Apache\htdocs\circuitmora\js\tiny_mce\plugins\table\images\table_insert_col_after.gif --> www.circuitmoradebre.com /public_html/web/js/tiny_mce/plugins/table/images table_insert_col_after.gif
2008.01.24 10:19 B C:\GMMD\Apache\htdocs\circuitmora\js\tiny_mce\plugins\table\images\table_insert_col_before.gif --> www.circuitmoradebre.com /public_html/web/js/tiny_mce/plugins/table/images table_insert_col_before.gif
2008.01.24 10:19 B C:\GMMD\Apache\htdocs\circuitmora\js\tiny_mce\plugins\table\images\table_insert_row_after.gif --> www.circuitmoradebre.com /public_html/web/js/tiny_mce/plugins/table/images table_insert_row_after.gif
2008.01.24 10:19 B C:\GMMD\Apache\htdocs\circuitmora\js\tiny_mce\plugins\table\images\table_insert_row_before.gif --> www.circuitmoradebre.com /public_html/web/js/tiny_mce/plugins/table/images table_insert_row_before.gif
2008.01.24 10:19 B C:\GMMD\Apache\htdocs\circuitmora\js\tiny_mce\plugins\table\images\table_merge_cells.gif --> www.circuitmoradebre.com /public_html/web/js/tiny_mce/plugins/table/images table_merge_cells.gif
2008.01.24 10:19 B C:\GMMD\Apache\htdocs\circuitmora\js\tiny_mce\plugins\table\images\table_row_props.gif --> www.circuitmoradebre.com /public_html/web/js/tiny_mce/plugins/table/images table_row_props.gif
2008.01.24 10:19 B C:\GMMD\Apache\htdocs\circuitmora\js\tiny_mce\plugins\table\images\table_split_cells.gif --> www.circuitmoradebre.com /public_html/web/js/tiny_mce/plugins/table/images table_split_cells.gif
2008.01.24 10:19 B C:\GMMD\Apache\htdocs\circuitmora\js\tiny_mce\plugins\table\images\WS_FTP.LOG --> www.circuitmoradebre.com /public_html/web/js/tiny_mce/plugins/table/images WS_FTP.LOG
2008.08.07 16:32 B C:\GMMD\Apache\htdocs\rs\js\tiny_mce\plugins\table\images\buttons.gif --> www.ribsys.com /web/js/tiny_mce/plugins/table/images buttons.gif
2008.08.07 16:32 B C:\GMMD\Apache\htdocs\rs\js\tiny_mce\plugins\table\images\table.gif --> www.ribsys.com /web/js/tiny_mce/plugins/table/images table.gif
2008.08.07 16:32 B C:\GMMD\Apache\htdocs\rs\js\tiny_mce\plugins\table\images\table_cell_props.gif --> www.ribsys.com /web/js/tiny_mce/plugins/table/images table_cell_props.gif
2008.08.07 16:32 B C:\GMMD\Apache\htdocs\rs\js\tiny_mce\plugins\table\images\table_delete.gif --> www.ribsys.com /web/js/tiny_mce/plugins/table/images table_delete.gif
2008.08.07 16:32 B C:\GMMD\Apache\htdocs\rs\js\tiny_mce\plugins\table\images\table_delete_col.gif --> www.ribsys.com /web/js/tiny_mce/plugins/table/images table_delete_col.gif
2008.08.07 16:32 B C:\GMMD\Apache\htdocs\rs\js\tiny_mce\plugins\table\images\table_delete_row.gif --> www.ribsys.com /web/js/tiny_mce/plugins/table/images table_delete_row.gif
2008.08.07 16:32 B C:\GMMD\Apache\htdocs\rs\js\tiny_mce\plugins\table\images\table_insert_col_after.gif --> www.ribsys.com /web/js/tiny_mce/plugins/table/images table_insert_col_after.gif
2008.08.07 16:32 B C:\GMMD\Apache\htdocs\rs\js\tiny_mce\plugins\table\images\table_insert_col_before.gif --> www.ribsys.com /web/js/tiny_mce/plugins/table/images table_insert_col_before.gif
2008.08.07 16:32 B C:\GMMD\Apache\htdocs\rs\js\tiny_mce\plugins\table\images\table_insert_row_after.gif --> www.ribsys.com /web/js/tiny_mce/plugins/table/images table_insert_row_after.gif
2008.08.07 16:32 B C:\GMMD\Apache\htdocs\rs\js\tiny_mce\plugins\table\images\table_insert_row_before.gif --> www.ribsys.com /web/js/tiny_mce/plugins/table/images table_insert_row_before.gif
2008.08.07 16:32 B C:\GMMD\Apache\htdocs\rs\js\tiny_mce\plugins\table\images\table_merge_cells.gif --> www.ribsys.com /web/js/tiny_mce/plugins/table/images table_merge_cells.gif
2008.08.07 16:32 B C:\GMMD\Apache\htdocs\rs\js\tiny_mce\plugins\table\images\table_row_props.gif --> www.ribsys.com /web/js/tiny_mce/plugins/table/images table_row_props.gif
2008.08.07 16:32 B C:\GMMD\Apache\htdocs\rs\js\tiny_mce\plugins\table\images\table_split_cells.gif --> www.ribsys.com /web/js/tiny_mce/plugins/table/images table_split_cells.gif
2008.08.07 16:32 B C:\GMMD\Apache\htdocs\rs\js\tiny_mce\plugins\table\images\WS_FTP.LOG --> www.ribsys.com /web/js/tiny_mce/plugins/table/images WS_FTP.LOG
