2007.12.20 18:33 B C:\GMMD\Apache\htdocs\radio\js\tiny_mce\plugins\paste\blank.htm --> www.radiospsp.com /js/tiny_mce/plugins/paste blank.htm
2007.12.20 18:33 B C:\GMMD\Apache\htdocs\radio\js\tiny_mce\plugins\paste\editor_plugin.js --> www.radiospsp.com /js/tiny_mce/plugins/paste editor_plugin.js
2007.12.20 18:33 B C:\GMMD\Apache\htdocs\radio\js\tiny_mce\plugins\paste\editor_plugin_src.js --> www.radiospsp.com /js/tiny_mce/plugins/paste editor_plugin_src.js
2007.12.20 18:33 B C:\GMMD\Apache\htdocs\radio\js\tiny_mce\plugins\paste\pastetext.htm --> www.radiospsp.com /js/tiny_mce/plugins/paste pastetext.htm
2007.12.20 18:33 B C:\GMMD\Apache\htdocs\radio\js\tiny_mce\plugins\paste\pasteword.htm --> www.radiospsp.com /js/tiny_mce/plugins/paste pasteword.htm
2007.12.20 18:33 B C:\GMMD\Apache\htdocs\radio\js\tiny_mce\plugins\paste\readme.txt --> www.radiospsp.com /js/tiny_mce/plugins/paste readme.txt
2008.01.03 12:00 B C:\GMMD\Apache\htdocs\circuitmora\js\tiny_mce\plugins\paste\blank.htm --> www.ribsys.com /circuit/js/tiny_mce/plugins/paste blank.htm
2008.01.03 12:00 B C:\GMMD\Apache\htdocs\circuitmora\js\tiny_mce\plugins\paste\editor_plugin.js --> www.ribsys.com /circuit/js/tiny_mce/plugins/paste editor_plugin.js
2008.01.03 12:00 B C:\GMMD\Apache\htdocs\circuitmora\js\tiny_mce\plugins\paste\editor_plugin_src.js --> www.ribsys.com /circuit/js/tiny_mce/plugins/paste editor_plugin_src.js
2008.01.03 12:00 B C:\GMMD\Apache\htdocs\circuitmora\js\tiny_mce\plugins\paste\pastetext.htm --> www.ribsys.com /circuit/js/tiny_mce/plugins/paste pastetext.htm
2008.01.03 12:00 B C:\GMMD\Apache\htdocs\circuitmora\js\tiny_mce\plugins\paste\pasteword.htm --> www.ribsys.com /circuit/js/tiny_mce/plugins/paste pasteword.htm
2008.01.03 12:00 B C:\GMMD\Apache\htdocs\circuitmora\js\tiny_mce\plugins\paste\readme.txt --> www.ribsys.com /circuit/js/tiny_mce/plugins/paste readme.txt
2008.01.03 12:00 B C:\GMMD\Apache\htdocs\circuitmora\js\tiny_mce\plugins\paste\WS_FTP.LOG --> www.ribsys.com /circuit/js/tiny_mce/plugins/paste WS_FTP.LOG
2008.01.24 10:16 B C:\GMMD\Apache\htdocs\circuitmora\js\tiny_mce\plugins\paste\blank.htm --> www.circuitmoradebre.com /public_html/web/js/tiny_mce/plugins/paste blank.htm
2008.01.24 10:16 B C:\GMMD\Apache\htdocs\circuitmora\js\tiny_mce\plugins\paste\editor_plugin.js --> www.circuitmoradebre.com /public_html/web/js/tiny_mce/plugins/paste editor_plugin.js
2008.01.24 10:16 B C:\GMMD\Apache\htdocs\circuitmora\js\tiny_mce\plugins\paste\editor_plugin_src.js --> www.circuitmoradebre.com /public_html/web/js/tiny_mce/plugins/paste editor_plugin_src.js
2008.01.24 10:16 B C:\GMMD\Apache\htdocs\circuitmora\js\tiny_mce\plugins\paste\pastetext.htm --> www.circuitmoradebre.com /public_html/web/js/tiny_mce/plugins/paste pastetext.htm
2008.01.24 10:16 B C:\GMMD\Apache\htdocs\circuitmora\js\tiny_mce\plugins\paste\pasteword.htm --> www.circuitmoradebre.com /public_html/web/js/tiny_mce/plugins/paste pasteword.htm
2008.01.24 10:16 B C:\GMMD\Apache\htdocs\circuitmora\js\tiny_mce\plugins\paste\readme.txt --> www.circuitmoradebre.com /public_html/web/js/tiny_mce/plugins/paste readme.txt
2008.01.24 10:17 B C:\GMMD\Apache\htdocs\circuitmora\js\tiny_mce\plugins\paste\WS_FTP.LOG --> www.circuitmoradebre.com /public_html/web/js/tiny_mce/plugins/paste WS_FTP.LOG
2008.08.07 16:31 B C:\GMMD\Apache\htdocs\rs\js\tiny_mce\plugins\paste\blank.htm --> www.ribsys.com /web/js/tiny_mce/plugins/paste blank.htm
2008.08.07 16:31 B C:\GMMD\Apache\htdocs\rs\js\tiny_mce\plugins\paste\editor_plugin.js --> www.ribsys.com /web/js/tiny_mce/plugins/paste editor_plugin.js
2008.08.07 16:31 B C:\GMMD\Apache\htdocs\rs\js\tiny_mce\plugins\paste\editor_plugin_src.js --> www.ribsys.com /web/js/tiny_mce/plugins/paste editor_plugin_src.js
2008.08.07 16:31 B C:\GMMD\Apache\htdocs\rs\js\tiny_mce\plugins\paste\pastetext.htm --> www.ribsys.com /web/js/tiny_mce/plugins/paste pastetext.htm
2008.08.07 16:31 B C:\GMMD\Apache\htdocs\rs\js\tiny_mce\plugins\paste\pasteword.htm --> www.ribsys.com /web/js/tiny_mce/plugins/paste pasteword.htm
2008.08.07 16:31 B C:\GMMD\Apache\htdocs\rs\js\tiny_mce\plugins\paste\readme.txt --> www.ribsys.com /web/js/tiny_mce/plugins/paste readme.txt
2008.08.07 16:31 B C:\GMMD\Apache\htdocs\rs\js\tiny_mce\plugins\paste\WS_FTP.LOG --> www.ribsys.com /web/js/tiny_mce/plugins/paste WS_FTP.LOG
