2007.12.20 18:38 B C:\GMMD\Apache\htdocs\radio\js\tiny_mce\blank.htm --> www.radiospsp.com /js/tiny_mce blank.htm
2007.12.20 18:38 B C:\GMMD\Apache\htdocs\radio\js\tiny_mce\license.txt --> www.radiospsp.com /js/tiny_mce license.txt
2007.12.20 18:38 B C:\GMMD\Apache\htdocs\radio\js\tiny_mce\tiny_mce.js --> www.radiospsp.com /js/tiny_mce tiny_mce.js
2007.12.20 18:38 B C:\GMMD\Apache\htdocs\radio\js\tiny_mce\tiny_mce_dev.js --> www.radiospsp.com /js/tiny_mce tiny_mce_dev.js
2007.12.20 18:38 B C:\GMMD\Apache\htdocs\radio\js\tiny_mce\tiny_mce_popup.js --> www.radiospsp.com /js/tiny_mce tiny_mce_popup.js
2007.12.20 18:38 B C:\GMMD\Apache\htdocs\radio\js\tiny_mce\tiny_mce_src.js --> www.radiospsp.com /js/tiny_mce tiny_mce_src.js
2008.01.03 12:05 B C:\GMMD\Apache\htdocs\circuitmora\js\tiny_mce\blank.htm --> www.ribsys.com /circuit/js/tiny_mce blank.htm
2008.01.03 12:05 B C:\GMMD\Apache\htdocs\circuitmora\js\tiny_mce\license.txt --> www.ribsys.com /circuit/js/tiny_mce license.txt
2008.01.03 12:05 B C:\GMMD\Apache\htdocs\circuitmora\js\tiny_mce\tiny_mce.js --> www.ribsys.com /circuit/js/tiny_mce tiny_mce.js
2008.01.03 12:05 B C:\GMMD\Apache\htdocs\circuitmora\js\tiny_mce\tiny_mce_dev.js --> www.ribsys.com /circuit/js/tiny_mce tiny_mce_dev.js
2008.01.03 12:05 B C:\GMMD\Apache\htdocs\circuitmora\js\tiny_mce\tiny_mce_popup.js --> www.ribsys.com /circuit/js/tiny_mce tiny_mce_popup.js
2008.01.03 12:05 B C:\GMMD\Apache\htdocs\circuitmora\js\tiny_mce\tiny_mce_src.js --> www.ribsys.com /circuit/js/tiny_mce tiny_mce_src.js
2008.01.03 12:05 B C:\GMMD\Apache\htdocs\circuitmora\js\tiny_mce\WS_FTP.LOG --> www.ribsys.com /circuit/js/tiny_mce WS_FTP.LOG
2008.01.24 10:25 B C:\GMMD\Apache\htdocs\circuitmora\js\tiny_mce\blank.htm --> www.circuitmoradebre.com /public_html/web/js/tiny_mce blank.htm
2008.01.24 10:25 B C:\GMMD\Apache\htdocs\circuitmora\js\tiny_mce\license.txt --> www.circuitmoradebre.com /public_html/web/js/tiny_mce license.txt
2008.01.24 10:26 B C:\GMMD\Apache\htdocs\circuitmora\js\tiny_mce\tiny_mce.js --> www.circuitmoradebre.com /public_html/web/js/tiny_mce tiny_mce.js
2008.01.24 10:26 B C:\GMMD\Apache\htdocs\circuitmora\js\tiny_mce\tiny_mce_dev.js --> www.circuitmoradebre.com /public_html/web/js/tiny_mce tiny_mce_dev.js
2008.01.24 10:26 B C:\GMMD\Apache\htdocs\circuitmora\js\tiny_mce\tiny_mce_popup.js --> www.circuitmoradebre.com /public_html/web/js/tiny_mce tiny_mce_popup.js
2008.01.24 10:26 B C:\GMMD\Apache\htdocs\circuitmora\js\tiny_mce\tiny_mce_src.js --> www.circuitmoradebre.com /public_html/web/js/tiny_mce tiny_mce_src.js
2008.01.24 10:26 B C:\GMMD\Apache\htdocs\circuitmora\js\tiny_mce\WS_FTP.LOG --> www.circuitmoradebre.com /public_html/web/js/tiny_mce WS_FTP.LOG
2008.08.07 16:35 B C:\GMMD\Apache\htdocs\rs\js\tiny_mce\blank.htm --> www.ribsys.com /web/js/tiny_mce blank.htm
2008.08.07 16:35 B C:\GMMD\Apache\htdocs\rs\js\tiny_mce\license.txt --> www.ribsys.com /web/js/tiny_mce license.txt
2008.08.07 16:35 B C:\GMMD\Apache\htdocs\rs\js\tiny_mce\tiny_mce.js --> www.ribsys.com /web/js/tiny_mce tiny_mce.js
2008.08.07 16:35 B C:\GMMD\Apache\htdocs\rs\js\tiny_mce\tiny_mce_dev.js --> www.ribsys.com /web/js/tiny_mce tiny_mce_dev.js
2008.08.07 16:35 B C:\GMMD\Apache\htdocs\rs\js\tiny_mce\tiny_mce_popup.js --> www.ribsys.com /web/js/tiny_mce tiny_mce_popup.js
2008.08.07 16:35 B C:\GMMD\Apache\htdocs\rs\js\tiny_mce\tiny_mce_src.js --> www.ribsys.com /web/js/tiny_mce tiny_mce_src.js
2008.08.07 16:35 B C:\GMMD\Apache\htdocs\rs\js\tiny_mce\WS_FTP.LOG --> www.ribsys.com /web/js/tiny_mce WS_FTP.LOG
