2007.12.20 18:31 B C:\GMMD\Apache\htdocs\radio\js\tiny_mce\plugins\emotions\images\emotions.gif --> www.radiospsp.com /js/tiny_mce/plugins/emotions/images emotions.gif
2007.12.20 18:31 B C:\GMMD\Apache\htdocs\radio\js\tiny_mce\plugins\emotions\images\readme.txt --> www.radiospsp.com /js/tiny_mce/plugins/emotions/images readme.txt
2007.12.20 18:31 B C:\GMMD\Apache\htdocs\radio\js\tiny_mce\plugins\emotions\images\smiley-cool.gif --> www.radiospsp.com /js/tiny_mce/plugins/emotions/images smiley-cool.gif
2007.12.20 18:31 B C:\GMMD\Apache\htdocs\radio\js\tiny_mce\plugins\emotions\images\smiley-cry.gif --> www.radiospsp.com /js/tiny_mce/plugins/emotions/images smiley-cry.gif
2007.12.20 18:31 B C:\GMMD\Apache\htdocs\radio\js\tiny_mce\plugins\emotions\images\smiley-embarassed.gif --> www.radiospsp.com /js/tiny_mce/plugins/emotions/images smiley-embarassed.gif
2007.12.20 18:31 B C:\GMMD\Apache\htdocs\radio\js\tiny_mce\plugins\emotions\images\smiley-foot-in-mouth.gif --> www.radiospsp.com /js/tiny_mce/plugins/emotions/images smiley-foot-in-mouth.gif
2007.12.20 18:31 B C:\GMMD\Apache\htdocs\radio\js\tiny_mce\plugins\emotions\images\smiley-frown.gif --> www.radiospsp.com /js/tiny_mce/plugins/emotions/images smiley-frown.gif
2007.12.20 18:31 B C:\GMMD\Apache\htdocs\radio\js\tiny_mce\plugins\emotions\images\smiley-innocent.gif --> www.radiospsp.com /js/tiny_mce/plugins/emotions/images smiley-innocent.gif
2007.12.20 18:31 B C:\GMMD\Apache\htdocs\radio\js\tiny_mce\plugins\emotions\images\smiley-kiss.gif --> www.radiospsp.com /js/tiny_mce/plugins/emotions/images smiley-kiss.gif
2007.12.20 18:31 B C:\GMMD\Apache\htdocs\radio\js\tiny_mce\plugins\emotions\images\smiley-laughing.gif --> www.radiospsp.com /js/tiny_mce/plugins/emotions/images smiley-laughing.gif
2007.12.20 18:31 B C:\GMMD\Apache\htdocs\radio\js\tiny_mce\plugins\emotions\images\smiley-money-mouth.gif --> www.radiospsp.com /js/tiny_mce/plugins/emotions/images smiley-money-mouth.gif
2007.12.20 18:31 B C:\GMMD\Apache\htdocs\radio\js\tiny_mce\plugins\emotions\images\smiley-sealed.gif --> www.radiospsp.com /js/tiny_mce/plugins/emotions/images smiley-sealed.gif
2007.12.20 18:31 B C:\GMMD\Apache\htdocs\radio\js\tiny_mce\plugins\emotions\images\smiley-smile.gif --> www.radiospsp.com /js/tiny_mce/plugins/emotions/images smiley-smile.gif
2007.12.20 18:31 B C:\GMMD\Apache\htdocs\radio\js\tiny_mce\plugins\emotions\images\smiley-surprised.gif --> www.radiospsp.com /js/tiny_mce/plugins/emotions/images smiley-surprised.gif
2007.12.20 18:31 B C:\GMMD\Apache\htdocs\radio\js\tiny_mce\plugins\emotions\images\smiley-tongue-out.gif --> www.radiospsp.com /js/tiny_mce/plugins/emotions/images smiley-tongue-out.gif
2007.12.20 18:31 B C:\GMMD\Apache\htdocs\radio\js\tiny_mce\plugins\emotions\images\smiley-undecided.gif --> www.radiospsp.com /js/tiny_mce/plugins/emotions/images smiley-undecided.gif
2007.12.20 18:31 B C:\GMMD\Apache\htdocs\radio\js\tiny_mce\plugins\emotions\images\smiley-wink.gif --> www.radiospsp.com /js/tiny_mce/plugins/emotions/images smiley-wink.gif
2007.12.20 18:31 B C:\GMMD\Apache\htdocs\radio\js\tiny_mce\plugins\emotions\images\smiley-yell.gif --> www.radiospsp.com /js/tiny_mce/plugins/emotions/images smiley-yell.gif
2008.01.03 11:57 B C:\GMMD\Apache\htdocs\circuitmora\js\tiny_mce\plugins\emotions\images\emotions.gif --> www.ribsys.com /circuit/js/tiny_mce/plugins/emotions/images emotions.gif
2008.01.03 11:57 B C:\GMMD\Apache\htdocs\circuitmora\js\tiny_mce\plugins\emotions\images\readme.txt --> www.ribsys.com /circuit/js/tiny_mce/plugins/emotions/images readme.txt
2008.01.03 11:57 B C:\GMMD\Apache\htdocs\circuitmora\js\tiny_mce\plugins\emotions\images\smiley-cool.gif --> www.ribsys.com /circuit/js/tiny_mce/plugins/emotions/images smiley-cool.gif
2008.01.03 11:57 B C:\GMMD\Apache\htdocs\circuitmora\js\tiny_mce\plugins\emotions\images\smiley-cry.gif --> www.ribsys.com /circuit/js/tiny_mce/plugins/emotions/images smiley-cry.gif
2008.01.03 11:57 B C:\GMMD\Apache\htdocs\circuitmora\js\tiny_mce\plugins\emotions\images\smiley-embarassed.gif --> www.ribsys.com /circuit/js/tiny_mce/plugins/emotions/images smiley-embarassed.gif
2008.01.03 11:57 B C:\GMMD\Apache\htdocs\circuitmora\js\tiny_mce\plugins\emotions\images\smiley-foot-in-mouth.gif --> www.ribsys.com /circuit/js/tiny_mce/plugins/emotions/images smiley-foot-in-mouth.gif
2008.01.03 11:57 B C:\GMMD\Apache\htdocs\circuitmora\js\tiny_mce\plugins\emotions\images\smiley-frown.gif --> www.ribsys.com /circuit/js/tiny_mce/plugins/emotions/images smiley-frown.gif
2008.01.03 11:57 B C:\GMMD\Apache\htdocs\circuitmora\js\tiny_mce\plugins\emotions\images\smiley-innocent.gif --> www.ribsys.com /circuit/js/tiny_mce/plugins/emotions/images smiley-innocent.gif
2008.01.03 11:57 B C:\GMMD\Apache\htdocs\circuitmora\js\tiny_mce\plugins\emotions\images\smiley-kiss.gif --> www.ribsys.com /circuit/js/tiny_mce/plugins/emotions/images smiley-kiss.gif
2008.01.03 11:57 B C:\GMMD\Apache\htdocs\circuitmora\js\tiny_mce\plugins\emotions\images\smiley-laughing.gif --> www.ribsys.com /circuit/js/tiny_mce/plugins/emotions/images smiley-laughing.gif
2008.01.03 11:57 B C:\GMMD\Apache\htdocs\circuitmora\js\tiny_mce\plugins\emotions\images\smiley-money-mouth.gif --> www.ribsys.com /circuit/js/tiny_mce/plugins/emotions/images smiley-money-mouth.gif
2008.01.03 11:57 B C:\GMMD\Apache\htdocs\circuitmora\js\tiny_mce\plugins\emotions\images\smiley-sealed.gif --> www.ribsys.com /circuit/js/tiny_mce/plugins/emotions/images smiley-sealed.gif
2008.01.03 11:57 B C:\GMMD\Apache\htdocs\circuitmora\js\tiny_mce\plugins\emotions\images\smiley-smile.gif --> www.ribsys.com /circuit/js/tiny_mce/plugins/emotions/images smiley-smile.gif
2008.01.03 11:57 B C:\GMMD\Apache\htdocs\circuitmora\js\tiny_mce\plugins\emotions\images\smiley-surprised.gif --> www.ribsys.com /circuit/js/tiny_mce/plugins/emotions/images smiley-surprised.gif
2008.01.03 11:57 B C:\GMMD\Apache\htdocs\circuitmora\js\tiny_mce\plugins\emotions\images\smiley-tongue-out.gif --> www.ribsys.com /circuit/js/tiny_mce/plugins/emotions/images smiley-tongue-out.gif
2008.01.03 11:57 B C:\GMMD\Apache\htdocs\circuitmora\js\tiny_mce\plugins\emotions\images\smiley-undecided.gif --> www.ribsys.com /circuit/js/tiny_mce/plugins/emotions/images smiley-undecided.gif
2008.01.03 11:57 B C:\GMMD\Apache\htdocs\circuitmora\js\tiny_mce\plugins\emotions\images\smiley-wink.gif --> www.ribsys.com /circuit/js/tiny_mce/plugins/emotions/images smiley-wink.gif
2008.01.03 11:57 B C:\GMMD\Apache\htdocs\circuitmora\js\tiny_mce\plugins\emotions\images\smiley-yell.gif --> www.ribsys.com /circuit/js/tiny_mce/plugins/emotions/images smiley-yell.gif
2008.01.03 11:57 B C:\GMMD\Apache\htdocs\circuitmora\js\tiny_mce\plugins\emotions\images\WS_FTP.LOG --> www.ribsys.com /circuit/js/tiny_mce/plugins/emotions/images WS_FTP.LOG
2008.01.24 10:11 B C:\GMMD\Apache\htdocs\circuitmora\js\tiny_mce\plugins\emotions\images\emotions.gif --> www.circuitmoradebre.com /public_html/web/js/tiny_mce/plugins/emotions/images emotions.gif
2008.01.24 10:11 B C:\GMMD\Apache\htdocs\circuitmora\js\tiny_mce\plugins\emotions\images\readme.txt --> www.circuitmoradebre.com /public_html/web/js/tiny_mce/plugins/emotions/images readme.txt
2008.01.24 10:11 B C:\GMMD\Apache\htdocs\circuitmora\js\tiny_mce\plugins\emotions\images\smiley-cool.gif --> www.circuitmoradebre.com /public_html/web/js/tiny_mce/plugins/emotions/images smiley-cool.gif
2008.01.24 10:11 B C:\GMMD\Apache\htdocs\circuitmora\js\tiny_mce\plugins\emotions\images\smiley-cry.gif --> www.circuitmoradebre.com /public_html/web/js/tiny_mce/plugins/emotions/images smiley-cry.gif
2008.01.24 10:11 B C:\GMMD\Apache\htdocs\circuitmora\js\tiny_mce\plugins\emotions\images\smiley-embarassed.gif --> www.circuitmoradebre.com /public_html/web/js/tiny_mce/plugins/emotions/images smiley-embarassed.gif
2008.01.24 10:11 B C:\GMMD\Apache\htdocs\circuitmora\js\tiny_mce\plugins\emotions\images\smiley-foot-in-mouth.gif --> www.circuitmoradebre.com /public_html/web/js/tiny_mce/plugins/emotions/images smiley-foot-in-mouth.gif
2008.01.24 10:11 B C:\GMMD\Apache\htdocs\circuitmora\js\tiny_mce\plugins\emotions\images\smiley-frown.gif --> www.circuitmoradebre.com /public_html/web/js/tiny_mce/plugins/emotions/images smiley-frown.gif
2008.01.24 10:11 B C:\GMMD\Apache\htdocs\circuitmora\js\tiny_mce\plugins\emotions\images\smiley-innocent.gif --> www.circuitmoradebre.com /public_html/web/js/tiny_mce/plugins/emotions/images smiley-innocent.gif
2008.01.24 10:11 B C:\GMMD\Apache\htdocs\circuitmora\js\tiny_mce\plugins\emotions\images\smiley-kiss.gif --> www.circuitmoradebre.com /public_html/web/js/tiny_mce/plugins/emotions/images smiley-kiss.gif
2008.01.24 10:11 B C:\GMMD\Apache\htdocs\circuitmora\js\tiny_mce\plugins\emotions\images\smiley-laughing.gif --> www.circuitmoradebre.com /public_html/web/js/tiny_mce/plugins/emotions/images smiley-laughing.gif
2008.01.24 10:11 B C:\GMMD\Apache\htdocs\circuitmora\js\tiny_mce\plugins\emotions\images\smiley-money-mouth.gif --> www.circuitmoradebre.com /public_html/web/js/tiny_mce/plugins/emotions/images smiley-money-mouth.gif
2008.01.24 10:11 B C:\GMMD\Apache\htdocs\circuitmora\js\tiny_mce\plugins\emotions\images\smiley-sealed.gif --> www.circuitmoradebre.com /public_html/web/js/tiny_mce/plugins/emotions/images smiley-sealed.gif
2008.01.24 10:11 B C:\GMMD\Apache\htdocs\circuitmora\js\tiny_mce\plugins\emotions\images\smiley-smile.gif --> www.circuitmoradebre.com /public_html/web/js/tiny_mce/plugins/emotions/images smiley-smile.gif
2008.01.24 10:11 B C:\GMMD\Apache\htdocs\circuitmora\js\tiny_mce\plugins\emotions\images\smiley-surprised.gif --> www.circuitmoradebre.com /public_html/web/js/tiny_mce/plugins/emotions/images smiley-surprised.gif
2008.01.24 10:11 B C:\GMMD\Apache\htdocs\circuitmora\js\tiny_mce\plugins\emotions\images\smiley-tongue-out.gif --> www.circuitmoradebre.com /public_html/web/js/tiny_mce/plugins/emotions/images smiley-tongue-out.gif
2008.01.24 10:11 B C:\GMMD\Apache\htdocs\circuitmora\js\tiny_mce\plugins\emotions\images\smiley-undecided.gif --> www.circuitmoradebre.com /public_html/web/js/tiny_mce/plugins/emotions/images smiley-undecided.gif
2008.01.24 10:11 B C:\GMMD\Apache\htdocs\circuitmora\js\tiny_mce\plugins\emotions\images\smiley-wink.gif --> www.circuitmoradebre.com /public_html/web/js/tiny_mce/plugins/emotions/images smiley-wink.gif
2008.01.24 10:11 B C:\GMMD\Apache\htdocs\circuitmora\js\tiny_mce\plugins\emotions\images\smiley-yell.gif --> www.circuitmoradebre.com /public_html/web/js/tiny_mce/plugins/emotions/images smiley-yell.gif
2008.01.24 10:11 B C:\GMMD\Apache\htdocs\circuitmora\js\tiny_mce\plugins\emotions\images\WS_FTP.LOG --> www.circuitmoradebre.com /public_html/web/js/tiny_mce/plugins/emotions/images WS_FTP.LOG
2008.08.07 16:28 B C:\GMMD\Apache\htdocs\rs\js\tiny_mce\plugins\emotions\images\emotions.gif --> www.ribsys.com /web/js/tiny_mce/plugins/emotions/images emotions.gif
2008.08.07 16:28 B C:\GMMD\Apache\htdocs\rs\js\tiny_mce\plugins\emotions\images\readme.txt --> www.ribsys.com /web/js/tiny_mce/plugins/emotions/images readme.txt
2008.08.07 16:28 B C:\GMMD\Apache\htdocs\rs\js\tiny_mce\plugins\emotions\images\smiley-cool.gif --> www.ribsys.com /web/js/tiny_mce/plugins/emotions/images smiley-cool.gif
2008.08.07 16:28 B C:\GMMD\Apache\htdocs\rs\js\tiny_mce\plugins\emotions\images\smiley-cry.gif --> www.ribsys.com /web/js/tiny_mce/plugins/emotions/images smiley-cry.gif
2008.08.07 16:28 B C:\GMMD\Apache\htdocs\rs\js\tiny_mce\plugins\emotions\images\smiley-embarassed.gif --> www.ribsys.com /web/js/tiny_mce/plugins/emotions/images smiley-embarassed.gif
2008.08.07 16:28 B C:\GMMD\Apache\htdocs\rs\js\tiny_mce\plugins\emotions\images\smiley-foot-in-mouth.gif --> www.ribsys.com /web/js/tiny_mce/plugins/emotions/images smiley-foot-in-mouth.gif
2008.08.07 16:28 B C:\GMMD\Apache\htdocs\rs\js\tiny_mce\plugins\emotions\images\smiley-frown.gif --> www.ribsys.com /web/js/tiny_mce/plugins/emotions/images smiley-frown.gif
2008.08.07 16:28 B C:\GMMD\Apache\htdocs\rs\js\tiny_mce\plugins\emotions\images\smiley-innocent.gif --> www.ribsys.com /web/js/tiny_mce/plugins/emotions/images smiley-innocent.gif
2008.08.07 16:28 B C:\GMMD\Apache\htdocs\rs\js\tiny_mce\plugins\emotions\images\smiley-kiss.gif --> www.ribsys.com /web/js/tiny_mce/plugins/emotions/images smiley-kiss.gif
2008.08.07 16:28 B C:\GMMD\Apache\htdocs\rs\js\tiny_mce\plugins\emotions\images\smiley-laughing.gif --> www.ribsys.com /web/js/tiny_mce/plugins/emotions/images smiley-laughing.gif
2008.08.07 16:28 B C:\GMMD\Apache\htdocs\rs\js\tiny_mce\plugins\emotions\images\smiley-money-mouth.gif --> www.ribsys.com /web/js/tiny_mce/plugins/emotions/images smiley-money-mouth.gif
2008.08.07 16:28 B C:\GMMD\Apache\htdocs\rs\js\tiny_mce\plugins\emotions\images\smiley-sealed.gif --> www.ribsys.com /web/js/tiny_mce/plugins/emotions/images smiley-sealed.gif
2008.08.07 16:28 B C:\GMMD\Apache\htdocs\rs\js\tiny_mce\plugins\emotions\images\smiley-smile.gif --> www.ribsys.com /web/js/tiny_mce/plugins/emotions/images smiley-smile.gif
2008.08.07 16:28 B C:\GMMD\Apache\htdocs\rs\js\tiny_mce\plugins\emotions\images\smiley-surprised.gif --> www.ribsys.com /web/js/tiny_mce/plugins/emotions/images smiley-surprised.gif
2008.08.07 16:28 B C:\GMMD\Apache\htdocs\rs\js\tiny_mce\plugins\emotions\images\smiley-tongue-out.gif --> www.ribsys.com /web/js/tiny_mce/plugins/emotions/images smiley-tongue-out.gif
2008.08.07 16:28 B C:\GMMD\Apache\htdocs\rs\js\tiny_mce\plugins\emotions\images\smiley-undecided.gif --> www.ribsys.com /web/js/tiny_mce/plugins/emotions/images smiley-undecided.gif
2008.08.07 16:28 B C:\GMMD\Apache\htdocs\rs\js\tiny_mce\plugins\emotions\images\smiley-wink.gif --> www.ribsys.com /web/js/tiny_mce/plugins/emotions/images smiley-wink.gif
2008.08.07 16:28 B C:\GMMD\Apache\htdocs\rs\js\tiny_mce\plugins\emotions\images\smiley-yell.gif --> www.ribsys.com /web/js/tiny_mce/plugins/emotions/images smiley-yell.gif
2008.08.07 16:28 B C:\GMMD\Apache\htdocs\rs\js\tiny_mce\plugins\emotions\images\WS_FTP.LOG --> www.ribsys.com /web/js/tiny_mce/plugins/emotions/images WS_FTP.LOG
