2007.12.20 18:31 B C:\GMMD\Apache\htdocs\radio\js\tiny_mce\plugins\fullpage\images\add.gif --> www.radiospsp.com /js/tiny_mce/plugins/fullpage/images add.gif
2007.12.20 18:31 B C:\GMMD\Apache\htdocs\radio\js\tiny_mce\plugins\fullpage\images\fullpage.gif --> www.radiospsp.com /js/tiny_mce/plugins/fullpage/images fullpage.gif
2007.12.20 18:31 B C:\GMMD\Apache\htdocs\radio\js\tiny_mce\plugins\fullpage\images\move_down.gif --> www.radiospsp.com /js/tiny_mce/plugins/fullpage/images move_down.gif
2007.12.20 18:31 B C:\GMMD\Apache\htdocs\radio\js\tiny_mce\plugins\fullpage\images\move_up.gif --> www.radiospsp.com /js/tiny_mce/plugins/fullpage/images move_up.gif
2007.12.20 18:31 B C:\GMMD\Apache\htdocs\radio\js\tiny_mce\plugins\fullpage\images\remove.gif --> www.radiospsp.com /js/tiny_mce/plugins/fullpage/images remove.gif
2008.01.03 11:58 B C:\GMMD\Apache\htdocs\circuitmora\js\tiny_mce\plugins\fullpage\images\add.gif --> www.ribsys.com /circuit/js/tiny_mce/plugins/fullpage/images add.gif
2008.01.03 11:58 B C:\GMMD\Apache\htdocs\circuitmora\js\tiny_mce\plugins\fullpage\images\fullpage.gif --> www.ribsys.com /circuit/js/tiny_mce/plugins/fullpage/images fullpage.gif
2008.01.03 11:58 B C:\GMMD\Apache\htdocs\circuitmora\js\tiny_mce\plugins\fullpage\images\move_down.gif --> www.ribsys.com /circuit/js/tiny_mce/plugins/fullpage/images move_down.gif
2008.01.03 11:58 B C:\GMMD\Apache\htdocs\circuitmora\js\tiny_mce\plugins\fullpage\images\move_up.gif --> www.ribsys.com /circuit/js/tiny_mce/plugins/fullpage/images move_up.gif
2008.01.03 11:58 B C:\GMMD\Apache\htdocs\circuitmora\js\tiny_mce\plugins\fullpage\images\remove.gif --> www.ribsys.com /circuit/js/tiny_mce/plugins/fullpage/images remove.gif
2008.01.03 11:58 B C:\GMMD\Apache\htdocs\circuitmora\js\tiny_mce\plugins\fullpage\images\WS_FTP.LOG --> www.ribsys.com /circuit/js/tiny_mce/plugins/fullpage/images WS_FTP.LOG
2008.01.24 10:12 B C:\GMMD\Apache\htdocs\circuitmora\js\tiny_mce\plugins\fullpage\images\add.gif --> www.circuitmoradebre.com /public_html/web/js/tiny_mce/plugins/fullpage/images add.gif
2008.01.24 10:12 B C:\GMMD\Apache\htdocs\circuitmora\js\tiny_mce\plugins\fullpage\images\fullpage.gif --> www.circuitmoradebre.com /public_html/web/js/tiny_mce/plugins/fullpage/images fullpage.gif
2008.01.24 10:12 B C:\GMMD\Apache\htdocs\circuitmora\js\tiny_mce\plugins\fullpage\images\move_down.gif --> www.circuitmoradebre.com /public_html/web/js/tiny_mce/plugins/fullpage/images move_down.gif
2008.01.24 10:12 B C:\GMMD\Apache\htdocs\circuitmora\js\tiny_mce\plugins\fullpage\images\move_up.gif --> www.circuitmoradebre.com /public_html/web/js/tiny_mce/plugins/fullpage/images move_up.gif
2008.01.24 10:12 B C:\GMMD\Apache\htdocs\circuitmora\js\tiny_mce\plugins\fullpage\images\remove.gif --> www.circuitmoradebre.com /public_html/web/js/tiny_mce/plugins/fullpage/images remove.gif
2008.01.24 10:12 B C:\GMMD\Apache\htdocs\circuitmora\js\tiny_mce\plugins\fullpage\images\WS_FTP.LOG --> www.circuitmoradebre.com /public_html/web/js/tiny_mce/plugins/fullpage/images WS_FTP.LOG
2008.08.07 16:29 B C:\GMMD\Apache\htdocs\rs\js\tiny_mce\plugins\fullpage\images\add.gif --> www.ribsys.com /web/js/tiny_mce/plugins/fullpage/images add.gif
2008.08.07 16:29 B C:\GMMD\Apache\htdocs\rs\js\tiny_mce\plugins\fullpage\images\fullpage.gif --> www.ribsys.com /web/js/tiny_mce/plugins/fullpage/images fullpage.gif
2008.08.07 16:29 B C:\GMMD\Apache\htdocs\rs\js\tiny_mce\plugins\fullpage\images\move_down.gif --> www.ribsys.com /web/js/tiny_mce/plugins/fullpage/images move_down.gif
2008.08.07 16:29 B C:\GMMD\Apache\htdocs\rs\js\tiny_mce\plugins\fullpage\images\move_up.gif --> www.ribsys.com /web/js/tiny_mce/plugins/fullpage/images move_up.gif
2008.08.07 16:29 B C:\GMMD\Apache\htdocs\rs\js\tiny_mce\plugins\fullpage\images\remove.gif --> www.ribsys.com /web/js/tiny_mce/plugins/fullpage/images remove.gif
2008.08.07 16:29 B C:\GMMD\Apache\htdocs\rs\js\tiny_mce\plugins\fullpage\images\WS_FTP.LOG --> www.ribsys.com /web/js/tiny_mce/plugins/fullpage/images WS_FTP.LOG
