2007.12.20 18:36 B C:\GMMD\Apache\htdocs\radio\js\tiny_mce\plugins\xhtmlxtras\images\abbr.gif --> www.radiospsp.com /js/tiny_mce/plugins/xhtmlxtras/images abbr.gif
2007.12.20 18:36 B C:\GMMD\Apache\htdocs\radio\js\tiny_mce\plugins\xhtmlxtras\images\acronym.gif --> www.radiospsp.com /js/tiny_mce/plugins/xhtmlxtras/images acronym.gif
2007.12.20 18:36 B C:\GMMD\Apache\htdocs\radio\js\tiny_mce\plugins\xhtmlxtras\images\attribs.gif --> www.radiospsp.com /js/tiny_mce/plugins/xhtmlxtras/images attribs.gif
2007.12.20 18:36 B C:\GMMD\Apache\htdocs\radio\js\tiny_mce\plugins\xhtmlxtras\images\cite.gif --> www.radiospsp.com /js/tiny_mce/plugins/xhtmlxtras/images cite.gif
2007.12.20 18:36 B C:\GMMD\Apache\htdocs\radio\js\tiny_mce\plugins\xhtmlxtras\images\date_time.gif --> www.radiospsp.com /js/tiny_mce/plugins/xhtmlxtras/images date_time.gif
2007.12.20 18:36 B C:\GMMD\Apache\htdocs\radio\js\tiny_mce\plugins\xhtmlxtras\images\del.gif --> www.radiospsp.com /js/tiny_mce/plugins/xhtmlxtras/images del.gif
2007.12.20 18:36 B C:\GMMD\Apache\htdocs\radio\js\tiny_mce\plugins\xhtmlxtras\images\ins.gif --> www.radiospsp.com /js/tiny_mce/plugins/xhtmlxtras/images ins.gif
2007.12.20 18:36 B C:\GMMD\Apache\htdocs\radio\js\tiny_mce\plugins\xhtmlxtras\images\remove_button_bg.gif --> www.radiospsp.com /js/tiny_mce/plugins/xhtmlxtras/images remove_button_bg.gif
2008.01.03 12:03 B C:\GMMD\Apache\htdocs\circuitmora\js\tiny_mce\plugins\xhtmlxtras\images\abbr.gif --> www.ribsys.com /circuit/js/tiny_mce/plugins/xhtmlxtras/images abbr.gif
2008.01.03 12:03 B C:\GMMD\Apache\htdocs\circuitmora\js\tiny_mce\plugins\xhtmlxtras\images\acronym.gif --> www.ribsys.com /circuit/js/tiny_mce/plugins/xhtmlxtras/images acronym.gif
2008.01.03 12:03 B C:\GMMD\Apache\htdocs\circuitmora\js\tiny_mce\plugins\xhtmlxtras\images\attribs.gif --> www.ribsys.com /circuit/js/tiny_mce/plugins/xhtmlxtras/images attribs.gif
2008.01.03 12:03 B C:\GMMD\Apache\htdocs\circuitmora\js\tiny_mce\plugins\xhtmlxtras\images\cite.gif --> www.ribsys.com /circuit/js/tiny_mce/plugins/xhtmlxtras/images cite.gif
2008.01.03 12:03 B C:\GMMD\Apache\htdocs\circuitmora\js\tiny_mce\plugins\xhtmlxtras\images\date_time.gif --> www.ribsys.com /circuit/js/tiny_mce/plugins/xhtmlxtras/images date_time.gif
2008.01.03 12:03 B C:\GMMD\Apache\htdocs\circuitmora\js\tiny_mce\plugins\xhtmlxtras\images\del.gif --> www.ribsys.com /circuit/js/tiny_mce/plugins/xhtmlxtras/images del.gif
2008.01.03 12:03 B C:\GMMD\Apache\htdocs\circuitmora\js\tiny_mce\plugins\xhtmlxtras\images\ins.gif --> www.ribsys.com /circuit/js/tiny_mce/plugins/xhtmlxtras/images ins.gif
2008.01.03 12:03 B C:\GMMD\Apache\htdocs\circuitmora\js\tiny_mce\plugins\xhtmlxtras\images\remove_button_bg.gif --> www.ribsys.com /circuit/js/tiny_mce/plugins/xhtmlxtras/images remove_button_bg.gif
2008.01.03 12:03 B C:\GMMD\Apache\htdocs\circuitmora\js\tiny_mce\plugins\xhtmlxtras\images\WS_FTP.LOG --> www.ribsys.com /circuit/js/tiny_mce/plugins/xhtmlxtras/images WS_FTP.LOG
2008.01.24 10:21 B C:\GMMD\Apache\htdocs\circuitmora\js\tiny_mce\plugins\xhtmlxtras\images\abbr.gif --> www.circuitmoradebre.com /public_html/web/js/tiny_mce/plugins/xhtmlxtras/images abbr.gif
2008.01.24 10:21 B C:\GMMD\Apache\htdocs\circuitmora\js\tiny_mce\plugins\xhtmlxtras\images\acronym.gif --> www.circuitmoradebre.com /public_html/web/js/tiny_mce/plugins/xhtmlxtras/images acronym.gif
2008.01.24 10:21 B C:\GMMD\Apache\htdocs\circuitmora\js\tiny_mce\plugins\xhtmlxtras\images\attribs.gif --> www.circuitmoradebre.com /public_html/web/js/tiny_mce/plugins/xhtmlxtras/images attribs.gif
2008.01.24 10:21 B C:\GMMD\Apache\htdocs\circuitmora\js\tiny_mce\plugins\xhtmlxtras\images\cite.gif --> www.circuitmoradebre.com /public_html/web/js/tiny_mce/plugins/xhtmlxtras/images cite.gif
2008.01.24 10:21 B C:\GMMD\Apache\htdocs\circuitmora\js\tiny_mce\plugins\xhtmlxtras\images\date_time.gif --> www.circuitmoradebre.com /public_html/web/js/tiny_mce/plugins/xhtmlxtras/images date_time.gif
2008.01.24 10:21 B C:\GMMD\Apache\htdocs\circuitmora\js\tiny_mce\plugins\xhtmlxtras\images\del.gif --> www.circuitmoradebre.com /public_html/web/js/tiny_mce/plugins/xhtmlxtras/images del.gif
2008.01.24 10:21 B C:\GMMD\Apache\htdocs\circuitmora\js\tiny_mce\plugins\xhtmlxtras\images\ins.gif --> www.circuitmoradebre.com /public_html/web/js/tiny_mce/plugins/xhtmlxtras/images ins.gif
2008.01.24 10:21 B C:\GMMD\Apache\htdocs\circuitmora\js\tiny_mce\plugins\xhtmlxtras\images\remove_button_bg.gif --> www.circuitmoradebre.com /public_html/web/js/tiny_mce/plugins/xhtmlxtras/images remove_button_bg.gif
2008.01.24 10:21 B C:\GMMD\Apache\htdocs\circuitmora\js\tiny_mce\plugins\xhtmlxtras\images\WS_FTP.LOG --> www.circuitmoradebre.com /public_html/web/js/tiny_mce/plugins/xhtmlxtras/images WS_FTP.LOG
2008.08.07 16:33 B C:\GMMD\Apache\htdocs\rs\js\tiny_mce\plugins\xhtmlxtras\images\abbr.gif --> www.ribsys.com /web/js/tiny_mce/plugins/xhtmlxtras/images abbr.gif
2008.08.07 16:33 B C:\GMMD\Apache\htdocs\rs\js\tiny_mce\plugins\xhtmlxtras\images\acronym.gif --> www.ribsys.com /web/js/tiny_mce/plugins/xhtmlxtras/images acronym.gif
2008.08.07 16:33 B C:\GMMD\Apache\htdocs\rs\js\tiny_mce\plugins\xhtmlxtras\images\attribs.gif --> www.ribsys.com /web/js/tiny_mce/plugins/xhtmlxtras/images attribs.gif
2008.08.07 16:33 B C:\GMMD\Apache\htdocs\rs\js\tiny_mce\plugins\xhtmlxtras\images\cite.gif --> www.ribsys.com /web/js/tiny_mce/plugins/xhtmlxtras/images cite.gif
2008.08.07 16:33 B C:\GMMD\Apache\htdocs\rs\js\tiny_mce\plugins\xhtmlxtras\images\date_time.gif --> www.ribsys.com /web/js/tiny_mce/plugins/xhtmlxtras/images date_time.gif
2008.08.07 16:33 B C:\GMMD\Apache\htdocs\rs\js\tiny_mce\plugins\xhtmlxtras\images\del.gif --> www.ribsys.com /web/js/tiny_mce/plugins/xhtmlxtras/images del.gif
2008.08.07 16:33 B C:\GMMD\Apache\htdocs\rs\js\tiny_mce\plugins\xhtmlxtras\images\ins.gif --> www.ribsys.com /web/js/tiny_mce/plugins/xhtmlxtras/images ins.gif
2008.08.07 16:33 B C:\GMMD\Apache\htdocs\rs\js\tiny_mce\plugins\xhtmlxtras\images\remove_button_bg.gif --> www.ribsys.com /web/js/tiny_mce/plugins/xhtmlxtras/images remove_button_bg.gif
2008.08.07 16:33 B C:\GMMD\Apache\htdocs\rs\js\tiny_mce\plugins\xhtmlxtras\images\WS_FTP.LOG --> www.ribsys.com /web/js/tiny_mce/plugins/xhtmlxtras/images WS_FTP.LOG
