2007.12.20 18:32 B C:\GMMD\Apache\htdocs\radio\js\tiny_mce\plugins\layer\images\absolute.gif --> www.radiospsp.com /js/tiny_mce/plugins/layer/images absolute.gif
2007.12.20 18:32 B C:\GMMD\Apache\htdocs\radio\js\tiny_mce\plugins\layer\images\backward.gif --> www.radiospsp.com /js/tiny_mce/plugins/layer/images backward.gif
2007.12.20 18:32 B C:\GMMD\Apache\htdocs\radio\js\tiny_mce\plugins\layer\images\forward.gif --> www.radiospsp.com /js/tiny_mce/plugins/layer/images forward.gif
2007.12.20 18:32 B C:\GMMD\Apache\htdocs\radio\js\tiny_mce\plugins\layer\images\insert_layer.gif --> www.radiospsp.com /js/tiny_mce/plugins/layer/images insert_layer.gif
2007.12.20 18:32 B C:\GMMD\Apache\htdocs\radio\js\tiny_mce\plugins\layer\images\insertlayer.gif --> www.radiospsp.com /js/tiny_mce/plugins/layer/images insertlayer.gif
2007.12.20 18:32 B C:\GMMD\Apache\htdocs\radio\js\tiny_mce\plugins\layer\images\movebackward.gif --> www.radiospsp.com /js/tiny_mce/plugins/layer/images movebackward.gif
2007.12.20 18:32 B C:\GMMD\Apache\htdocs\radio\js\tiny_mce\plugins\layer\images\moveforward.gif --> www.radiospsp.com /js/tiny_mce/plugins/layer/images moveforward.gif
2008.01.03 11:59 B C:\GMMD\Apache\htdocs\circuitmora\js\tiny_mce\plugins\layer\images\absolute.gif --> www.ribsys.com /circuit/js/tiny_mce/plugins/layer/images absolute.gif
2008.01.03 11:59 B C:\GMMD\Apache\htdocs\circuitmora\js\tiny_mce\plugins\layer\images\backward.gif --> www.ribsys.com /circuit/js/tiny_mce/plugins/layer/images backward.gif
2008.01.03 11:59 B C:\GMMD\Apache\htdocs\circuitmora\js\tiny_mce\plugins\layer\images\forward.gif --> www.ribsys.com /circuit/js/tiny_mce/plugins/layer/images forward.gif
2008.01.03 11:59 B C:\GMMD\Apache\htdocs\circuitmora\js\tiny_mce\plugins\layer\images\insert_layer.gif --> www.ribsys.com /circuit/js/tiny_mce/plugins/layer/images insert_layer.gif
2008.01.03 11:59 B C:\GMMD\Apache\htdocs\circuitmora\js\tiny_mce\plugins\layer\images\insertlayer.gif --> www.ribsys.com /circuit/js/tiny_mce/plugins/layer/images insertlayer.gif
2008.01.03 11:59 B C:\GMMD\Apache\htdocs\circuitmora\js\tiny_mce\plugins\layer\images\movebackward.gif --> www.ribsys.com /circuit/js/tiny_mce/plugins/layer/images movebackward.gif
2008.01.03 11:59 B C:\GMMD\Apache\htdocs\circuitmora\js\tiny_mce\plugins\layer\images\moveforward.gif --> www.ribsys.com /circuit/js/tiny_mce/plugins/layer/images moveforward.gif
2008.01.03 11:59 B C:\GMMD\Apache\htdocs\circuitmora\js\tiny_mce\plugins\layer\images\WS_FTP.LOG --> www.ribsys.com /circuit/js/tiny_mce/plugins/layer/images WS_FTP.LOG
2008.01.24 10:14 B C:\GMMD\Apache\htdocs\circuitmora\js\tiny_mce\plugins\layer\images\absolute.gif --> www.circuitmoradebre.com /public_html/web/js/tiny_mce/plugins/layer/images absolute.gif
2008.01.24 10:14 B C:\GMMD\Apache\htdocs\circuitmora\js\tiny_mce\plugins\layer\images\backward.gif --> www.circuitmoradebre.com /public_html/web/js/tiny_mce/plugins/layer/images backward.gif
2008.01.24 10:14 B C:\GMMD\Apache\htdocs\circuitmora\js\tiny_mce\plugins\layer\images\forward.gif --> www.circuitmoradebre.com /public_html/web/js/tiny_mce/plugins/layer/images forward.gif
2008.01.24 10:14 B C:\GMMD\Apache\htdocs\circuitmora\js\tiny_mce\plugins\layer\images\insert_layer.gif --> www.circuitmoradebre.com /public_html/web/js/tiny_mce/plugins/layer/images insert_layer.gif
2008.01.24 10:14 B C:\GMMD\Apache\htdocs\circuitmora\js\tiny_mce\plugins\layer\images\insertlayer.gif --> www.circuitmoradebre.com /public_html/web/js/tiny_mce/plugins/layer/images insertlayer.gif
2008.01.24 10:14 B C:\GMMD\Apache\htdocs\circuitmora\js\tiny_mce\plugins\layer\images\movebackward.gif --> www.circuitmoradebre.com /public_html/web/js/tiny_mce/plugins/layer/images movebackward.gif
2008.01.24 10:14 B C:\GMMD\Apache\htdocs\circuitmora\js\tiny_mce\plugins\layer\images\moveforward.gif --> www.circuitmoradebre.com /public_html/web/js/tiny_mce/plugins/layer/images moveforward.gif
2008.01.24 10:14 B C:\GMMD\Apache\htdocs\circuitmora\js\tiny_mce\plugins\layer\images\WS_FTP.LOG --> www.circuitmoradebre.com /public_html/web/js/tiny_mce/plugins/layer/images WS_FTP.LOG
2008.08.07 16:30 B C:\GMMD\Apache\htdocs\rs\js\tiny_mce\plugins\layer\images\absolute.gif --> www.ribsys.com /web/js/tiny_mce/plugins/layer/images absolute.gif
2008.08.07 16:30 B C:\GMMD\Apache\htdocs\rs\js\tiny_mce\plugins\layer\images\backward.gif --> www.ribsys.com /web/js/tiny_mce/plugins/layer/images backward.gif
2008.08.07 16:30 B C:\GMMD\Apache\htdocs\rs\js\tiny_mce\plugins\layer\images\forward.gif --> www.ribsys.com /web/js/tiny_mce/plugins/layer/images forward.gif
2008.08.07 16:30 B C:\GMMD\Apache\htdocs\rs\js\tiny_mce\plugins\layer\images\insert_layer.gif --> www.ribsys.com /web/js/tiny_mce/plugins/layer/images insert_layer.gif
2008.08.07 16:30 B C:\GMMD\Apache\htdocs\rs\js\tiny_mce\plugins\layer\images\insertlayer.gif --> www.ribsys.com /web/js/tiny_mce/plugins/layer/images insertlayer.gif
2008.08.07 16:30 B C:\GMMD\Apache\htdocs\rs\js\tiny_mce\plugins\layer\images\movebackward.gif --> www.ribsys.com /web/js/tiny_mce/plugins/layer/images movebackward.gif
2008.08.07 16:30 B C:\GMMD\Apache\htdocs\rs\js\tiny_mce\plugins\layer\images\moveforward.gif --> www.ribsys.com /web/js/tiny_mce/plugins/layer/images moveforward.gif
2008.08.07 16:30 B C:\GMMD\Apache\htdocs\rs\js\tiny_mce\plugins\layer\images\WS_FTP.LOG --> www.ribsys.com /web/js/tiny_mce/plugins/layer/images WS_FTP.LOG
