2007.12.20 18:36 B C:\GMMD\Apache\htdocs\radio\js\tiny_mce\themes\advanced\docs\en\about.htm --> www.radiospsp.com /js/tiny_mce/themes/advanced/docs/en about.htm
2007.12.20 18:36 B C:\GMMD\Apache\htdocs\radio\js\tiny_mce\themes\advanced\docs\en\common_buttons.htm --> www.radiospsp.com /js/tiny_mce/themes/advanced/docs/en common_buttons.htm
2007.12.20 18:37 B C:\GMMD\Apache\htdocs\radio\js\tiny_mce\themes\advanced\docs\en\create_accessible_content.htm --> www.radiospsp.com /js/tiny_mce/themes/advanced/docs/en create_accessible_content.htm
2007.12.20 18:37 B C:\GMMD\Apache\htdocs\radio\js\tiny_mce\themes\advanced\docs\en\index.htm --> www.radiospsp.com /js/tiny_mce/themes/advanced/docs/en index.htm
2007.12.20 18:37 B C:\GMMD\Apache\htdocs\radio\js\tiny_mce\themes\advanced\docs\en\insert_anchor_button.htm --> www.radiospsp.com /js/tiny_mce/themes/advanced/docs/en insert_anchor_button.htm
2007.12.20 18:37 B C:\GMMD\Apache\htdocs\radio\js\tiny_mce\themes\advanced\docs\en\insert_image_button.htm --> www.radiospsp.com /js/tiny_mce/themes/advanced/docs/en insert_image_button.htm
2007.12.20 18:37 B C:\GMMD\Apache\htdocs\radio\js\tiny_mce\themes\advanced\docs\en\insert_link_button.htm --> www.radiospsp.com /js/tiny_mce/themes/advanced/docs/en insert_link_button.htm
2007.12.20 18:37 B C:\GMMD\Apache\htdocs\radio\js\tiny_mce\themes\advanced\docs\en\insert_table_button.htm --> www.radiospsp.com /js/tiny_mce/themes/advanced/docs/en insert_table_button.htm
2007.12.20 18:37 B C:\GMMD\Apache\htdocs\radio\js\tiny_mce\themes\advanced\docs\en\style.css --> www.radiospsp.com /js/tiny_mce/themes/advanced/docs/en style.css
2008.01.03 12:04 B C:\GMMD\Apache\htdocs\circuitmora\js\tiny_mce\themes\advanced\docs\en\about.htm --> www.ribsys.com /circuit/js/tiny_mce/themes/advanced/docs/en about.htm
2008.01.03 12:04 B C:\GMMD\Apache\htdocs\circuitmora\js\tiny_mce\themes\advanced\docs\en\common_buttons.htm --> www.ribsys.com /circuit/js/tiny_mce/themes/advanced/docs/en common_buttons.htm
2008.01.03 12:04 B C:\GMMD\Apache\htdocs\circuitmora\js\tiny_mce\themes\advanced\docs\en\create_accessible_content.htm --> www.ribsys.com /circuit/js/tiny_mce/themes/advanced/docs/en create_accessible_content.htm
2008.01.03 12:04 B C:\GMMD\Apache\htdocs\circuitmora\js\tiny_mce\themes\advanced\docs\en\index.htm --> www.ribsys.com /circuit/js/tiny_mce/themes/advanced/docs/en index.htm
2008.01.03 12:04 B C:\GMMD\Apache\htdocs\circuitmora\js\tiny_mce\themes\advanced\docs\en\insert_anchor_button.htm --> www.ribsys.com /circuit/js/tiny_mce/themes/advanced/docs/en insert_anchor_button.htm
2008.01.03 12:04 B C:\GMMD\Apache\htdocs\circuitmora\js\tiny_mce\themes\advanced\docs\en\insert_image_button.htm --> www.ribsys.com /circuit/js/tiny_mce/themes/advanced/docs/en insert_image_button.htm
2008.01.03 12:04 B C:\GMMD\Apache\htdocs\circuitmora\js\tiny_mce\themes\advanced\docs\en\insert_link_button.htm --> www.ribsys.com /circuit/js/tiny_mce/themes/advanced/docs/en insert_link_button.htm
2008.01.03 12:04 B C:\GMMD\Apache\htdocs\circuitmora\js\tiny_mce\themes\advanced\docs\en\insert_table_button.htm --> www.ribsys.com /circuit/js/tiny_mce/themes/advanced/docs/en insert_table_button.htm
2008.01.03 12:04 B C:\GMMD\Apache\htdocs\circuitmora\js\tiny_mce\themes\advanced\docs\en\style.css --> www.ribsys.com /circuit/js/tiny_mce/themes/advanced/docs/en style.css
2008.01.03 12:04 B C:\GMMD\Apache\htdocs\circuitmora\js\tiny_mce\themes\advanced\docs\en\WS_FTP.LOG --> www.ribsys.com /circuit/js/tiny_mce/themes/advanced/docs/en WS_FTP.LOG
2008.01.24 10:22 B C:\GMMD\Apache\htdocs\circuitmora\js\tiny_mce\themes\advanced\docs\en\about.htm --> www.circuitmoradebre.com /public_html/web/js/tiny_mce/themes/advanced/docs/en about.htm
2008.01.24 10:23 B C:\GMMD\Apache\htdocs\circuitmora\js\tiny_mce\themes\advanced\docs\en\common_buttons.htm --> www.circuitmoradebre.com /public_html/web/js/tiny_mce/themes/advanced/docs/en common_buttons.htm
2008.01.24 10:23 B C:\GMMD\Apache\htdocs\circuitmora\js\tiny_mce\themes\advanced\docs\en\create_accessible_content.htm --> www.circuitmoradebre.com /public_html/web/js/tiny_mce/themes/advanced/docs/en create_accessible_content.htm
2008.01.24 10:23 B C:\GMMD\Apache\htdocs\circuitmora\js\tiny_mce\themes\advanced\docs\en\index.htm --> www.circuitmoradebre.com /public_html/web/js/tiny_mce/themes/advanced/docs/en index.htm
2008.01.24 10:23 B C:\GMMD\Apache\htdocs\circuitmora\js\tiny_mce\themes\advanced\docs\en\insert_anchor_button.htm --> www.circuitmoradebre.com /public_html/web/js/tiny_mce/themes/advanced/docs/en insert_anchor_button.htm
2008.01.24 10:23 B C:\GMMD\Apache\htdocs\circuitmora\js\tiny_mce\themes\advanced\docs\en\insert_image_button.htm --> www.circuitmoradebre.com /public_html/web/js/tiny_mce/themes/advanced/docs/en insert_image_button.htm
2008.01.24 10:23 B C:\GMMD\Apache\htdocs\circuitmora\js\tiny_mce\themes\advanced\docs\en\insert_link_button.htm --> www.circuitmoradebre.com /public_html/web/js/tiny_mce/themes/advanced/docs/en insert_link_button.htm
2008.01.24 10:23 B C:\GMMD\Apache\htdocs\circuitmora\js\tiny_mce\themes\advanced\docs\en\insert_table_button.htm --> www.circuitmoradebre.com /public_html/web/js/tiny_mce/themes/advanced/docs/en insert_table_button.htm
2008.01.24 10:23 B C:\GMMD\Apache\htdocs\circuitmora\js\tiny_mce\themes\advanced\docs\en\style.css --> www.circuitmoradebre.com /public_html/web/js/tiny_mce/themes/advanced/docs/en style.css
2008.01.24 10:23 B C:\GMMD\Apache\htdocs\circuitmora\js\tiny_mce\themes\advanced\docs\en\WS_FTP.LOG --> www.circuitmoradebre.com /public_html/web/js/tiny_mce/themes/advanced/docs/en WS_FTP.LOG
2008.08.07 16:34 B C:\GMMD\Apache\htdocs\rs\js\tiny_mce\themes\advanced\docs\en\about.htm --> www.ribsys.com /web/js/tiny_mce/themes/advanced/docs/en about.htm
2008.08.07 16:34 B C:\GMMD\Apache\htdocs\rs\js\tiny_mce\themes\advanced\docs\en\common_buttons.htm --> www.ribsys.com /web/js/tiny_mce/themes/advanced/docs/en common_buttons.htm
2008.08.07 16:34 B C:\GMMD\Apache\htdocs\rs\js\tiny_mce\themes\advanced\docs\en\create_accessible_content.htm --> www.ribsys.com /web/js/tiny_mce/themes/advanced/docs/en create_accessible_content.htm
2008.08.07 16:34 B C:\GMMD\Apache\htdocs\rs\js\tiny_mce\themes\advanced\docs\en\index.htm --> www.ribsys.com /web/js/tiny_mce/themes/advanced/docs/en index.htm
2008.08.07 16:34 B C:\GMMD\Apache\htdocs\rs\js\tiny_mce\themes\advanced\docs\en\insert_anchor_button.htm --> www.ribsys.com /web/js/tiny_mce/themes/advanced/docs/en insert_anchor_button.htm
2008.08.07 16:34 B C:\GMMD\Apache\htdocs\rs\js\tiny_mce\themes\advanced\docs\en\insert_image_button.htm --> www.ribsys.com /web/js/tiny_mce/themes/advanced/docs/en insert_image_button.htm
2008.08.07 16:34 B C:\GMMD\Apache\htdocs\rs\js\tiny_mce\themes\advanced\docs\en\insert_link_button.htm --> www.ribsys.com /web/js/tiny_mce/themes/advanced/docs/en insert_link_button.htm
2008.08.07 16:34 B C:\GMMD\Apache\htdocs\rs\js\tiny_mce\themes\advanced\docs\en\insert_table_button.htm --> www.ribsys.com /web/js/tiny_mce/themes/advanced/docs/en insert_table_button.htm
2008.08.07 16:34 B C:\GMMD\Apache\htdocs\rs\js\tiny_mce\themes\advanced\docs\en\style.css --> www.ribsys.com /web/js/tiny_mce/themes/advanced/docs/en style.css
2008.08.07 16:34 B C:\GMMD\Apache\htdocs\rs\js\tiny_mce\themes\advanced\docs\en\WS_FTP.LOG --> www.ribsys.com /web/js/tiny_mce/themes/advanced/docs/en WS_FTP.LOG
