2007.12.20 18:33 B C:\GMMD\Apache\htdocs\radio\js\tiny_mce\plugins\media\images\flash.gif --> www.radiospsp.com /js/tiny_mce/plugins/media/images flash.gif
2007.12.20 18:33 B C:\GMMD\Apache\htdocs\radio\js\tiny_mce\plugins\media\images\media.gif --> www.radiospsp.com /js/tiny_mce/plugins/media/images media.gif
2007.12.20 18:33 B C:\GMMD\Apache\htdocs\radio\js\tiny_mce\plugins\media\images\quicktime.gif --> www.radiospsp.com /js/tiny_mce/plugins/media/images quicktime.gif
2007.12.20 18:33 B C:\GMMD\Apache\htdocs\radio\js\tiny_mce\plugins\media\images\realmedia.gif --> www.radiospsp.com /js/tiny_mce/plugins/media/images realmedia.gif
2007.12.20 18:33 B C:\GMMD\Apache\htdocs\radio\js\tiny_mce\plugins\media\images\shockwave.gif --> www.radiospsp.com /js/tiny_mce/plugins/media/images shockwave.gif
2007.12.20 18:33 B C:\GMMD\Apache\htdocs\radio\js\tiny_mce\plugins\media\images\windowsmedia.gif --> www.radiospsp.com /js/tiny_mce/plugins/media/images windowsmedia.gif
2008.01.03 11:59 B C:\GMMD\Apache\htdocs\circuitmora\js\tiny_mce\plugins\media\images\flash.gif --> www.ribsys.com /circuit/js/tiny_mce/plugins/media/images flash.gif
2008.01.03 11:59 B C:\GMMD\Apache\htdocs\circuitmora\js\tiny_mce\plugins\media\images\media.gif --> www.ribsys.com /circuit/js/tiny_mce/plugins/media/images media.gif
2008.01.03 11:59 B C:\GMMD\Apache\htdocs\circuitmora\js\tiny_mce\plugins\media\images\quicktime.gif --> www.ribsys.com /circuit/js/tiny_mce/plugins/media/images quicktime.gif
2008.01.03 11:59 B C:\GMMD\Apache\htdocs\circuitmora\js\tiny_mce\plugins\media\images\realmedia.gif --> www.ribsys.com /circuit/js/tiny_mce/plugins/media/images realmedia.gif
2008.01.03 11:59 B C:\GMMD\Apache\htdocs\circuitmora\js\tiny_mce\plugins\media\images\shockwave.gif --> www.ribsys.com /circuit/js/tiny_mce/plugins/media/images shockwave.gif
2008.01.03 11:59 B C:\GMMD\Apache\htdocs\circuitmora\js\tiny_mce\plugins\media\images\windowsmedia.gif --> www.ribsys.com /circuit/js/tiny_mce/plugins/media/images windowsmedia.gif
2008.01.03 11:59 B C:\GMMD\Apache\htdocs\circuitmora\js\tiny_mce\plugins\media\images\WS_FTP.LOG --> www.ribsys.com /circuit/js/tiny_mce/plugins/media/images WS_FTP.LOG
2008.01.24 10:15 B C:\GMMD\Apache\htdocs\circuitmora\js\tiny_mce\plugins\media\images\flash.gif --> www.circuitmoradebre.com /public_html/web/js/tiny_mce/plugins/media/images flash.gif
2008.01.24 10:15 B C:\GMMD\Apache\htdocs\circuitmora\js\tiny_mce\plugins\media\images\media.gif --> www.circuitmoradebre.com /public_html/web/js/tiny_mce/plugins/media/images media.gif
2008.01.24 10:15 B C:\GMMD\Apache\htdocs\circuitmora\js\tiny_mce\plugins\media\images\quicktime.gif --> www.circuitmoradebre.com /public_html/web/js/tiny_mce/plugins/media/images quicktime.gif
2008.01.24 10:15 B C:\GMMD\Apache\htdocs\circuitmora\js\tiny_mce\plugins\media\images\realmedia.gif --> www.circuitmoradebre.com /public_html/web/js/tiny_mce/plugins/media/images realmedia.gif
2008.01.24 10:15 B C:\GMMD\Apache\htdocs\circuitmora\js\tiny_mce\plugins\media\images\shockwave.gif --> www.circuitmoradebre.com /public_html/web/js/tiny_mce/plugins/media/images shockwave.gif
2008.01.24 10:15 B C:\GMMD\Apache\htdocs\circuitmora\js\tiny_mce\plugins\media\images\windowsmedia.gif --> www.circuitmoradebre.com /public_html/web/js/tiny_mce/plugins/media/images windowsmedia.gif
2008.01.24 10:15 B C:\GMMD\Apache\htdocs\circuitmora\js\tiny_mce\plugins\media\images\WS_FTP.LOG --> www.circuitmoradebre.com /public_html/web/js/tiny_mce/plugins/media/images WS_FTP.LOG
2008.08.07 16:30 B C:\GMMD\Apache\htdocs\rs\js\tiny_mce\plugins\media\images\flash.gif --> www.ribsys.com /web/js/tiny_mce/plugins/media/images flash.gif
2008.08.07 16:30 B C:\GMMD\Apache\htdocs\rs\js\tiny_mce\plugins\media\images\media.gif --> www.ribsys.com /web/js/tiny_mce/plugins/media/images media.gif
2008.08.07 16:30 B C:\GMMD\Apache\htdocs\rs\js\tiny_mce\plugins\media\images\quicktime.gif --> www.ribsys.com /web/js/tiny_mce/plugins/media/images quicktime.gif
2008.08.07 16:30 B C:\GMMD\Apache\htdocs\rs\js\tiny_mce\plugins\media\images\realmedia.gif --> www.ribsys.com /web/js/tiny_mce/plugins/media/images realmedia.gif
2008.08.07 16:30 B C:\GMMD\Apache\htdocs\rs\js\tiny_mce\plugins\media\images\shockwave.gif --> www.ribsys.com /web/js/tiny_mce/plugins/media/images shockwave.gif
2008.08.07 16:30 B C:\GMMD\Apache\htdocs\rs\js\tiny_mce\plugins\media\images\windowsmedia.gif --> www.ribsys.com /web/js/tiny_mce/plugins/media/images windowsmedia.gif
2008.08.07 16:30 B C:\GMMD\Apache\htdocs\rs\js\tiny_mce\plugins\media\images\WS_FTP.LOG --> www.ribsys.com /web/js/tiny_mce/plugins/media/images WS_FTP.LOG
