2007.12.20 18:36 B C:\GMMD\Apache\htdocs\radio\js\tiny_mce\plugins\xhtmlxtras\abbr.htm --> www.radiospsp.com /js/tiny_mce/plugins/xhtmlxtras abbr.htm
2007.12.20 18:36 B C:\GMMD\Apache\htdocs\radio\js\tiny_mce\plugins\xhtmlxtras\acronym.htm --> www.radiospsp.com /js/tiny_mce/plugins/xhtmlxtras acronym.htm
2007.12.20 18:36 B C:\GMMD\Apache\htdocs\radio\js\tiny_mce\plugins\xhtmlxtras\attributes.htm --> www.radiospsp.com /js/tiny_mce/plugins/xhtmlxtras attributes.htm
2007.12.20 18:36 B C:\GMMD\Apache\htdocs\radio\js\tiny_mce\plugins\xhtmlxtras\cite.htm --> www.radiospsp.com /js/tiny_mce/plugins/xhtmlxtras cite.htm
2007.12.20 18:36 B C:\GMMD\Apache\htdocs\radio\js\tiny_mce\plugins\xhtmlxtras\del.htm --> www.radiospsp.com /js/tiny_mce/plugins/xhtmlxtras del.htm
2007.12.20 18:36 B C:\GMMD\Apache\htdocs\radio\js\tiny_mce\plugins\xhtmlxtras\editor_plugin.js --> www.radiospsp.com /js/tiny_mce/plugins/xhtmlxtras editor_plugin.js
2007.12.20 18:36 B C:\GMMD\Apache\htdocs\radio\js\tiny_mce\plugins\xhtmlxtras\editor_plugin_src.js --> www.radiospsp.com /js/tiny_mce/plugins/xhtmlxtras editor_plugin_src.js
2007.12.20 18:36 B C:\GMMD\Apache\htdocs\radio\js\tiny_mce\plugins\xhtmlxtras\ins.htm --> www.radiospsp.com /js/tiny_mce/plugins/xhtmlxtras ins.htm
2008.01.03 12:03 B C:\GMMD\Apache\htdocs\circuitmora\js\tiny_mce\plugins\xhtmlxtras\abbr.htm --> www.ribsys.com /circuit/js/tiny_mce/plugins/xhtmlxtras abbr.htm
2008.01.03 12:03 B C:\GMMD\Apache\htdocs\circuitmora\js\tiny_mce\plugins\xhtmlxtras\acronym.htm --> www.ribsys.com /circuit/js/tiny_mce/plugins/xhtmlxtras acronym.htm
2008.01.03 12:03 B C:\GMMD\Apache\htdocs\circuitmora\js\tiny_mce\plugins\xhtmlxtras\attributes.htm --> www.ribsys.com /circuit/js/tiny_mce/plugins/xhtmlxtras attributes.htm
2008.01.03 12:03 B C:\GMMD\Apache\htdocs\circuitmora\js\tiny_mce\plugins\xhtmlxtras\cite.htm --> www.ribsys.com /circuit/js/tiny_mce/plugins/xhtmlxtras cite.htm
2008.01.03 12:03 B C:\GMMD\Apache\htdocs\circuitmora\js\tiny_mce\plugins\xhtmlxtras\del.htm --> www.ribsys.com /circuit/js/tiny_mce/plugins/xhtmlxtras del.htm
2008.01.03 12:03 B C:\GMMD\Apache\htdocs\circuitmora\js\tiny_mce\plugins\xhtmlxtras\editor_plugin.js --> www.ribsys.com /circuit/js/tiny_mce/plugins/xhtmlxtras editor_plugin.js
2008.01.03 12:03 B C:\GMMD\Apache\htdocs\circuitmora\js\tiny_mce\plugins\xhtmlxtras\editor_plugin_src.js --> www.ribsys.com /circuit/js/tiny_mce/plugins/xhtmlxtras editor_plugin_src.js
2008.01.03 12:03 B C:\GMMD\Apache\htdocs\circuitmora\js\tiny_mce\plugins\xhtmlxtras\ins.htm --> www.ribsys.com /circuit/js/tiny_mce/plugins/xhtmlxtras ins.htm
2008.01.03 12:03 B C:\GMMD\Apache\htdocs\circuitmora\js\tiny_mce\plugins\xhtmlxtras\WS_FTP.LOG --> www.ribsys.com /circuit/js/tiny_mce/plugins/xhtmlxtras WS_FTP.LOG
2008.01.24 10:21 B C:\GMMD\Apache\htdocs\circuitmora\js\tiny_mce\plugins\xhtmlxtras\abbr.htm --> www.circuitmoradebre.com /public_html/web/js/tiny_mce/plugins/xhtmlxtras abbr.htm
2008.01.24 10:21 B C:\GMMD\Apache\htdocs\circuitmora\js\tiny_mce\plugins\xhtmlxtras\acronym.htm --> www.circuitmoradebre.com /public_html/web/js/tiny_mce/plugins/xhtmlxtras acronym.htm
2008.01.24 10:21 B C:\GMMD\Apache\htdocs\circuitmora\js\tiny_mce\plugins\xhtmlxtras\attributes.htm --> www.circuitmoradebre.com /public_html/web/js/tiny_mce/plugins/xhtmlxtras attributes.htm
2008.01.24 10:22 B C:\GMMD\Apache\htdocs\circuitmora\js\tiny_mce\plugins\xhtmlxtras\cite.htm --> www.circuitmoradebre.com /public_html/web/js/tiny_mce/plugins/xhtmlxtras cite.htm
2008.01.24 10:22 B C:\GMMD\Apache\htdocs\circuitmora\js\tiny_mce\plugins\xhtmlxtras\del.htm --> www.circuitmoradebre.com /public_html/web/js/tiny_mce/plugins/xhtmlxtras del.htm
2008.01.24 10:22 B C:\GMMD\Apache\htdocs\circuitmora\js\tiny_mce\plugins\xhtmlxtras\editor_plugin.js --> www.circuitmoradebre.com /public_html/web/js/tiny_mce/plugins/xhtmlxtras editor_plugin.js
2008.01.24 10:22 B C:\GMMD\Apache\htdocs\circuitmora\js\tiny_mce\plugins\xhtmlxtras\editor_plugin_src.js --> www.circuitmoradebre.com /public_html/web/js/tiny_mce/plugins/xhtmlxtras editor_plugin_src.js
2008.01.24 10:22 B C:\GMMD\Apache\htdocs\circuitmora\js\tiny_mce\plugins\xhtmlxtras\ins.htm --> www.circuitmoradebre.com /public_html/web/js/tiny_mce/plugins/xhtmlxtras ins.htm
2008.01.24 10:22 B C:\GMMD\Apache\htdocs\circuitmora\js\tiny_mce\plugins\xhtmlxtras\WS_FTP.LOG --> www.circuitmoradebre.com /public_html/web/js/tiny_mce/plugins/xhtmlxtras WS_FTP.LOG
2008.08.07 16:33 B C:\GMMD\Apache\htdocs\rs\js\tiny_mce\plugins\xhtmlxtras\abbr.htm --> www.ribsys.com /web/js/tiny_mce/plugins/xhtmlxtras abbr.htm
2008.08.07 16:33 B C:\GMMD\Apache\htdocs\rs\js\tiny_mce\plugins\xhtmlxtras\acronym.htm --> www.ribsys.com /web/js/tiny_mce/plugins/xhtmlxtras acronym.htm
2008.08.07 16:33 B C:\GMMD\Apache\htdocs\rs\js\tiny_mce\plugins\xhtmlxtras\attributes.htm --> www.ribsys.com /web/js/tiny_mce/plugins/xhtmlxtras attributes.htm
2008.08.07 16:33 B C:\GMMD\Apache\htdocs\rs\js\tiny_mce\plugins\xhtmlxtras\cite.htm --> www.ribsys.com /web/js/tiny_mce/plugins/xhtmlxtras cite.htm
2008.08.07 16:33 B C:\GMMD\Apache\htdocs\rs\js\tiny_mce\plugins\xhtmlxtras\del.htm --> www.ribsys.com /web/js/tiny_mce/plugins/xhtmlxtras del.htm
2008.08.07 16:33 B C:\GMMD\Apache\htdocs\rs\js\tiny_mce\plugins\xhtmlxtras\editor_plugin.js --> www.ribsys.com /web/js/tiny_mce/plugins/xhtmlxtras editor_plugin.js
2008.08.07 16:33 B C:\GMMD\Apache\htdocs\rs\js\tiny_mce\plugins\xhtmlxtras\editor_plugin_src.js --> www.ribsys.com /web/js/tiny_mce/plugins/xhtmlxtras editor_plugin_src.js
2008.08.07 16:33 B C:\GMMD\Apache\htdocs\rs\js\tiny_mce\plugins\xhtmlxtras\ins.htm --> www.ribsys.com /web/js/tiny_mce/plugins/xhtmlxtras ins.htm
2008.08.07 16:33 B C:\GMMD\Apache\htdocs\rs\js\tiny_mce\plugins\xhtmlxtras\WS_FTP.LOG --> www.ribsys.com /web/js/tiny_mce/plugins/xhtmlxtras WS_FTP.LOG
