2007.12.20 18:37 B C:\GMMD\Apache\htdocs\radio\js\tiny_mce\themes\advanced\about.htm --> www.radiospsp.com /js/tiny_mce/themes/advanced about.htm
2007.12.20 18:37 B C:\GMMD\Apache\htdocs\radio\js\tiny_mce\themes\advanced\anchor.htm --> www.radiospsp.com /js/tiny_mce/themes/advanced anchor.htm
2007.12.20 18:37 B C:\GMMD\Apache\htdocs\radio\js\tiny_mce\themes\advanced\charmap.htm --> www.radiospsp.com /js/tiny_mce/themes/advanced charmap.htm
2007.12.20 18:37 B C:\GMMD\Apache\htdocs\radio\js\tiny_mce\themes\advanced\color_picker.htm --> www.radiospsp.com /js/tiny_mce/themes/advanced color_picker.htm
2007.12.20 18:37 B C:\GMMD\Apache\htdocs\radio\js\tiny_mce\themes\advanced\editor_template.js --> www.radiospsp.com /js/tiny_mce/themes/advanced editor_template.js
2007.12.20 18:37 B C:\GMMD\Apache\htdocs\radio\js\tiny_mce\themes\advanced\editor_template_src.js --> www.radiospsp.com /js/tiny_mce/themes/advanced editor_template_src.js
2007.12.20 18:37 B C:\GMMD\Apache\htdocs\radio\js\tiny_mce\themes\advanced\image.htm --> www.radiospsp.com /js/tiny_mce/themes/advanced image.htm
2007.12.20 18:37 B C:\GMMD\Apache\htdocs\radio\js\tiny_mce\themes\advanced\link.htm --> www.radiospsp.com /js/tiny_mce/themes/advanced link.htm
2007.12.20 18:37 B C:\GMMD\Apache\htdocs\radio\js\tiny_mce\themes\advanced\source_editor.htm --> www.radiospsp.com /js/tiny_mce/themes/advanced source_editor.htm
2008.01.03 12:04 B C:\GMMD\Apache\htdocs\circuitmora\js\tiny_mce\themes\advanced\about.htm --> www.ribsys.com /circuit/js/tiny_mce/themes/advanced about.htm
2008.01.03 12:04 B C:\GMMD\Apache\htdocs\circuitmora\js\tiny_mce\themes\advanced\anchor.htm --> www.ribsys.com /circuit/js/tiny_mce/themes/advanced anchor.htm
2008.01.03 12:04 B C:\GMMD\Apache\htdocs\circuitmora\js\tiny_mce\themes\advanced\charmap.htm --> www.ribsys.com /circuit/js/tiny_mce/themes/advanced charmap.htm
2008.01.03 12:04 B C:\GMMD\Apache\htdocs\circuitmora\js\tiny_mce\themes\advanced\color_picker.htm --> www.ribsys.com /circuit/js/tiny_mce/themes/advanced color_picker.htm
2008.01.03 12:05 B C:\GMMD\Apache\htdocs\circuitmora\js\tiny_mce\themes\advanced\editor_template.js --> www.ribsys.com /circuit/js/tiny_mce/themes/advanced editor_template.js
2008.01.03 12:05 B C:\GMMD\Apache\htdocs\circuitmora\js\tiny_mce\themes\advanced\editor_template_src.js --> www.ribsys.com /circuit/js/tiny_mce/themes/advanced editor_template_src.js
2008.01.03 12:05 B C:\GMMD\Apache\htdocs\circuitmora\js\tiny_mce\themes\advanced\image.htm --> www.ribsys.com /circuit/js/tiny_mce/themes/advanced image.htm
2008.01.03 12:05 B C:\GMMD\Apache\htdocs\circuitmora\js\tiny_mce\themes\advanced\link.htm --> www.ribsys.com /circuit/js/tiny_mce/themes/advanced link.htm
2008.01.03 12:05 B C:\GMMD\Apache\htdocs\circuitmora\js\tiny_mce\themes\advanced\source_editor.htm --> www.ribsys.com /circuit/js/tiny_mce/themes/advanced source_editor.htm
2008.01.03 12:05 B C:\GMMD\Apache\htdocs\circuitmora\js\tiny_mce\themes\advanced\WS_FTP.LOG --> www.ribsys.com /circuit/js/tiny_mce/themes/advanced WS_FTP.LOG
2008.01.24 10:24 B C:\GMMD\Apache\htdocs\circuitmora\js\tiny_mce\themes\advanced\about.htm --> www.circuitmoradebre.com /public_html/web/js/tiny_mce/themes/advanced about.htm
2008.01.24 10:24 B C:\GMMD\Apache\htdocs\circuitmora\js\tiny_mce\themes\advanced\anchor.htm --> www.circuitmoradebre.com /public_html/web/js/tiny_mce/themes/advanced anchor.htm
2008.01.24 10:24 B C:\GMMD\Apache\htdocs\circuitmora\js\tiny_mce\themes\advanced\charmap.htm --> www.circuitmoradebre.com /public_html/web/js/tiny_mce/themes/advanced charmap.htm
2008.01.24 10:24 B C:\GMMD\Apache\htdocs\circuitmora\js\tiny_mce\themes\advanced\color_picker.htm --> www.circuitmoradebre.com /public_html/web/js/tiny_mce/themes/advanced color_picker.htm
2008.01.24 10:24 B C:\GMMD\Apache\htdocs\circuitmora\js\tiny_mce\themes\advanced\editor_template.js --> www.circuitmoradebre.com /public_html/web/js/tiny_mce/themes/advanced editor_template.js
2008.01.24 10:24 B C:\GMMD\Apache\htdocs\circuitmora\js\tiny_mce\themes\advanced\editor_template_src.js --> www.circuitmoradebre.com /public_html/web/js/tiny_mce/themes/advanced editor_template_src.js
2008.01.24 10:24 B C:\GMMD\Apache\htdocs\circuitmora\js\tiny_mce\themes\advanced\image.htm --> www.circuitmoradebre.com /public_html/web/js/tiny_mce/themes/advanced image.htm
2008.01.24 10:24 B C:\GMMD\Apache\htdocs\circuitmora\js\tiny_mce\themes\advanced\link.htm --> www.circuitmoradebre.com /public_html/web/js/tiny_mce/themes/advanced link.htm
2008.01.24 10:24 B C:\GMMD\Apache\htdocs\circuitmora\js\tiny_mce\themes\advanced\source_editor.htm --> www.circuitmoradebre.com /public_html/web/js/tiny_mce/themes/advanced source_editor.htm
2008.01.24 10:24 B C:\GMMD\Apache\htdocs\circuitmora\js\tiny_mce\themes\advanced\WS_FTP.LOG --> www.circuitmoradebre.com /public_html/web/js/tiny_mce/themes/advanced WS_FTP.LOG
2008.08.07 16:35 B C:\GMMD\Apache\htdocs\rs\js\tiny_mce\themes\advanced\about.htm --> www.ribsys.com /web/js/tiny_mce/themes/advanced about.htm
2008.08.07 16:35 B C:\GMMD\Apache\htdocs\rs\js\tiny_mce\themes\advanced\anchor.htm --> www.ribsys.com /web/js/tiny_mce/themes/advanced anchor.htm
2008.08.07 16:35 B C:\GMMD\Apache\htdocs\rs\js\tiny_mce\themes\advanced\charmap.htm --> www.ribsys.com /web/js/tiny_mce/themes/advanced charmap.htm
2008.08.07 16:35 B C:\GMMD\Apache\htdocs\rs\js\tiny_mce\themes\advanced\color_picker.htm --> www.ribsys.com /web/js/tiny_mce/themes/advanced color_picker.htm
2008.08.07 16:35 B C:\GMMD\Apache\htdocs\rs\js\tiny_mce\themes\advanced\editor_template.js --> www.ribsys.com /web/js/tiny_mce/themes/advanced editor_template.js
2008.08.07 16:35 B C:\GMMD\Apache\htdocs\rs\js\tiny_mce\themes\advanced\editor_template_src.js --> www.ribsys.com /web/js/tiny_mce/themes/advanced editor_template_src.js
2008.08.07 16:35 B C:\GMMD\Apache\htdocs\rs\js\tiny_mce\themes\advanced\image.htm --> www.ribsys.com /web/js/tiny_mce/themes/advanced image.htm
2008.08.07 16:35 B C:\GMMD\Apache\htdocs\rs\js\tiny_mce\themes\advanced\link.htm --> www.ribsys.com /web/js/tiny_mce/themes/advanced link.htm
2008.08.07 16:35 B C:\GMMD\Apache\htdocs\rs\js\tiny_mce\themes\advanced\source_editor.htm --> www.ribsys.com /web/js/tiny_mce/themes/advanced source_editor.htm
2008.08.07 16:35 B C:\GMMD\Apache\htdocs\rs\js\tiny_mce\themes\advanced\WS_FTP.LOG --> www.ribsys.com /web/js/tiny_mce/themes/advanced WS_FTP.LOG
