2007.12.20 18:37 B C:\GMMD\Apache\htdocs\radio\js\tiny_mce\themes\advanced\images\anchor.gif --> www.radiospsp.com /js/tiny_mce/themes/advanced/images anchor.gif
2007.12.20 18:37 B C:\GMMD\Apache\htdocs\radio\js\tiny_mce\themes\advanced\images\anchor_symbol.gif --> www.radiospsp.com /js/tiny_mce/themes/advanced/images anchor_symbol.gif
2007.12.20 18:37 B C:\GMMD\Apache\htdocs\radio\js\tiny_mce\themes\advanced\images\backcolor.gif --> www.radiospsp.com /js/tiny_mce/themes/advanced/images backcolor.gif
2007.12.20 18:37 B C:\GMMD\Apache\htdocs\radio\js\tiny_mce\themes\advanced\images\bold.gif --> www.radiospsp.com /js/tiny_mce/themes/advanced/images bold.gif
2007.12.20 18:37 B C:\GMMD\Apache\htdocs\radio\js\tiny_mce\themes\advanced\images\bold_de_se.gif --> www.radiospsp.com /js/tiny_mce/themes/advanced/images bold_de_se.gif
2007.12.20 18:37 B C:\GMMD\Apache\htdocs\radio\js\tiny_mce\themes\advanced\images\bold_es.gif --> www.radiospsp.com /js/tiny_mce/themes/advanced/images bold_es.gif
2007.12.20 18:37 B C:\GMMD\Apache\htdocs\radio\js\tiny_mce\themes\advanced\images\bold_fr.gif --> www.radiospsp.com /js/tiny_mce/themes/advanced/images bold_fr.gif
2007.12.20 18:37 B C:\GMMD\Apache\htdocs\radio\js\tiny_mce\themes\advanced\images\bold_ru.gif --> www.radiospsp.com /js/tiny_mce/themes/advanced/images bold_ru.gif
2007.12.20 18:37 B C:\GMMD\Apache\htdocs\radio\js\tiny_mce\themes\advanced\images\bold_tw.gif --> www.radiospsp.com /js/tiny_mce/themes/advanced/images bold_tw.gif
2007.12.20 18:37 B C:\GMMD\Apache\htdocs\radio\js\tiny_mce\themes\advanced\images\browse.gif --> www.radiospsp.com /js/tiny_mce/themes/advanced/images browse.gif
2007.12.20 18:37 B C:\GMMD\Apache\htdocs\radio\js\tiny_mce\themes\advanced\images\bullist.gif --> www.radiospsp.com /js/tiny_mce/themes/advanced/images bullist.gif
2007.12.20 18:37 B C:\GMMD\Apache\htdocs\radio\js\tiny_mce\themes\advanced\images\button_menu.gif --> www.radiospsp.com /js/tiny_mce/themes/advanced/images button_menu.gif
2007.12.20 18:37 B C:\GMMD\Apache\htdocs\radio\js\tiny_mce\themes\advanced\images\buttons.gif --> www.radiospsp.com /js/tiny_mce/themes/advanced/images buttons.gif
2007.12.20 18:37 B C:\GMMD\Apache\htdocs\radio\js\tiny_mce\themes\advanced\images\cancel_button_bg.gif --> www.radiospsp.com /js/tiny_mce/themes/advanced/images cancel_button_bg.gif
2007.12.20 18:37 B C:\GMMD\Apache\htdocs\radio\js\tiny_mce\themes\advanced\images\charmap.gif --> www.radiospsp.com /js/tiny_mce/themes/advanced/images charmap.gif
2007.12.20 18:37 B C:\GMMD\Apache\htdocs\radio\js\tiny_mce\themes\advanced\images\cleanup.gif --> www.radiospsp.com /js/tiny_mce/themes/advanced/images cleanup.gif
2007.12.20 18:37 B C:\GMMD\Apache\htdocs\radio\js\tiny_mce\themes\advanced\images\close.gif --> www.radiospsp.com /js/tiny_mce/themes/advanced/images close.gif
2007.12.20 18:37 B C:\GMMD\Apache\htdocs\radio\js\tiny_mce\themes\advanced\images\code.gif --> www.radiospsp.com /js/tiny_mce/themes/advanced/images code.gif
2007.12.20 18:37 B C:\GMMD\Apache\htdocs\radio\js\tiny_mce\themes\advanced\images\color.gif --> www.radiospsp.com /js/tiny_mce/themes/advanced/images color.gif
2007.12.20 18:37 B C:\GMMD\Apache\htdocs\radio\js\tiny_mce\themes\advanced\images\colors.jpg --> www.radiospsp.com /js/tiny_mce/themes/advanced/images colors.jpg
2007.12.20 18:37 B C:\GMMD\Apache\htdocs\radio\js\tiny_mce\themes\advanced\images\copy.gif --> www.radiospsp.com /js/tiny_mce/themes/advanced/images copy.gif
2007.12.20 18:37 B C:\GMMD\Apache\htdocs\radio\js\tiny_mce\themes\advanced\images\custom_1.gif --> www.radiospsp.com /js/tiny_mce/themes/advanced/images custom_1.gif
2007.12.20 18:37 B C:\GMMD\Apache\htdocs\radio\js\tiny_mce\themes\advanced\images\cut.gif --> www.radiospsp.com /js/tiny_mce/themes/advanced/images cut.gif
2007.12.20 18:37 B C:\GMMD\Apache\htdocs\radio\js\tiny_mce\themes\advanced\images\forecolor.gif --> www.radiospsp.com /js/tiny_mce/themes/advanced/images forecolor.gif
2007.12.20 18:37 B C:\GMMD\Apache\htdocs\radio\js\tiny_mce\themes\advanced\images\help.gif --> www.radiospsp.com /js/tiny_mce/themes/advanced/images help.gif
2007.12.20 18:37 B C:\GMMD\Apache\htdocs\radio\js\tiny_mce\themes\advanced\images\hr.gif --> www.radiospsp.com /js/tiny_mce/themes/advanced/images hr.gif
2007.12.20 18:37 B C:\GMMD\Apache\htdocs\radio\js\tiny_mce\themes\advanced\images\image.gif --> www.radiospsp.com /js/tiny_mce/themes/advanced/images image.gif
2007.12.20 18:37 B C:\GMMD\Apache\htdocs\radio\js\tiny_mce\themes\advanced\images\indent.gif --> www.radiospsp.com /js/tiny_mce/themes/advanced/images indent.gif
2007.12.20 18:37 B C:\GMMD\Apache\htdocs\radio\js\tiny_mce\themes\advanced\images\insert_button_bg.gif --> www.radiospsp.com /js/tiny_mce/themes/advanced/images insert_button_bg.gif
2007.12.20 18:37 B C:\GMMD\Apache\htdocs\radio\js\tiny_mce\themes\advanced\images\italic.gif --> www.radiospsp.com /js/tiny_mce/themes/advanced/images italic.gif
2007.12.20 18:37 B C:\GMMD\Apache\htdocs\radio\js\tiny_mce\themes\advanced\images\italic_de_se.gif --> www.radiospsp.com /js/tiny_mce/themes/advanced/images italic_de_se.gif
2007.12.20 18:37 B C:\GMMD\Apache\htdocs\radio\js\tiny_mce\themes\advanced\images\italic_es.gif --> www.radiospsp.com /js/tiny_mce/themes/advanced/images italic_es.gif
2007.12.20 18:37 B C:\GMMD\Apache\htdocs\radio\js\tiny_mce\themes\advanced\images\italic_ru.gif --> www.radiospsp.com /js/tiny_mce/themes/advanced/images italic_ru.gif
2007.12.20 18:37 B C:\GMMD\Apache\htdocs\radio\js\tiny_mce\themes\advanced\images\italic_tw.gif --> www.radiospsp.com /js/tiny_mce/themes/advanced/images italic_tw.gif
2007.12.20 18:37 B C:\GMMD\Apache\htdocs\radio\js\tiny_mce\themes\advanced\images\justifycenter.gif --> www.radiospsp.com /js/tiny_mce/themes/advanced/images justifycenter.gif
2007.12.20 18:37 B C:\GMMD\Apache\htdocs\radio\js\tiny_mce\themes\advanced\images\justifyfull.gif --> www.radiospsp.com /js/tiny_mce/themes/advanced/images justifyfull.gif
2007.12.20 18:37 B C:\GMMD\Apache\htdocs\radio\js\tiny_mce\themes\advanced\images\justifyleft.gif --> www.radiospsp.com /js/tiny_mce/themes/advanced/images justifyleft.gif
2007.12.20 18:37 B C:\GMMD\Apache\htdocs\radio\js\tiny_mce\themes\advanced\images\justifyright.gif --> www.radiospsp.com /js/tiny_mce/themes/advanced/images justifyright.gif
2007.12.20 18:37 B C:\GMMD\Apache\htdocs\radio\js\tiny_mce\themes\advanced\images\link.gif --> www.radiospsp.com /js/tiny_mce/themes/advanced/images link.gif
2007.12.20 18:37 B C:\GMMD\Apache\htdocs\radio\js\tiny_mce\themes\advanced\images\menu_check.gif --> www.radiospsp.com /js/tiny_mce/themes/advanced/images menu_check.gif
2007.12.20 18:37 B C:\GMMD\Apache\htdocs\radio\js\tiny_mce\themes\advanced\images\newdocument.gif --> www.radiospsp.com /js/tiny_mce/themes/advanced/images newdocument.gif
2007.12.20 18:37 B C:\GMMD\Apache\htdocs\radio\js\tiny_mce\themes\advanced\images\numlist.gif --> www.radiospsp.com /js/tiny_mce/themes/advanced/images numlist.gif
2007.12.20 18:37 B C:\GMMD\Apache\htdocs\radio\js\tiny_mce\themes\advanced\images\opacity.png --> www.radiospsp.com /js/tiny_mce/themes/advanced/images opacity.png
2007.12.20 18:37 B C:\GMMD\Apache\htdocs\radio\js\tiny_mce\themes\advanced\images\outdent.gif --> www.radiospsp.com /js/tiny_mce/themes/advanced/images outdent.gif
2007.12.20 18:37 B C:\GMMD\Apache\htdocs\radio\js\tiny_mce\themes\advanced\images\paste.gif --> www.radiospsp.com /js/tiny_mce/themes/advanced/images paste.gif
2007.12.20 18:37 B C:\GMMD\Apache\htdocs\radio\js\tiny_mce\themes\advanced\images\redo.gif --> www.radiospsp.com /js/tiny_mce/themes/advanced/images redo.gif
2007.12.20 18:37 B C:\GMMD\Apache\htdocs\radio\js\tiny_mce\themes\advanced\images\removeformat.gif --> www.radiospsp.com /js/tiny_mce/themes/advanced/images removeformat.gif
2007.12.20 18:37 B C:\GMMD\Apache\htdocs\radio\js\tiny_mce\themes\advanced\images\separator.gif --> www.radiospsp.com /js/tiny_mce/themes/advanced/images separator.gif
2007.12.20 18:37 B C:\GMMD\Apache\htdocs\radio\js\tiny_mce\themes\advanced\images\spacer.gif --> www.radiospsp.com /js/tiny_mce/themes/advanced/images spacer.gif
2007.12.20 18:37 B C:\GMMD\Apache\htdocs\radio\js\tiny_mce\themes\advanced\images\statusbar_resize.gif --> www.radiospsp.com /js/tiny_mce/themes/advanced/images statusbar_resize.gif
2007.12.20 18:37 B C:\GMMD\Apache\htdocs\radio\js\tiny_mce\themes\advanced\images\strikethrough.gif --> www.radiospsp.com /js/tiny_mce/themes/advanced/images strikethrough.gif
2007.12.20 18:37 B C:\GMMD\Apache\htdocs\radio\js\tiny_mce\themes\advanced\images\sub.gif --> www.radiospsp.com /js/tiny_mce/themes/advanced/images sub.gif
2007.12.20 18:37 B C:\GMMD\Apache\htdocs\radio\js\tiny_mce\themes\advanced\images\sup.gif --> www.radiospsp.com /js/tiny_mce/themes/advanced/images sup.gif
2007.12.20 18:37 B C:\GMMD\Apache\htdocs\radio\js\tiny_mce\themes\advanced\images\underline.gif --> www.radiospsp.com /js/tiny_mce/themes/advanced/images underline.gif
2007.12.20 18:37 B C:\GMMD\Apache\htdocs\radio\js\tiny_mce\themes\advanced\images\underline_es.gif --> www.radiospsp.com /js/tiny_mce/themes/advanced/images underline_es.gif
2007.12.20 18:37 B C:\GMMD\Apache\htdocs\radio\js\tiny_mce\themes\advanced\images\underline_fr.gif --> www.radiospsp.com /js/tiny_mce/themes/advanced/images underline_fr.gif
2007.12.20 18:37 B C:\GMMD\Apache\htdocs\radio\js\tiny_mce\themes\advanced\images\underline_ru.gif --> www.radiospsp.com /js/tiny_mce/themes/advanced/images underline_ru.gif
2007.12.20 18:37 B C:\GMMD\Apache\htdocs\radio\js\tiny_mce\themes\advanced\images\underline_tw.gif --> www.radiospsp.com /js/tiny_mce/themes/advanced/images underline_tw.gif
2007.12.20 18:37 B C:\GMMD\Apache\htdocs\radio\js\tiny_mce\themes\advanced\images\undo.gif --> www.radiospsp.com /js/tiny_mce/themes/advanced/images undo.gif
2007.12.20 18:37 B C:\GMMD\Apache\htdocs\radio\js\tiny_mce\themes\advanced\images\unlink.gif --> www.radiospsp.com /js/tiny_mce/themes/advanced/images unlink.gif
2007.12.20 18:37 B C:\GMMD\Apache\htdocs\radio\js\tiny_mce\themes\advanced\images\visualaid.gif --> www.radiospsp.com /js/tiny_mce/themes/advanced/images visualaid.gif
2008.01.03 12:04 B C:\GMMD\Apache\htdocs\circuitmora\js\tiny_mce\themes\advanced\images\anchor.gif --> www.ribsys.com /circuit/js/tiny_mce/themes/advanced/images anchor.gif
2008.01.03 12:04 B C:\GMMD\Apache\htdocs\circuitmora\js\tiny_mce\themes\advanced\images\anchor_symbol.gif --> www.ribsys.com /circuit/js/tiny_mce/themes/advanced/images anchor_symbol.gif
2008.01.03 12:04 B C:\GMMD\Apache\htdocs\circuitmora\js\tiny_mce\themes\advanced\images\backcolor.gif --> www.ribsys.com /circuit/js/tiny_mce/themes/advanced/images backcolor.gif
2008.01.03 12:04 B C:\GMMD\Apache\htdocs\circuitmora\js\tiny_mce\themes\advanced\images\bold.gif --> www.ribsys.com /circuit/js/tiny_mce/themes/advanced/images bold.gif
2008.01.03 12:04 B C:\GMMD\Apache\htdocs\circuitmora\js\tiny_mce\themes\advanced\images\bold_de_se.gif --> www.ribsys.com /circuit/js/tiny_mce/themes/advanced/images bold_de_se.gif
2008.01.03 12:04 B C:\GMMD\Apache\htdocs\circuitmora\js\tiny_mce\themes\advanced\images\bold_es.gif --> www.ribsys.com /circuit/js/tiny_mce/themes/advanced/images bold_es.gif
2008.01.03 12:04 B C:\GMMD\Apache\htdocs\circuitmora\js\tiny_mce\themes\advanced\images\bold_fr.gif --> www.ribsys.com /circuit/js/tiny_mce/themes/advanced/images bold_fr.gif
2008.01.03 12:04 B C:\GMMD\Apache\htdocs\circuitmora\js\tiny_mce\themes\advanced\images\bold_ru.gif --> www.ribsys.com /circuit/js/tiny_mce/themes/advanced/images bold_ru.gif
2008.01.03 12:04 B C:\GMMD\Apache\htdocs\circuitmora\js\tiny_mce\themes\advanced\images\bold_tw.gif --> www.ribsys.com /circuit/js/tiny_mce/themes/advanced/images bold_tw.gif
2008.01.03 12:04 B C:\GMMD\Apache\htdocs\circuitmora\js\tiny_mce\themes\advanced\images\browse.gif --> www.ribsys.com /circuit/js/tiny_mce/themes/advanced/images browse.gif
2008.01.03 12:04 B C:\GMMD\Apache\htdocs\circuitmora\js\tiny_mce\themes\advanced\images\bullist.gif --> www.ribsys.com /circuit/js/tiny_mce/themes/advanced/images bullist.gif
2008.01.03 12:04 B C:\GMMD\Apache\htdocs\circuitmora\js\tiny_mce\themes\advanced\images\button_menu.gif --> www.ribsys.com /circuit/js/tiny_mce/themes/advanced/images button_menu.gif
2008.01.03 12:04 B C:\GMMD\Apache\htdocs\circuitmora\js\tiny_mce\themes\advanced\images\buttons.gif --> www.ribsys.com /circuit/js/tiny_mce/themes/advanced/images buttons.gif
2008.01.03 12:04 B C:\GMMD\Apache\htdocs\circuitmora\js\tiny_mce\themes\advanced\images\cancel_button_bg.gif --> www.ribsys.com /circuit/js/tiny_mce/themes/advanced/images cancel_button_bg.gif
2008.01.03 12:04 B C:\GMMD\Apache\htdocs\circuitmora\js\tiny_mce\themes\advanced\images\charmap.gif --> www.ribsys.com /circuit/js/tiny_mce/themes/advanced/images charmap.gif
2008.01.03 12:04 B C:\GMMD\Apache\htdocs\circuitmora\js\tiny_mce\themes\advanced\images\cleanup.gif --> www.ribsys.com /circuit/js/tiny_mce/themes/advanced/images cleanup.gif
2008.01.03 12:04 B C:\GMMD\Apache\htdocs\circuitmora\js\tiny_mce\themes\advanced\images\close.gif --> www.ribsys.com /circuit/js/tiny_mce/themes/advanced/images close.gif
2008.01.03 12:04 B C:\GMMD\Apache\htdocs\circuitmora\js\tiny_mce\themes\advanced\images\code.gif --> www.ribsys.com /circuit/js/tiny_mce/themes/advanced/images code.gif
2008.01.03 12:04 B C:\GMMD\Apache\htdocs\circuitmora\js\tiny_mce\themes\advanced\images\color.gif --> www.ribsys.com /circuit/js/tiny_mce/themes/advanced/images color.gif
2008.01.03 12:04 B C:\GMMD\Apache\htdocs\circuitmora\js\tiny_mce\themes\advanced\images\colors.jpg --> www.ribsys.com /circuit/js/tiny_mce/themes/advanced/images colors.jpg
2008.01.03 12:04 B C:\GMMD\Apache\htdocs\circuitmora\js\tiny_mce\themes\advanced\images\copy.gif --> www.ribsys.com /circuit/js/tiny_mce/themes/advanced/images copy.gif
2008.01.03 12:04 B C:\GMMD\Apache\htdocs\circuitmora\js\tiny_mce\themes\advanced\images\custom_1.gif --> www.ribsys.com /circuit/js/tiny_mce/themes/advanced/images custom_1.gif
2008.01.03 12:04 B C:\GMMD\Apache\htdocs\circuitmora\js\tiny_mce\themes\advanced\images\cut.gif --> www.ribsys.com /circuit/js/tiny_mce/themes/advanced/images cut.gif
2008.01.03 12:04 B C:\GMMD\Apache\htdocs\circuitmora\js\tiny_mce\themes\advanced\images\forecolor.gif --> www.ribsys.com /circuit/js/tiny_mce/themes/advanced/images forecolor.gif
2008.01.03 12:04 B C:\GMMD\Apache\htdocs\circuitmora\js\tiny_mce\themes\advanced\images\help.gif --> www.ribsys.com /circuit/js/tiny_mce/themes/advanced/images help.gif
2008.01.03 12:04 B C:\GMMD\Apache\htdocs\circuitmora\js\tiny_mce\themes\advanced\images\hr.gif --> www.ribsys.com /circuit/js/tiny_mce/themes/advanced/images hr.gif
2008.01.03 12:04 B C:\GMMD\Apache\htdocs\circuitmora\js\tiny_mce\themes\advanced\images\image.gif --> www.ribsys.com /circuit/js/tiny_mce/themes/advanced/images image.gif
2008.01.03 12:04 B C:\GMMD\Apache\htdocs\circuitmora\js\tiny_mce\themes\advanced\images\indent.gif --> www.ribsys.com /circuit/js/tiny_mce/themes/advanced/images indent.gif
2008.01.03 12:04 B C:\GMMD\Apache\htdocs\circuitmora\js\tiny_mce\themes\advanced\images\insert_button_bg.gif --> www.ribsys.com /circuit/js/tiny_mce/themes/advanced/images insert_button_bg.gif
2008.01.03 12:04 B C:\GMMD\Apache\htdocs\circuitmora\js\tiny_mce\themes\advanced\images\italic.gif --> www.ribsys.com /circuit/js/tiny_mce/themes/advanced/images italic.gif
2008.01.03 12:04 B C:\GMMD\Apache\htdocs\circuitmora\js\tiny_mce\themes\advanced\images\italic_de_se.gif --> www.ribsys.com /circuit/js/tiny_mce/themes/advanced/images italic_de_se.gif
2008.01.03 12:04 B C:\GMMD\Apache\htdocs\circuitmora\js\tiny_mce\themes\advanced\images\italic_es.gif --> www.ribsys.com /circuit/js/tiny_mce/themes/advanced/images italic_es.gif
2008.01.03 12:04 B C:\GMMD\Apache\htdocs\circuitmora\js\tiny_mce\themes\advanced\images\italic_ru.gif --> www.ribsys.com /circuit/js/tiny_mce/themes/advanced/images italic_ru.gif
2008.01.03 12:04 B C:\GMMD\Apache\htdocs\circuitmora\js\tiny_mce\themes\advanced\images\italic_tw.gif --> www.ribsys.com /circuit/js/tiny_mce/themes/advanced/images italic_tw.gif
2008.01.03 12:04 B C:\GMMD\Apache\htdocs\circuitmora\js\tiny_mce\themes\advanced\images\justifycenter.gif --> www.ribsys.com /circuit/js/tiny_mce/themes/advanced/images justifycenter.gif
2008.01.03 12:04 B C:\GMMD\Apache\htdocs\circuitmora\js\tiny_mce\themes\advanced\images\justifyfull.gif --> www.ribsys.com /circuit/js/tiny_mce/themes/advanced/images justifyfull.gif
2008.01.03 12:04 B C:\GMMD\Apache\htdocs\circuitmora\js\tiny_mce\themes\advanced\images\justifyleft.gif --> www.ribsys.com /circuit/js/tiny_mce/themes/advanced/images justifyleft.gif
2008.01.03 12:04 B C:\GMMD\Apache\htdocs\circuitmora\js\tiny_mce\themes\advanced\images\justifyright.gif --> www.ribsys.com /circuit/js/tiny_mce/themes/advanced/images justifyright.gif
2008.01.03 12:04 B C:\GMMD\Apache\htdocs\circuitmora\js\tiny_mce\themes\advanced\images\link.gif --> www.ribsys.com /circuit/js/tiny_mce/themes/advanced/images link.gif
2008.01.03 12:04 B C:\GMMD\Apache\htdocs\circuitmora\js\tiny_mce\themes\advanced\images\menu_check.gif --> www.ribsys.com /circuit/js/tiny_mce/themes/advanced/images menu_check.gif
2008.01.03 12:04 B C:\GMMD\Apache\htdocs\circuitmora\js\tiny_mce\themes\advanced\images\newdocument.gif --> www.ribsys.com /circuit/js/tiny_mce/themes/advanced/images newdocument.gif
2008.01.03 12:04 B C:\GMMD\Apache\htdocs\circuitmora\js\tiny_mce\themes\advanced\images\numlist.gif --> www.ribsys.com /circuit/js/tiny_mce/themes/advanced/images numlist.gif
2008.01.03 12:04 B C:\GMMD\Apache\htdocs\circuitmora\js\tiny_mce\themes\advanced\images\opacity.png --> www.ribsys.com /circuit/js/tiny_mce/themes/advanced/images opacity.png
2008.01.03 12:04 B C:\GMMD\Apache\htdocs\circuitmora\js\tiny_mce\themes\advanced\images\outdent.gif --> www.ribsys.com /circuit/js/tiny_mce/themes/advanced/images outdent.gif
2008.01.03 12:04 B C:\GMMD\Apache\htdocs\circuitmora\js\tiny_mce\themes\advanced\images\paste.gif --> www.ribsys.com /circuit/js/tiny_mce/themes/advanced/images paste.gif
2008.01.03 12:04 B C:\GMMD\Apache\htdocs\circuitmora\js\tiny_mce\themes\advanced\images\redo.gif --> www.ribsys.com /circuit/js/tiny_mce/themes/advanced/images redo.gif
2008.01.03 12:04 B C:\GMMD\Apache\htdocs\circuitmora\js\tiny_mce\themes\advanced\images\removeformat.gif --> www.ribsys.com /circuit/js/tiny_mce/themes/advanced/images removeformat.gif
2008.01.03 12:04 B C:\GMMD\Apache\htdocs\circuitmora\js\tiny_mce\themes\advanced\images\separator.gif --> www.ribsys.com /circuit/js/tiny_mce/themes/advanced/images separator.gif
2008.01.03 12:04 B C:\GMMD\Apache\htdocs\circuitmora\js\tiny_mce\themes\advanced\images\spacer.gif --> www.ribsys.com /circuit/js/tiny_mce/themes/advanced/images spacer.gif
2008.01.03 12:04 B C:\GMMD\Apache\htdocs\circuitmora\js\tiny_mce\themes\advanced\images\statusbar_resize.gif --> www.ribsys.com /circuit/js/tiny_mce/themes/advanced/images statusbar_resize.gif
2008.01.03 12:04 B C:\GMMD\Apache\htdocs\circuitmora\js\tiny_mce\themes\advanced\images\strikethrough.gif --> www.ribsys.com /circuit/js/tiny_mce/themes/advanced/images strikethrough.gif
2008.01.03 12:04 B C:\GMMD\Apache\htdocs\circuitmora\js\tiny_mce\themes\advanced\images\sub.gif --> www.ribsys.com /circuit/js/tiny_mce/themes/advanced/images sub.gif
2008.01.03 12:04 B C:\GMMD\Apache\htdocs\circuitmora\js\tiny_mce\themes\advanced\images\sup.gif --> www.ribsys.com /circuit/js/tiny_mce/themes/advanced/images sup.gif
2008.01.03 12:04 B C:\GMMD\Apache\htdocs\circuitmora\js\tiny_mce\themes\advanced\images\underline.gif --> www.ribsys.com /circuit/js/tiny_mce/themes/advanced/images underline.gif
2008.01.03 12:04 B C:\GMMD\Apache\htdocs\circuitmora\js\tiny_mce\themes\advanced\images\underline_es.gif --> www.ribsys.com /circuit/js/tiny_mce/themes/advanced/images underline_es.gif
2008.01.03 12:04 B C:\GMMD\Apache\htdocs\circuitmora\js\tiny_mce\themes\advanced\images\underline_fr.gif --> www.ribsys.com /circuit/js/tiny_mce/themes/advanced/images underline_fr.gif
2008.01.03 12:04 B C:\GMMD\Apache\htdocs\circuitmora\js\tiny_mce\themes\advanced\images\underline_ru.gif --> www.ribsys.com /circuit/js/tiny_mce/themes/advanced/images underline_ru.gif
2008.01.03 12:04 B C:\GMMD\Apache\htdocs\circuitmora\js\tiny_mce\themes\advanced\images\underline_tw.gif --> www.ribsys.com /circuit/js/tiny_mce/themes/advanced/images underline_tw.gif
2008.01.03 12:04 B C:\GMMD\Apache\htdocs\circuitmora\js\tiny_mce\themes\advanced\images\undo.gif --> www.ribsys.com /circuit/js/tiny_mce/themes/advanced/images undo.gif
2008.01.03 12:04 B C:\GMMD\Apache\htdocs\circuitmora\js\tiny_mce\themes\advanced\images\unlink.gif --> www.ribsys.com /circuit/js/tiny_mce/themes/advanced/images unlink.gif
2008.01.03 12:04 B C:\GMMD\Apache\htdocs\circuitmora\js\tiny_mce\themes\advanced\images\visualaid.gif --> www.ribsys.com /circuit/js/tiny_mce/themes/advanced/images visualaid.gif
2008.01.03 12:04 B C:\GMMD\Apache\htdocs\circuitmora\js\tiny_mce\themes\advanced\images\WS_FTP.LOG --> www.ribsys.com /circuit/js/tiny_mce/themes/advanced/images WS_FTP.LOG
2008.01.24 10:23 B C:\GMMD\Apache\htdocs\circuitmora\js\tiny_mce\themes\advanced\images\anchor.gif --> www.circuitmoradebre.com /public_html/web/js/tiny_mce/themes/advanced/images anchor.gif
2008.01.24 10:23 B C:\GMMD\Apache\htdocs\circuitmora\js\tiny_mce\themes\advanced\images\anchor_symbol.gif --> www.circuitmoradebre.com /public_html/web/js/tiny_mce/themes/advanced/images anchor_symbol.gif
2008.01.24 10:23 B C:\GMMD\Apache\htdocs\circuitmora\js\tiny_mce\themes\advanced\images\backcolor.gif --> www.circuitmoradebre.com /public_html/web/js/tiny_mce/themes/advanced/images backcolor.gif
2008.01.24 10:23 B C:\GMMD\Apache\htdocs\circuitmora\js\tiny_mce\themes\advanced\images\bold.gif --> www.circuitmoradebre.com /public_html/web/js/tiny_mce/themes/advanced/images bold.gif
2008.01.24 10:23 B C:\GMMD\Apache\htdocs\circuitmora\js\tiny_mce\themes\advanced\images\bold_de_se.gif --> www.circuitmoradebre.com /public_html/web/js/tiny_mce/themes/advanced/images bold_de_se.gif
2008.01.24 10:23 B C:\GMMD\Apache\htdocs\circuitmora\js\tiny_mce\themes\advanced\images\bold_es.gif --> www.circuitmoradebre.com /public_html/web/js/tiny_mce/themes/advanced/images bold_es.gif
2008.01.24 10:23 B C:\GMMD\Apache\htdocs\circuitmora\js\tiny_mce\themes\advanced\images\bold_fr.gif --> www.circuitmoradebre.com /public_html/web/js/tiny_mce/themes/advanced/images bold_fr.gif
2008.01.24 10:23 B C:\GMMD\Apache\htdocs\circuitmora\js\tiny_mce\themes\advanced\images\bold_ru.gif --> www.circuitmoradebre.com /public_html/web/js/tiny_mce/themes/advanced/images bold_ru.gif
2008.01.24 10:23 B C:\GMMD\Apache\htdocs\circuitmora\js\tiny_mce\themes\advanced\images\bold_tw.gif --> www.circuitmoradebre.com /public_html/web/js/tiny_mce/themes/advanced/images bold_tw.gif
2008.01.24 10:23 B C:\GMMD\Apache\htdocs\circuitmora\js\tiny_mce\themes\advanced\images\browse.gif --> www.circuitmoradebre.com /public_html/web/js/tiny_mce/themes/advanced/images browse.gif
2008.01.24 10:23 B C:\GMMD\Apache\htdocs\circuitmora\js\tiny_mce\themes\advanced\images\bullist.gif --> www.circuitmoradebre.com /public_html/web/js/tiny_mce/themes/advanced/images bullist.gif
2008.01.24 10:23 B C:\GMMD\Apache\htdocs\circuitmora\js\tiny_mce\themes\advanced\images\button_menu.gif --> www.circuitmoradebre.com /public_html/web/js/tiny_mce/themes/advanced/images button_menu.gif
2008.01.24 10:23 B C:\GMMD\Apache\htdocs\circuitmora\js\tiny_mce\themes\advanced\images\buttons.gif --> www.circuitmoradebre.com /public_html/web/js/tiny_mce/themes/advanced/images buttons.gif
2008.01.24 10:23 B C:\GMMD\Apache\htdocs\circuitmora\js\tiny_mce\themes\advanced\images\cancel_button_bg.gif --> www.circuitmoradebre.com /public_html/web/js/tiny_mce/themes/advanced/images cancel_button_bg.gif
2008.01.24 10:23 B C:\GMMD\Apache\htdocs\circuitmora\js\tiny_mce\themes\advanced\images\charmap.gif --> www.circuitmoradebre.com /public_html/web/js/tiny_mce/themes/advanced/images charmap.gif
2008.01.24 10:23 B C:\GMMD\Apache\htdocs\circuitmora\js\tiny_mce\themes\advanced\images\cleanup.gif --> www.circuitmoradebre.com /public_html/web/js/tiny_mce/themes/advanced/images cleanup.gif
2008.01.24 10:23 B C:\GMMD\Apache\htdocs\circuitmora\js\tiny_mce\themes\advanced\images\close.gif --> www.circuitmoradebre.com /public_html/web/js/tiny_mce/themes/advanced/images close.gif
2008.01.24 10:23 B C:\GMMD\Apache\htdocs\circuitmora\js\tiny_mce\themes\advanced\images\code.gif --> www.circuitmoradebre.com /public_html/web/js/tiny_mce/themes/advanced/images code.gif
2008.01.24 10:23 B C:\GMMD\Apache\htdocs\circuitmora\js\tiny_mce\themes\advanced\images\color.gif --> www.circuitmoradebre.com /public_html/web/js/tiny_mce/themes/advanced/images color.gif
2008.01.24 10:23 B C:\GMMD\Apache\htdocs\circuitmora\js\tiny_mce\themes\advanced\images\colors.jpg --> www.circuitmoradebre.com /public_html/web/js/tiny_mce/themes/advanced/images colors.jpg
2008.01.24 10:23 B C:\GMMD\Apache\htdocs\circuitmora\js\tiny_mce\themes\advanced\images\copy.gif --> www.circuitmoradebre.com /public_html/web/js/tiny_mce/themes/advanced/images copy.gif
2008.01.24 10:23 B C:\GMMD\Apache\htdocs\circuitmora\js\tiny_mce\themes\advanced\images\custom_1.gif --> www.circuitmoradebre.com /public_html/web/js/tiny_mce/themes/advanced/images custom_1.gif
2008.01.24 10:23 B C:\GMMD\Apache\htdocs\circuitmora\js\tiny_mce\themes\advanced\images\cut.gif --> www.circuitmoradebre.com /public_html/web/js/tiny_mce/themes/advanced/images cut.gif
2008.01.24 10:23 B C:\GMMD\Apache\htdocs\circuitmora\js\tiny_mce\themes\advanced\images\forecolor.gif --> www.circuitmoradebre.com /public_html/web/js/tiny_mce/themes/advanced/images forecolor.gif
2008.01.24 10:23 B C:\GMMD\Apache\htdocs\circuitmora\js\tiny_mce\themes\advanced\images\help.gif --> www.circuitmoradebre.com /public_html/web/js/tiny_mce/themes/advanced/images help.gif
2008.01.24 10:23 B C:\GMMD\Apache\htdocs\circuitmora\js\tiny_mce\themes\advanced\images\hr.gif --> www.circuitmoradebre.com /public_html/web/js/tiny_mce/themes/advanced/images hr.gif
2008.01.24 10:23 B C:\GMMD\Apache\htdocs\circuitmora\js\tiny_mce\themes\advanced\images\image.gif --> www.circuitmoradebre.com /public_html/web/js/tiny_mce/themes/advanced/images image.gif
2008.01.24 10:23 B C:\GMMD\Apache\htdocs\circuitmora\js\tiny_mce\themes\advanced\images\indent.gif --> www.circuitmoradebre.com /public_html/web/js/tiny_mce/themes/advanced/images indent.gif
2008.01.24 10:23 B C:\GMMD\Apache\htdocs\circuitmora\js\tiny_mce\themes\advanced\images\insert_button_bg.gif --> www.circuitmoradebre.com /public_html/web/js/tiny_mce/themes/advanced/images insert_button_bg.gif
2008.01.24 10:23 B C:\GMMD\Apache\htdocs\circuitmora\js\tiny_mce\themes\advanced\images\italic.gif --> www.circuitmoradebre.com /public_html/web/js/tiny_mce/themes/advanced/images italic.gif
2008.01.24 10:23 B C:\GMMD\Apache\htdocs\circuitmora\js\tiny_mce\themes\advanced\images\italic_de_se.gif --> www.circuitmoradebre.com /public_html/web/js/tiny_mce/themes/advanced/images italic_de_se.gif
2008.01.24 10:23 B C:\GMMD\Apache\htdocs\circuitmora\js\tiny_mce\themes\advanced\images\italic_es.gif --> www.circuitmoradebre.com /public_html/web/js/tiny_mce/themes/advanced/images italic_es.gif
2008.01.24 10:23 B C:\GMMD\Apache\htdocs\circuitmora\js\tiny_mce\themes\advanced\images\italic_ru.gif --> www.circuitmoradebre.com /public_html/web/js/tiny_mce/themes/advanced/images italic_ru.gif
2008.01.24 10:23 B C:\GMMD\Apache\htdocs\circuitmora\js\tiny_mce\themes\advanced\images\italic_tw.gif --> www.circuitmoradebre.com /public_html/web/js/tiny_mce/themes/advanced/images italic_tw.gif
2008.01.24 10:23 B C:\GMMD\Apache\htdocs\circuitmora\js\tiny_mce\themes\advanced\images\justifycenter.gif --> www.circuitmoradebre.com /public_html/web/js/tiny_mce/themes/advanced/images justifycenter.gif
2008.01.24 10:23 B C:\GMMD\Apache\htdocs\circuitmora\js\tiny_mce\themes\advanced\images\justifyfull.gif --> www.circuitmoradebre.com /public_html/web/js/tiny_mce/themes/advanced/images justifyfull.gif
2008.01.24 10:23 B C:\GMMD\Apache\htdocs\circuitmora\js\tiny_mce\themes\advanced\images\justifyleft.gif --> www.circuitmoradebre.com /public_html/web/js/tiny_mce/themes/advanced/images justifyleft.gif
2008.01.24 10:23 B C:\GMMD\Apache\htdocs\circuitmora\js\tiny_mce\themes\advanced\images\justifyright.gif --> www.circuitmoradebre.com /public_html/web/js/tiny_mce/themes/advanced/images justifyright.gif
2008.01.24 10:23 B C:\GMMD\Apache\htdocs\circuitmora\js\tiny_mce\themes\advanced\images\link.gif --> www.circuitmoradebre.com /public_html/web/js/tiny_mce/themes/advanced/images link.gif
2008.01.24 10:23 B C:\GMMD\Apache\htdocs\circuitmora\js\tiny_mce\themes\advanced\images\menu_check.gif --> www.circuitmoradebre.com /public_html/web/js/tiny_mce/themes/advanced/images menu_check.gif
2008.01.24 10:23 B C:\GMMD\Apache\htdocs\circuitmora\js\tiny_mce\themes\advanced\images\newdocument.gif --> www.circuitmoradebre.com /public_html/web/js/tiny_mce/themes/advanced/images newdocument.gif
2008.01.24 10:23 B C:\GMMD\Apache\htdocs\circuitmora\js\tiny_mce\themes\advanced\images\numlist.gif --> www.circuitmoradebre.com /public_html/web/js/tiny_mce/themes/advanced/images numlist.gif
2008.01.24 10:23 B C:\GMMD\Apache\htdocs\circuitmora\js\tiny_mce\themes\advanced\images\opacity.png --> www.circuitmoradebre.com /public_html/web/js/tiny_mce/themes/advanced/images opacity.png
2008.01.24 10:23 B C:\GMMD\Apache\htdocs\circuitmora\js\tiny_mce\themes\advanced\images\outdent.gif --> www.circuitmoradebre.com /public_html/web/js/tiny_mce/themes/advanced/images outdent.gif
2008.01.24 10:24 B C:\GMMD\Apache\htdocs\circuitmora\js\tiny_mce\themes\advanced\images\paste.gif --> www.circuitmoradebre.com /public_html/web/js/tiny_mce/themes/advanced/images paste.gif
2008.01.24 10:24 B C:\GMMD\Apache\htdocs\circuitmora\js\tiny_mce\themes\advanced\images\redo.gif --> www.circuitmoradebre.com /public_html/web/js/tiny_mce/themes/advanced/images redo.gif
2008.01.24 10:24 B C:\GMMD\Apache\htdocs\circuitmora\js\tiny_mce\themes\advanced\images\removeformat.gif --> www.circuitmoradebre.com /public_html/web/js/tiny_mce/themes/advanced/images removeformat.gif
2008.01.24 10:24 B C:\GMMD\Apache\htdocs\circuitmora\js\tiny_mce\themes\advanced\images\separator.gif --> www.circuitmoradebre.com /public_html/web/js/tiny_mce/themes/advanced/images separator.gif
2008.01.24 10:24 B C:\GMMD\Apache\htdocs\circuitmora\js\tiny_mce\themes\advanced\images\spacer.gif --> www.circuitmoradebre.com /public_html/web/js/tiny_mce/themes/advanced/images spacer.gif
2008.01.24 10:24 B C:\GMMD\Apache\htdocs\circuitmora\js\tiny_mce\themes\advanced\images\statusbar_resize.gif --> www.circuitmoradebre.com /public_html/web/js/tiny_mce/themes/advanced/images statusbar_resize.gif
2008.01.24 10:24 B C:\GMMD\Apache\htdocs\circuitmora\js\tiny_mce\themes\advanced\images\strikethrough.gif --> www.circuitmoradebre.com /public_html/web/js/tiny_mce/themes/advanced/images strikethrough.gif
2008.01.24 10:24 B C:\GMMD\Apache\htdocs\circuitmora\js\tiny_mce\themes\advanced\images\sub.gif --> www.circuitmoradebre.com /public_html/web/js/tiny_mce/themes/advanced/images sub.gif
2008.01.24 10:24 B C:\GMMD\Apache\htdocs\circuitmora\js\tiny_mce\themes\advanced\images\sup.gif --> www.circuitmoradebre.com /public_html/web/js/tiny_mce/themes/advanced/images sup.gif
2008.01.24 10:24 B C:\GMMD\Apache\htdocs\circuitmora\js\tiny_mce\themes\advanced\images\underline.gif --> www.circuitmoradebre.com /public_html/web/js/tiny_mce/themes/advanced/images underline.gif
2008.01.24 10:24 B C:\GMMD\Apache\htdocs\circuitmora\js\tiny_mce\themes\advanced\images\underline_es.gif --> www.circuitmoradebre.com /public_html/web/js/tiny_mce/themes/advanced/images underline_es.gif
2008.01.24 10:24 B C:\GMMD\Apache\htdocs\circuitmora\js\tiny_mce\themes\advanced\images\underline_fr.gif --> www.circuitmoradebre.com /public_html/web/js/tiny_mce/themes/advanced/images underline_fr.gif
2008.01.24 10:24 B C:\GMMD\Apache\htdocs\circuitmora\js\tiny_mce\themes\advanced\images\underline_ru.gif --> www.circuitmoradebre.com /public_html/web/js/tiny_mce/themes/advanced/images underline_ru.gif
2008.01.24 10:24 B C:\GMMD\Apache\htdocs\circuitmora\js\tiny_mce\themes\advanced\images\underline_tw.gif --> www.circuitmoradebre.com /public_html/web/js/tiny_mce/themes/advanced/images underline_tw.gif
2008.01.24 10:24 B C:\GMMD\Apache\htdocs\circuitmora\js\tiny_mce\themes\advanced\images\undo.gif --> www.circuitmoradebre.com /public_html/web/js/tiny_mce/themes/advanced/images undo.gif
2008.01.24 10:24 B C:\GMMD\Apache\htdocs\circuitmora\js\tiny_mce\themes\advanced\images\unlink.gif --> www.circuitmoradebre.com /public_html/web/js/tiny_mce/themes/advanced/images unlink.gif
2008.01.24 10:24 B C:\GMMD\Apache\htdocs\circuitmora\js\tiny_mce\themes\advanced\images\visualaid.gif --> www.circuitmoradebre.com /public_html/web/js/tiny_mce/themes/advanced/images visualaid.gif
2008.01.24 10:24 B C:\GMMD\Apache\htdocs\circuitmora\js\tiny_mce\themes\advanced\images\WS_FTP.LOG --> www.circuitmoradebre.com /public_html/web/js/tiny_mce/themes/advanced/images WS_FTP.LOG
2008.08.07 16:34 B C:\GMMD\Apache\htdocs\rs\js\tiny_mce\themes\advanced\images\anchor.gif --> www.ribsys.com /web/js/tiny_mce/themes/advanced/images anchor.gif
2008.08.07 16:34 B C:\GMMD\Apache\htdocs\rs\js\tiny_mce\themes\advanced\images\anchor_symbol.gif --> www.ribsys.com /web/js/tiny_mce/themes/advanced/images anchor_symbol.gif
2008.08.07 16:34 B C:\GMMD\Apache\htdocs\rs\js\tiny_mce\themes\advanced\images\backcolor.gif --> www.ribsys.com /web/js/tiny_mce/themes/advanced/images backcolor.gif
2008.08.07 16:34 B C:\GMMD\Apache\htdocs\rs\js\tiny_mce\themes\advanced\images\bold.gif --> www.ribsys.com /web/js/tiny_mce/themes/advanced/images bold.gif
2008.08.07 16:34 B C:\GMMD\Apache\htdocs\rs\js\tiny_mce\themes\advanced\images\bold_de_se.gif --> www.ribsys.com /web/js/tiny_mce/themes/advanced/images bold_de_se.gif
2008.08.07 16:34 B C:\GMMD\Apache\htdocs\rs\js\tiny_mce\themes\advanced\images\bold_es.gif --> www.ribsys.com /web/js/tiny_mce/themes/advanced/images bold_es.gif
2008.08.07 16:34 B C:\GMMD\Apache\htdocs\rs\js\tiny_mce\themes\advanced\images\bold_fr.gif --> www.ribsys.com /web/js/tiny_mce/themes/advanced/images bold_fr.gif
2008.08.07 16:34 B C:\GMMD\Apache\htdocs\rs\js\tiny_mce\themes\advanced\images\bold_ru.gif --> www.ribsys.com /web/js/tiny_mce/themes/advanced/images bold_ru.gif
2008.08.07 16:34 B C:\GMMD\Apache\htdocs\rs\js\tiny_mce\themes\advanced\images\bold_tw.gif --> www.ribsys.com /web/js/tiny_mce/themes/advanced/images bold_tw.gif
2008.08.07 16:34 B C:\GMMD\Apache\htdocs\rs\js\tiny_mce\themes\advanced\images\browse.gif --> www.ribsys.com /web/js/tiny_mce/themes/advanced/images browse.gif
2008.08.07 16:34 B C:\GMMD\Apache\htdocs\rs\js\tiny_mce\themes\advanced\images\bullist.gif --> www.ribsys.com /web/js/tiny_mce/themes/advanced/images bullist.gif
2008.08.07 16:34 B C:\GMMD\Apache\htdocs\rs\js\tiny_mce\themes\advanced\images\button_menu.gif --> www.ribsys.com /web/js/tiny_mce/themes/advanced/images button_menu.gif
2008.08.07 16:34 B C:\GMMD\Apache\htdocs\rs\js\tiny_mce\themes\advanced\images\buttons.gif --> www.ribsys.com /web/js/tiny_mce/themes/advanced/images buttons.gif
2008.08.07 16:34 B C:\GMMD\Apache\htdocs\rs\js\tiny_mce\themes\advanced\images\cancel_button_bg.gif --> www.ribsys.com /web/js/tiny_mce/themes/advanced/images cancel_button_bg.gif
2008.08.07 16:34 B C:\GMMD\Apache\htdocs\rs\js\tiny_mce\themes\advanced\images\charmap.gif --> www.ribsys.com /web/js/tiny_mce/themes/advanced/images charmap.gif
2008.08.07 16:34 B C:\GMMD\Apache\htdocs\rs\js\tiny_mce\themes\advanced\images\cleanup.gif --> www.ribsys.com /web/js/tiny_mce/themes/advanced/images cleanup.gif
2008.08.07 16:34 B C:\GMMD\Apache\htdocs\rs\js\tiny_mce\themes\advanced\images\close.gif --> www.ribsys.com /web/js/tiny_mce/themes/advanced/images close.gif
2008.08.07 16:34 B C:\GMMD\Apache\htdocs\rs\js\tiny_mce\themes\advanced\images\code.gif --> www.ribsys.com /web/js/tiny_mce/themes/advanced/images code.gif
2008.08.07 16:34 B C:\GMMD\Apache\htdocs\rs\js\tiny_mce\themes\advanced\images\color.gif --> www.ribsys.com /web/js/tiny_mce/themes/advanced/images color.gif
2008.08.07 16:34 B C:\GMMD\Apache\htdocs\rs\js\tiny_mce\themes\advanced\images\colors.jpg --> www.ribsys.com /web/js/tiny_mce/themes/advanced/images colors.jpg
2008.08.07 16:34 B C:\GMMD\Apache\htdocs\rs\js\tiny_mce\themes\advanced\images\copy.gif --> www.ribsys.com /web/js/tiny_mce/themes/advanced/images copy.gif
2008.08.07 16:34 B C:\GMMD\Apache\htdocs\rs\js\tiny_mce\themes\advanced\images\custom_1.gif --> www.ribsys.com /web/js/tiny_mce/themes/advanced/images custom_1.gif
2008.08.07 16:34 B C:\GMMD\Apache\htdocs\rs\js\tiny_mce\themes\advanced\images\cut.gif --> www.ribsys.com /web/js/tiny_mce/themes/advanced/images cut.gif
2008.08.07 16:34 B C:\GMMD\Apache\htdocs\rs\js\tiny_mce\themes\advanced\images\forecolor.gif --> www.ribsys.com /web/js/tiny_mce/themes/advanced/images forecolor.gif
2008.08.07 16:34 B C:\GMMD\Apache\htdocs\rs\js\tiny_mce\themes\advanced\images\help.gif --> www.ribsys.com /web/js/tiny_mce/themes/advanced/images help.gif
2008.08.07 16:34 B C:\GMMD\Apache\htdocs\rs\js\tiny_mce\themes\advanced\images\hr.gif --> www.ribsys.com /web/js/tiny_mce/themes/advanced/images hr.gif
2008.08.07 16:34 B C:\GMMD\Apache\htdocs\rs\js\tiny_mce\themes\advanced\images\image.gif --> www.ribsys.com /web/js/tiny_mce/themes/advanced/images image.gif
2008.08.07 16:34 B C:\GMMD\Apache\htdocs\rs\js\tiny_mce\themes\advanced\images\indent.gif --> www.ribsys.com /web/js/tiny_mce/themes/advanced/images indent.gif
2008.08.07 16:34 B C:\GMMD\Apache\htdocs\rs\js\tiny_mce\themes\advanced\images\insert_button_bg.gif --> www.ribsys.com /web/js/tiny_mce/themes/advanced/images insert_button_bg.gif
2008.08.07 16:34 B C:\GMMD\Apache\htdocs\rs\js\tiny_mce\themes\advanced\images\italic.gif --> www.ribsys.com /web/js/tiny_mce/themes/advanced/images italic.gif
2008.08.07 16:34 B C:\GMMD\Apache\htdocs\rs\js\tiny_mce\themes\advanced\images\italic_de_se.gif --> www.ribsys.com /web/js/tiny_mce/themes/advanced/images italic_de_se.gif
2008.08.07 16:34 B C:\GMMD\Apache\htdocs\rs\js\tiny_mce\themes\advanced\images\italic_es.gif --> www.ribsys.com /web/js/tiny_mce/themes/advanced/images italic_es.gif
2008.08.07 16:34 B C:\GMMD\Apache\htdocs\rs\js\tiny_mce\themes\advanced\images\italic_ru.gif --> www.ribsys.com /web/js/tiny_mce/themes/advanced/images italic_ru.gif
2008.08.07 16:34 B C:\GMMD\Apache\htdocs\rs\js\tiny_mce\themes\advanced\images\italic_tw.gif --> www.ribsys.com /web/js/tiny_mce/themes/advanced/images italic_tw.gif
2008.08.07 16:34 B C:\GMMD\Apache\htdocs\rs\js\tiny_mce\themes\advanced\images\justifycenter.gif --> www.ribsys.com /web/js/tiny_mce/themes/advanced/images justifycenter.gif
2008.08.07 16:34 B C:\GMMD\Apache\htdocs\rs\js\tiny_mce\themes\advanced\images\justifyfull.gif --> www.ribsys.com /web/js/tiny_mce/themes/advanced/images justifyfull.gif
2008.08.07 16:34 B C:\GMMD\Apache\htdocs\rs\js\tiny_mce\themes\advanced\images\justifyleft.gif --> www.ribsys.com /web/js/tiny_mce/themes/advanced/images justifyleft.gif
2008.08.07 16:34 B C:\GMMD\Apache\htdocs\rs\js\tiny_mce\themes\advanced\images\justifyright.gif --> www.ribsys.com /web/js/tiny_mce/themes/advanced/images justifyright.gif
2008.08.07 16:34 B C:\GMMD\Apache\htdocs\rs\js\tiny_mce\themes\advanced\images\link.gif --> www.ribsys.com /web/js/tiny_mce/themes/advanced/images link.gif
2008.08.07 16:34 B C:\GMMD\Apache\htdocs\rs\js\tiny_mce\themes\advanced\images\menu_check.gif --> www.ribsys.com /web/js/tiny_mce/themes/advanced/images menu_check.gif
2008.08.07 16:34 B C:\GMMD\Apache\htdocs\rs\js\tiny_mce\themes\advanced\images\newdocument.gif --> www.ribsys.com /web/js/tiny_mce/themes/advanced/images newdocument.gif
2008.08.07 16:34 B C:\GMMD\Apache\htdocs\rs\js\tiny_mce\themes\advanced\images\numlist.gif --> www.ribsys.com /web/js/tiny_mce/themes/advanced/images numlist.gif
2008.08.07 16:34 B C:\GMMD\Apache\htdocs\rs\js\tiny_mce\themes\advanced\images\opacity.png --> www.ribsys.com /web/js/tiny_mce/themes/advanced/images opacity.png
2008.08.07 16:34 B C:\GMMD\Apache\htdocs\rs\js\tiny_mce\themes\advanced\images\outdent.gif --> www.ribsys.com /web/js/tiny_mce/themes/advanced/images outdent.gif
2008.08.07 16:34 B C:\GMMD\Apache\htdocs\rs\js\tiny_mce\themes\advanced\images\paste.gif --> www.ribsys.com /web/js/tiny_mce/themes/advanced/images paste.gif
2008.08.07 16:34 B C:\GMMD\Apache\htdocs\rs\js\tiny_mce\themes\advanced\images\redo.gif --> www.ribsys.com /web/js/tiny_mce/themes/advanced/images redo.gif
2008.08.07 16:34 B C:\GMMD\Apache\htdocs\rs\js\tiny_mce\themes\advanced\images\removeformat.gif --> www.ribsys.com /web/js/tiny_mce/themes/advanced/images removeformat.gif
2008.08.07 16:34 B C:\GMMD\Apache\htdocs\rs\js\tiny_mce\themes\advanced\images\separator.gif --> www.ribsys.com /web/js/tiny_mce/themes/advanced/images separator.gif
2008.08.07 16:34 B C:\GMMD\Apache\htdocs\rs\js\tiny_mce\themes\advanced\images\spacer.gif --> www.ribsys.com /web/js/tiny_mce/themes/advanced/images spacer.gif
2008.08.07 16:34 B C:\GMMD\Apache\htdocs\rs\js\tiny_mce\themes\advanced\images\statusbar_resize.gif --> www.ribsys.com /web/js/tiny_mce/themes/advanced/images statusbar_resize.gif
2008.08.07 16:34 B C:\GMMD\Apache\htdocs\rs\js\tiny_mce\themes\advanced\images\strikethrough.gif --> www.ribsys.com /web/js/tiny_mce/themes/advanced/images strikethrough.gif
2008.08.07 16:34 B C:\GMMD\Apache\htdocs\rs\js\tiny_mce\themes\advanced\images\sub.gif --> www.ribsys.com /web/js/tiny_mce/themes/advanced/images sub.gif
2008.08.07 16:34 B C:\GMMD\Apache\htdocs\rs\js\tiny_mce\themes\advanced\images\sup.gif --> www.ribsys.com /web/js/tiny_mce/themes/advanced/images sup.gif
2008.08.07 16:34 B C:\GMMD\Apache\htdocs\rs\js\tiny_mce\themes\advanced\images\underline.gif --> www.ribsys.com /web/js/tiny_mce/themes/advanced/images underline.gif
2008.08.07 16:34 B C:\GMMD\Apache\htdocs\rs\js\tiny_mce\themes\advanced\images\underline_es.gif --> www.ribsys.com /web/js/tiny_mce/themes/advanced/images underline_es.gif
2008.08.07 16:34 B C:\GMMD\Apache\htdocs\rs\js\tiny_mce\themes\advanced\images\underline_fr.gif --> www.ribsys.com /web/js/tiny_mce/themes/advanced/images underline_fr.gif
2008.08.07 16:34 B C:\GMMD\Apache\htdocs\rs\js\tiny_mce\themes\advanced\images\underline_ru.gif --> www.ribsys.com /web/js/tiny_mce/themes/advanced/images underline_ru.gif
2008.08.07 16:34 B C:\GMMD\Apache\htdocs\rs\js\tiny_mce\themes\advanced\images\underline_tw.gif --> www.ribsys.com /web/js/tiny_mce/themes/advanced/images underline_tw.gif
2008.08.07 16:34 B C:\GMMD\Apache\htdocs\rs\js\tiny_mce\themes\advanced\images\undo.gif --> www.ribsys.com /web/js/tiny_mce/themes/advanced/images undo.gif
2008.08.07 16:34 B C:\GMMD\Apache\htdocs\rs\js\tiny_mce\themes\advanced\images\unlink.gif --> www.ribsys.com /web/js/tiny_mce/themes/advanced/images unlink.gif
2008.08.07 16:34 B C:\GMMD\Apache\htdocs\rs\js\tiny_mce\themes\advanced\images\visualaid.gif --> www.ribsys.com /web/js/tiny_mce/themes/advanced/images visualaid.gif
2008.08.07 16:34 B C:\GMMD\Apache\htdocs\rs\js\tiny_mce\themes\advanced\images\WS_FTP.LOG --> www.ribsys.com /web/js/tiny_mce/themes/advanced/images WS_FTP.LOG
